Using pre-set license
Built from '2021.3/staging' branch; Version is '2021.3.14f1 (eee1884e7226) revision 15655304'; Using compiler version '192829333'; Build Type 'Release'
OS: 'Windows 10  (10.0.19044) 64bit Professional' Language: 'en' Physical Memory: 65342 MB
BatchMode: 1, IsHumanControllingUs: 0, StartBugReporterOnCrash: 0, Is64bit: 1, IsPro: 1

COMMAND LINE ARGUMENTS:
C:\Program Files\Unity\Hub\Editor\2021.3.14f1\Editor\Unity.exe
-adb2
-batchMode
-noUpm
-name
AssetImportWorker0
-projectPath
C:/Users/benja/OneDrive/Documents/The Forest
-logFile
Logs/AssetImportWorker0.log
-srvPort
51983
Successfully changed project path to: C:/Users/benja/OneDrive/Documents/The Forest
C:/Users/benja/OneDrive/Documents/The Forest
[UnityMemory] Configuration Parameters - Can be set up in boot.config
    "memorysetup-bucket-allocator-granularity=16"
    "memorysetup-bucket-allocator-bucket-count=8"
    "memorysetup-bucket-allocator-block-size=33554432"
    "memorysetup-bucket-allocator-block-count=8"
    "memorysetup-main-allocator-block-size=16777216"
    "memorysetup-thread-allocator-block-size=16777216"
    "memorysetup-gfx-main-allocator-block-size=16777216"
    "memorysetup-gfx-thread-allocator-block-size=16777216"
    "memorysetup-cache-allocator-block-size=4194304"
    "memorysetup-typetree-allocator-block-size=2097152"
    "memorysetup-profiler-bucket-allocator-granularity=16"
    "memorysetup-profiler-bucket-allocator-bucket-count=8"
    "memorysetup-profiler-bucket-allocator-block-size=33554432"
    "memorysetup-profiler-bucket-allocator-block-count=8"
    "memorysetup-profiler-allocator-block-size=16777216"
    "memorysetup-profiler-editor-allocator-block-size=1048576"
    "memorysetup-temp-allocator-size-main=16777216"
    "memorysetup-job-temp-allocator-block-size=2097152"
    "memorysetup-job-temp-allocator-block-size-background=1048576"
    "memorysetup-job-temp-allocator-reduction-small-platforms=262144"
    "memorysetup-temp-allocator-size-background-worker=32768"
    "memorysetup-temp-allocator-size-job-worker=262144"
    "memorysetup-temp-allocator-size-preload-manager=33554432"
    "memorysetup-temp-allocator-size-nav-mesh-worker=65536"
    "memorysetup-temp-allocator-size-audio-worker=65536"
    "memorysetup-temp-allocator-size-cloud-worker=32768"
    "memorysetup-temp-allocator-size-gi-baking-worker=262144"
    "memorysetup-temp-allocator-size-gfx=262144"
Refreshing native plugins compatible for Editor in 87.20 ms, found 3 plugins.
Preloading 0 native plugins for Editor in 0.00 ms.
Initialize engine version: 2021.3.14f1 (eee1884e7226)
[Subsystems] Discovering subsystems at path C:/Program Files/Unity/Hub/Editor/2021.3.14f1/Editor/Data/Resources/UnitySubsystems
[Subsystems] Discovering subsystems at path C:/Users/benja/OneDrive/Documents/The Forest/Assets
GfxDevice: creating device client; threaded=0; jobified=0
Direct3D:
    Version:  Direct3D 11.0 [level 11.1]
    Renderer: NVIDIA Quadro P2000 (ID=0x1cba)
    Vendor:   NVIDIA
    VRAM:     4018 MB
    Driver:   31.0.15.1669
Initialize mono
Mono path[0] = 'C:/Program Files/Unity/Hub/Editor/2021.3.14f1/Editor/Data/Managed'
Mono path[1] = 'C:/Program Files/Unity/Hub/Editor/2021.3.14f1/Editor/Data/MonoBleedingEdge/lib/mono/unityjit-win32'
Mono config path = 'C:/Program Files/Unity/Hub/Editor/2021.3.14f1/Editor/Data/MonoBleedingEdge/etc'
Using monoOptions --debugger-agent=transport=dt_socket,embedding=1,server=y,suspend=n,address=127.0.0.1:56640
Begin MonoManager ReloadAssembly
Registering precompiled unity dll's ...
Register platform support module: C:/Program Files/Unity/Hub/Editor/2021.3.14f1/Editor/Data/PlaybackEngines/WebGLSupport/UnityEditor.WebGL.Extensions.dll
Register platform support module: C:/Program Files/Unity/Hub/Editor/2021.3.14f1/Editor/Data/PlaybackEngines/WindowsStandaloneSupport/UnityEditor.WindowsStandalone.Extensions.dll
Registered in 0.011563 seconds.
Native extension for WindowsStandalone target not found
Native extension for WebGL target not found
Refreshing native plugins compatible for Editor in 83.26 ms, found 3 plugins.
Preloading 0 native plugins for Editor in 0.00 ms.
Mono: successfully reloaded assembly
- Completed reload, in  0.769 seconds
Domain Reload Profiling:
	ReloadAssembly (769ms)
		BeginReloadAssembly (112ms)
			ExecutionOrderSort (0ms)
			DisableScriptedObjects (0ms)
			BackupInstance (0ms)
			ReleaseScriptingObjects (0ms)
			CreateAndSetChildDomain (1ms)
		EndReloadAssembly (509ms)
			LoadAssemblies (108ms)
			RebuildTransferFunctionScriptingTraits (0ms)
			SetupTypeCache (117ms)
			ReleaseScriptCaches (0ms)
			RebuildScriptCaches (29ms)
			SetupLoadedEditorAssemblies (307ms)
				LogAssemblyErrors (0ms)
				InitializePlatformSupportModulesInManaged (10ms)
				SetLoadedEditorAssemblies (0ms)
				RefreshPlugins (83ms)
				BeforeProcessingInitializeOnLoad (1ms)
				ProcessInitializeOnLoadAttributes (158ms)
				ProcessInitializeOnLoadMethodAttributes (54ms)
				AfterProcessingInitializeOnLoad (0ms)
				EditorAssembliesLoaded (0ms)
			ExecutionOrderSort2 (0ms)
			AwakeInstancesAfterBackupRestoration (0ms)
Platform modules already initialized, skipping
Registering precompiled user dll's ...
Registered in 0.010226 seconds.
Begin MonoManager ReloadAssembly
Symbol file LoadedFromMemory doesn't match image C:\Users\benja\OneDrive\Documents\The Forest\Library\PackageCache\com.unity.visualscripting@1.7.8\Editor\VisualScripting.Core\Dependencies\YamlDotNet\Unity.VisualScripting.YamlDotNet.dll
Symbol file LoadedFromMemory doesn't match image C:\Users\benja\OneDrive\Documents\The Forest\Library\PackageCache\com.unity.visualscripting@1.7.8\Editor\VisualScripting.Core\Dependencies\DotNetZip\Unity.VisualScripting.IonicZip.dll
Native extension for WindowsStandalone target not found
Native extension for WebGL target not found
Refreshing native plugins compatible for Editor in 0.53 ms, found 3 plugins.
Preloading 0 native plugins for Editor in 0.00 ms.
Mono: successfully reloaded assembly
- Completed reload, in  1.252 seconds
Domain Reload Profiling:
	ReloadAssembly (1253ms)
		BeginReloadAssembly (140ms)
			ExecutionOrderSort (0ms)
			DisableScriptedObjects (6ms)
			BackupInstance (0ms)
			ReleaseScriptingObjects (0ms)
			CreateAndSetChildDomain (21ms)
		EndReloadAssembly (962ms)
			LoadAssemblies (121ms)
			RebuildTransferFunctionScriptingTraits (0ms)
			SetupTypeCache (323ms)
			ReleaseScriptCaches (1ms)
			RebuildScriptCaches (52ms)
			SetupLoadedEditorAssemblies (442ms)
				LogAssemblyErrors (0ms)
				InitializePlatformSupportModulesInManaged (8ms)
				SetLoadedEditorAssemblies (0ms)
				RefreshPlugins (1ms)
				BeforeProcessingInitializeOnLoad (110ms)
				ProcessInitializeOnLoadAttributes (286ms)
				ProcessInitializeOnLoadMethodAttributes (26ms)
				AfterProcessingInitializeOnLoad (11ms)
				EditorAssembliesLoaded (0ms)
			ExecutionOrderSort2 (0ms)
			AwakeInstancesAfterBackupRestoration (9ms)
Platform modules already initialized, skipping
========================================================================
Worker process is ready to serve import requests
Launched and connected shader compiler UnityShaderCompiler.exe after 0.07 seconds
Refreshing native plugins compatible for Editor in 0.61 ms, found 3 plugins.
Preloading 0 native plugins for Editor in 0.00 ms.
Unloading 3351 Unused Serialized files (Serialized files now loaded: 0)
Unloading 27 unused Assets / (113.4 KB). Loaded Objects now: 3808.
Memory consumption went from 115.3 MB to 115.2 MB.
Total: 3.508700 ms (FindLiveObjects: 0.265100 ms CreateObjectMapping: 0.174100 ms MarkObjects: 2.977200 ms  DeleteObjects: 0.091500 ms)

AssetImportParameters requested are different than current active one (requested -> active):
  custom:video-decoder-ogg-theora: a1e56fd34408186e4bbccfd4996cb3dc -> 
  custom:container-muxer-webm: aa71ff27fc2769a1b78a27578f13a17b -> 
  custom:container-demuxer-webm: 4f35f7cbe854078d1ac9338744f61a02 -> 
  custom:video-encoder-webm-vp8: eb34c28f22e8b96e1ab97ce403110664 -> 
  custom:video-codec-MediaFoundation-h265: 746d11721c4dcdbdad8f713fa42b33f4 -> 
  custom:audio-encoder-webm-vorbis: bf7c407c2cedff20999df2af8eb42d56 -> 
  custom:framework-win-MediaFoundation: 216162199b28c13a410421893ffa2e32 -> 
  custom:container-demuxer-ogg: 62fdf1f143b41e24485cea50d1cbac27 -> 
  custom:video-decoder-webm-vp8: 9c59270c3fd7afecdb556c50c9e8de78 -> 
  custom:audio-decoder-ogg-vorbis: bf7c407c2cedff20999df2af8eb42d56 -> 
========================================================================
Received Import Request.
  Time since last request: 328932.183613 seconds.
  path: Assets/Scenes/Arena.unity
  artifactKey: Guid(9fc0d4010bbf28b4594072e72b8655ab) Importer(815301076,1909f56bfc062723c751e8b465ee728b)
Start importing Assets/Scenes/Arena.unity using Guid(9fc0d4010bbf28b4594072e72b8655ab) Importer(815301076,1909f56bfc062723c751e8b465ee728b)  -> (artifact id: 'ca205c1d2906f81e6dcfff49edbf31a4') in 0.008090 seconds 
========================================================================
Received Prepare
Registering precompiled user dll's ...
Registered in 0.017488 seconds.
Begin MonoManager ReloadAssembly
Symbol file LoadedFromMemory doesn't match image C:\Users\benja\OneDrive\Documents\The Forest\Library\PackageCache\com.unity.visualscripting@1.7.8\Editor\VisualScripting.Core\Dependencies\YamlDotNet\Unity.VisualScripting.YamlDotNet.dll
Symbol file LoadedFromMemory doesn't match image C:\Users\benja\OneDrive\Documents\The Forest\Library\PackageCache\com.unity.visualscripting@1.7.8\Editor\VisualScripting.Core\Dependencies\DotNetZip\Unity.VisualScripting.IonicZip.dll
Native extension for WindowsStandalone target not found
Native extension for WebGL target not found
Refreshing native plugins compatible for Editor in 0.61 ms, found 3 plugins.
Preloading 0 native plugins for Editor in 0.00 ms.
Mono: successfully reloaded assembly
- Completed reload, in  1.519 seconds
Domain Reload Profiling:
	ReloadAssembly (1520ms)
		BeginReloadAssembly (218ms)
			ExecutionOrderSort (0ms)
			DisableScriptedObjects (16ms)
			BackupInstance (0ms)
			ReleaseScriptingObjects (0ms)
			CreateAndSetChildDomain (54ms)
		EndReloadAssembly (1163ms)
			LoadAssemblies (122ms)
			RebuildTransferFunctionScriptingTraits (0ms)
			SetupTypeCache (420ms)
			ReleaseScriptCaches (1ms)
			RebuildScriptCaches (64ms)
			SetupLoadedEditorAssemblies (488ms)
				LogAssemblyErrors (0ms)
				InitializePlatformSupportModulesInManaged (19ms)
				SetLoadedEditorAssemblies (1ms)
				RefreshPlugins (1ms)
				BeforeProcessingInitializeOnLoad (100ms)
				ProcessInitializeOnLoadAttributes (313ms)
				ProcessInitializeOnLoadMethodAttributes (36ms)
				AfterProcessingInitializeOnLoad (17ms)
				EditorAssembliesLoaded (0ms)
			ExecutionOrderSort2 (0ms)
			AwakeInstancesAfterBackupRestoration (12ms)
Platform modules already initialized, skipping
Refreshing native plugins compatible for Editor in 2.58 ms, found 3 plugins.
Preloading 0 native plugins for Editor in 0.00 ms.
Unloading 3373 Unused Serialized files (Serialized files now loaded: 0)
Unloading 35 unused Assets / (3.7 MB). Loaded Objects now: 3823.
Memory consumption went from 121.1 MB to 117.5 MB.
Total: 4.512000 ms (FindLiveObjects: 0.261800 ms CreateObjectMapping: 0.156600 ms MarkObjects: 2.614100 ms  DeleteObjects: 1.478600 ms)

AssetImportParameters requested are different than current active one (requested -> active):
  custom:video-decoder-ogg-theora: a1e56fd34408186e4bbccfd4996cb3dc -> 
  custom:container-muxer-webm: aa71ff27fc2769a1b78a27578f13a17b -> 
  custom:container-demuxer-webm: 4f35f7cbe854078d1ac9338744f61a02 -> 
  custom:video-encoder-webm-vp8: eb34c28f22e8b96e1ab97ce403110664 -> 
  custom:video-codec-MediaFoundation-h265: 746d11721c4dcdbdad8f713fa42b33f4 -> 
  custom:audio-encoder-webm-vorbis: bf7c407c2cedff20999df2af8eb42d56 -> 
  custom:framework-win-MediaFoundation: 216162199b28c13a410421893ffa2e32 -> 
  custom:container-demuxer-ogg: 62fdf1f143b41e24485cea50d1cbac27 -> 
  custom:video-decoder-webm-vp8: 9c59270c3fd7afecdb556c50c9e8de78 -> 
  custom:audio-decoder-ogg-vorbis: bf7c407c2cedff20999df2af8eb42d56 -> 
========================================================================
Received Import Request.
  Time since last request: 139.885388 seconds.
  path: Assets/Scripts/GameManager.cs
  artifactKey: Guid(e2f5df5cf735bc84994b6e4157c8492a) Importer(815301076,1909f56bfc062723c751e8b465ee728b)
Start importing Assets/Scripts/GameManager.cs using Guid(e2f5df5cf735bc84994b6e4157c8492a) Importer(815301076,1909f56bfc062723c751e8b465ee728b)  -> (artifact id: 'bb55cb4605dd7b0060971fe5522e8691') in 0.050127 seconds 
========================================================================
Received Import Request.
  Time since last request: 0.429429 seconds.
  path: Assets/Scripts/CharacterPlatform.cs
  artifactKey: Guid(572e60db0beb0994cb2798f69424eca4) Importer(815301076,1909f56bfc062723c751e8b465ee728b)
Start importing Assets/Scripts/CharacterPlatform.cs using Guid(572e60db0beb0994cb2798f69424eca4) Importer(815301076,1909f56bfc062723c751e8b465ee728b)  -> (artifact id: '3ddbcaba09c2ee4c1333fbb3d4e9f2f9') in 0.002580 seconds 
========================================================================
Received Import Request.
  Time since last request: 0.509369 seconds.
  path: Assets/Scripts/Character.cs
  artifactKey: Guid(4339e8ad15999f54bac8556a5a89df2f) Importer(815301076,1909f56bfc062723c751e8b465ee728b)
Start importing Assets/Scripts/Character.cs using Guid(4339e8ad15999f54bac8556a5a89df2f) Importer(815301076,1909f56bfc062723c751e8b465ee728b)  -> (artifact id: '19d14d2af774edf3201822463b885b03') in 0.002001 seconds 
========================================================================
Received Import Request.
  Time since last request: 0.713525 seconds.
  path: Assets/Scripts/KillPlayer.cs
  artifactKey: Guid(211b933e1f85c204ba74ec967040eaf3) Importer(815301076,1909f56bfc062723c751e8b465ee728b)
Start importing Assets/Scripts/KillPlayer.cs using Guid(211b933e1f85c204ba74ec967040eaf3) Importer(815301076,1909f56bfc062723c751e8b465ee728b)  -> (artifact id: 'f1eb6829287032869d430dceaca9d0a9') in 0.002754 seconds 
========================================================================
Received Prepare
Registering precompiled user dll's ...
Registered in 0.010039 seconds.
Begin MonoManager ReloadAssembly
Symbol file LoadedFromMemory doesn't match image C:\Users\benja\OneDrive\Documents\The Forest\Library\PackageCache\com.unity.visualscripting@1.7.8\Editor\VisualScripting.Core\Dependencies\YamlDotNet\Unity.VisualScripting.YamlDotNet.dll
Symbol file LoadedFromMemory doesn't match image C:\Users\benja\OneDrive\Documents\The Forest\Library\PackageCache\com.unity.visualscripting@1.7.8\Editor\VisualScripting.Core\Dependencies\DotNetZip\Unity.VisualScripting.IonicZip.dll
Native extension for WindowsStandalone target not found
Native extension for WebGL target not found
Refreshing native plugins compatible for Editor in 0.56 ms, found 3 plugins.
Preloading 0 native plugins for Editor in 0.00 ms.
Mono: successfully reloaded assembly
- Completed reload, in  1.287 seconds
Domain Reload Profiling:
	ReloadAssembly (1288ms)
		BeginReloadAssembly (198ms)
			ExecutionOrderSort (0ms)
			DisableScriptedObjects (7ms)
			BackupInstance (0ms)
			ReleaseScriptingObjects (0ms)
			CreateAndSetChildDomain (40ms)
		EndReloadAssembly (949ms)
			LoadAssemblies (139ms)
			RebuildTransferFunctionScriptingTraits (0ms)
			SetupTypeCache (386ms)
			ReleaseScriptCaches (1ms)
			RebuildScriptCaches (40ms)
			SetupLoadedEditorAssemblies (373ms)
				LogAssemblyErrors (0ms)
				InitializePlatformSupportModulesInManaged (15ms)
				SetLoadedEditorAssemblies (0ms)
				RefreshPlugins (1ms)
				BeforeProcessingInitializeOnLoad (86ms)
				ProcessInitializeOnLoadAttributes (231ms)
				ProcessInitializeOnLoadMethodAttributes (27ms)
				AfterProcessingInitializeOnLoad (13ms)
				EditorAssembliesLoaded (0ms)
			ExecutionOrderSort2 (0ms)
			AwakeInstancesAfterBackupRestoration (9ms)
Platform modules already initialized, skipping
Refreshing native plugins compatible for Editor in 2.33 ms, found 3 plugins.
Preloading 0 native plugins for Editor in 0.00 ms.
Unloading 3372 Unused Serialized files (Serialized files now loaded: 0)
Unloading 35 unused Assets / (3.7 MB). Loaded Objects now: 3826.
Memory consumption went from 121.3 MB to 117.6 MB.
Total: 4.997200 ms (FindLiveObjects: 0.283500 ms CreateObjectMapping: 0.218500 ms MarkObjects: 2.938800 ms  DeleteObjects: 1.555100 ms)

AssetImportParameters requested are different than current active one (requested -> active):
  custom:video-decoder-ogg-theora: a1e56fd34408186e4bbccfd4996cb3dc -> 
  custom:container-muxer-webm: aa71ff27fc2769a1b78a27578f13a17b -> 
  custom:container-demuxer-webm: 4f35f7cbe854078d1ac9338744f61a02 -> 
  custom:video-encoder-webm-vp8: eb34c28f22e8b96e1ab97ce403110664 -> 
  custom:video-codec-MediaFoundation-h265: 746d11721c4dcdbdad8f713fa42b33f4 -> 
  custom:audio-encoder-webm-vorbis: bf7c407c2cedff20999df2af8eb42d56 -> 
  custom:framework-win-MediaFoundation: 216162199b28c13a410421893ffa2e32 -> 
  custom:container-demuxer-ogg: 62fdf1f143b41e24485cea50d1cbac27 -> 
  custom:video-decoder-webm-vp8: 9c59270c3fd7afecdb556c50c9e8de78 -> 
  custom:audio-decoder-ogg-vorbis: bf7c407c2cedff20999df2af8eb42d56 -> 
========================================================================
Received Import Request.
  Time since last request: 1113.193313 seconds.
  path: Assets/Chars/aesta3.fbx
  artifactKey: Guid(c68a2ef5cb6a06c4198d80c40b55ec8b) Importer(815301076,1909f56bfc062723c751e8b465ee728b)
Start importing Assets/Chars/aesta3.fbx using Guid(c68a2ef5cb6a06c4198d80c40b55ec8b) Importer(815301076,1909f56bfc062723c751e8b465ee728b)  -> (artifact id: '81ae122156e2312e3f186803148eca30') in 1.165206 seconds 
========================================================================
Received Import Request.
  Time since last request: 0.000032 seconds.
  path: Assets/Chars/seraz4.fbx
  artifactKey: Guid(aeee7de082898094298139084b5395c5) Importer(815301076,1909f56bfc062723c751e8b465ee728b)
Start importing Assets/Chars/seraz4.fbx using Guid(aeee7de082898094298139084b5395c5) Importer(815301076,1909f56bfc062723c751e8b465ee728b)  -> (artifact id: 'b922f6a69ee4ff6e2ad1ab72f5f68dd5') in 0.180844 seconds 
========================================================================
Received Import Request.
  Time since last request: 0.000054 seconds.
  path: Assets/Chars/gavaan2.fbx
  artifactKey: Guid(db93e5b2ff2aca84f9b3cca9cd20480f) Importer(815301076,1909f56bfc062723c751e8b465ee728b)
Start importing Assets/Chars/gavaan2.fbx using Guid(db93e5b2ff2aca84f9b3cca9cd20480f) Importer(815301076,1909f56bfc062723c751e8b465ee728b)  -> (artifact id: '21cc7b8f54f640ffbf7206208311608b') in 0.183841 seconds 
========================================================================
Received Import Request.
  Time since last request: 31.790789 seconds.
  path: Assets/Chars/RuinsChars/braid01.mat
  artifactKey: Guid(3daef72eda44d0a45904b7abfbf9643e) Importer(815301076,1909f56bfc062723c751e8b465ee728b)
Start importing Assets/Chars/RuinsChars/braid01.mat using Guid(3daef72eda44d0a45904b7abfbf9643e) Importer(815301076,1909f56bfc062723c751e8b465ee728b)  -> (artifact id: '892b6bfe34ed2b4ed98229fa8004c774') in 0.025496 seconds 
========================================================================
Received Import Request.
  Time since last request: 0.000036 seconds.
  path: Assets/Chars/RuinsChars/hair_05.png
  artifactKey: Guid(705111acdb44f004192608cc7b277adb) Importer(815301076,1909f56bfc062723c751e8b465ee728b)
Start importing Assets/Chars/RuinsChars/hair_05.png using Guid(705111acdb44f004192608cc7b277adb) Importer(815301076,1909f56bfc062723c751e8b465ee728b)  -> (artifact id: '6e98f43abde7f4d41c51ef2da07676f2') in 0.024612 seconds 
========================================================================
Received Import Request.
  Time since last request: 0.000084 seconds.
  path: Assets/Chars/RuinsChars/eyes-lightblue.mat
  artifactKey: Guid(56ed55c93bfae33498fdceb77ab69897) Importer(815301076,1909f56bfc062723c751e8b465ee728b)
Start importing Assets/Chars/RuinsChars/eyes-lightblue.mat using Guid(56ed55c93bfae33498fdceb77ab69897) Importer(815301076,1909f56bfc062723c751e8b465ee728b)  -> (artifact id: '10f923ff29966e5c5f3098f8cc4b4d2c') in 0.271843 seconds 
========================================================================
Received Import Request.
  Time since last request: 0.000039 seconds.
  path: Assets/Chars/RuinsChars/vest.mat
  artifactKey: Guid(f68d12210879a9744bb0b7fb132f4535) Importer(815301076,1909f56bfc062723c751e8b465ee728b)
Start importing Assets/Chars/RuinsChars/vest.mat using Guid(f68d12210879a9744bb0b7fb132f4535) Importer(815301076,1909f56bfc062723c751e8b465ee728b)  -> (artifact id: 'd25ff76501931912655d0d81abffec21') in 0.377113 seconds 
========================================================================
Received Import Request.
  Time since last request: 0.000045 seconds.
  path: Assets/Chars/RuinsChars/male_generic.mat
  artifactKey: Guid(43c5a70b076bca14a9052ac33c5673a6) Importer(815301076,1909f56bfc062723c751e8b465ee728b)
Start importing Assets/Chars/RuinsChars/male_generic.mat using Guid(43c5a70b076bca14a9052ac33c5673a6) Importer(815301076,1909f56bfc062723c751e8b465ee728b)  -> (artifact id: '7fd3c7748118627d9b47d1e2febee094') in 0.014306 seconds 
========================================================================
Received Import Request.
  Time since last request: 0.000051 seconds.
  path: Assets/Chars/RuinsChars/ruins_serazblender3.fbx
  artifactKey: Guid(d15fda81fe750e849860105908d48b43) Importer(815301076,1909f56bfc062723c751e8b465ee728b)
Start importing Assets/Chars/RuinsChars/ruins_serazblender3.fbx using Guid(d15fda81fe750e849860105908d48b43) Importer(815301076,1909f56bfc062723c751e8b465ee728b)  -> (artifact id: 'd7f30c99226b057a5c38e8a5663c9d60') in 0.548681 seconds 
========================================================================
Received Import Request.
  Time since last request: 0.000050 seconds.
  path: Assets/Chars/RuinsChars/elvs_hazel_hair.mat
  artifactKey: Guid(333decf6ccb6e2e468740f5a17f1e11e) Importer(815301076,1909f56bfc062723c751e8b465ee728b)
Start importing Assets/Chars/RuinsChars/elvs_hazel_hair.mat using Guid(333decf6ccb6e2e468740f5a17f1e11e) Importer(815301076,1909f56bfc062723c751e8b465ee728b)  -> (artifact id: '61cfb59b9f522bb2af17da3266a2761e') in 0.015689 seconds 
========================================================================
Received Import Request.
  Time since last request: 0.000052 seconds.
  path: Assets/Chars/RuinsChars/tongue01_diffuse.png
  artifactKey: Guid(0e034b5544d3e4644bdc584317cee701) Importer(815301076,1909f56bfc062723c751e8b465ee728b)
Start importing Assets/Chars/RuinsChars/tongue01_diffuse.png using Guid(0e034b5544d3e4644bdc584317cee701) Importer(815301076,1909f56bfc062723c751e8b465ee728b)  -> (artifact id: 'a271d3199c3e5956717b75eb2dc07d0c') in 0.014113 seconds 
========================================================================
Received Import Request.
  Time since last request: 0.000030 seconds.
  path: Assets/Chars/RuinsChars/female_generic 1.mat
  artifactKey: Guid(4a707824d99544e42a73412874963e5a) Importer(815301076,1909f56bfc062723c751e8b465ee728b)
Start importing Assets/Chars/RuinsChars/female_generic 1.mat using Guid(4a707824d99544e42a73412874963e5a) Importer(815301076,1909f56bfc062723c751e8b465ee728b)  -> (artifact id: '0b4145089407fedf2fb26067aa6aca12') in 0.012636 seconds 
========================================================================
Received Import Request.
  Time since last request: 0.000027 seconds.
  path: Assets/Chars/RuinsChars/ruins_xalerieblender3.fbx
  artifactKey: Guid(760f9367c9cd3554e83872490cddcac6) Importer(815301076,1909f56bfc062723c751e8b465ee728b)
Start importing Assets/Chars/RuinsChars/ruins_xalerieblender3.fbx using Guid(760f9367c9cd3554e83872490cddcac6) Importer(815301076,1909f56bfc062723c751e8b465ee728b)  -> (artifact id: '960df2bd7730a922adcfef1a1983ef2f') in 0.247209 seconds 
========================================================================
Received Import Request.
  Time since last request: 0.000026 seconds.
  path: Assets/Chars/RuinsChars/young_lightskinned_male_diffuse_Bronze.png
  artifactKey: Guid(77f08d4cdc2fa51438ea61da3aed6af2) Importer(815301076,1909f56bfc062723c751e8b465ee728b)
Start importing Assets/Chars/RuinsChars/young_lightskinned_male_diffuse_Bronze.png using Guid(77f08d4cdc2fa51438ea61da3aed6af2) Importer(815301076,1909f56bfc062723c751e8b465ee728b)  -> (artifact id: '9ec69a4e7c20b572b5ea628265a998e7') in 0.012674 seconds 
========================================================================
Received Import Request.
  Time since last request: 0.000047 seconds.
  path: Assets/Chars/RuinsChars/eyelashes01.png
  artifactKey: Guid(a27921fbdf58dc44c8c92f4e00d3f041) Importer(815301076,1909f56bfc062723c751e8b465ee728b)
Start importing Assets/Chars/RuinsChars/eyelashes01.png using Guid(a27921fbdf58dc44c8c92f4e00d3f041) Importer(815301076,1909f56bfc062723c751e8b465ee728b)  -> (artifact id: '1f83cb8cb5b80a301dc28acb0e6c7e37') in 0.013352 seconds 
========================================================================
Received Import Request.
  Time since last request: 0.000032 seconds.
  path: Assets/Chars/RuinsChars/glasses.mat
  artifactKey: Guid(f04822b8a43494446a935687711a1f92) Importer(815301076,1909f56bfc062723c751e8b465ee728b)
Start importing Assets/Chars/RuinsChars/glasses.mat using Guid(f04822b8a43494446a935687711a1f92) Importer(815301076,1909f56bfc062723c751e8b465ee728b)  -> (artifact id: 'd2032e5c7d6848c0b10fbc270ad82a81') in 0.012254 seconds 
========================================================================
Received Import Request.
  Time since last request: 0.000017 seconds.
  path: Assets/Chars/RuinsChars/ruins_serazblender7.fbx
  artifactKey: Guid(481bfa7f042708d4694245e438de60c2) Importer(815301076,1909f56bfc062723c751e8b465ee728b)
Start importing Assets/Chars/RuinsChars/ruins_serazblender7.fbx using Guid(481bfa7f042708d4694245e438de60c2) Importer(815301076,1909f56bfc062723c751e8b465ee728b)  -> (artifact id: 'b28b438c9d4bdb9e4d928e96450f1890') in 0.225743 seconds 
========================================================================
Received Import Request.
  Time since last request: 0.000027 seconds.
  path: Assets/Chars/RuinsChars/spiky.001.mat
  artifactKey: Guid(3ec40c3a559d41c4daf3c789b300fa39) Importer(815301076,1909f56bfc062723c751e8b465ee728b)
Start importing Assets/Chars/RuinsChars/spiky.001.mat using Guid(3ec40c3a559d41c4daf3c789b300fa39) Importer(815301076,1909f56bfc062723c751e8b465ee728b)  -> (artifact id: '85a2f948e11835ce542f417261027179') in 0.015803 seconds 
========================================================================
Received Import Request.
  Time since last request: 0.000036 seconds.
  path: Assets/Chars/RuinsChars/t_shirt_basic_tucked 1.mat
  artifactKey: Guid(26a8cbd90adfef442b3c903731720d20) Importer(815301076,1909f56bfc062723c751e8b465ee728b)
Start importing Assets/Chars/RuinsChars/t_shirt_basic_tucked 1.mat using Guid(26a8cbd90adfef442b3c903731720d20) Importer(815301076,1909f56bfc062723c751e8b465ee728b)  -> (artifact id: '39d773157cdf9831d9f578977a23ce1d') in 0.013573 seconds 
========================================================================
Received Import Request.
  Time since last request: 25.235041 seconds.
  path: Assets/Chars/Animations/idle (3).fbx
  artifactKey: Guid(cbc41f6dd594e69419e831386216ece5) Importer(815301076,1909f56bfc062723c751e8b465ee728b)
Start importing Assets/Chars/Animations/idle (3).fbx using Guid(cbc41f6dd594e69419e831386216ece5) Importer(815301076,1909f56bfc062723c751e8b465ee728b)  -> (artifact id: 'fe961124d2162bb0f84615da6c4bc91d') in 0.008565 seconds 
========================================================================
Received Import Request.
  Time since last request: 0.000027 seconds.
  path: Assets/Chars/Animations/left turn.fbx
  artifactKey: Guid(8b510153a7d8c8a4c9541a4e315f3adf) Importer(815301076,1909f56bfc062723c751e8b465ee728b)
Start importing Assets/Chars/Animations/left turn.fbx using Guid(8b510153a7d8c8a4c9541a4e315f3adf) Importer(815301076,1909f56bfc062723c751e8b465ee728b)  -> (artifact id: '58fe2e8bf7de222f44fe90f77ff2b48f') in 0.011999 seconds 
========================================================================
Received Import Request.
  Time since last request: 0.000021 seconds.
  path: Assets/Chars/Animations/Walking 1.fbx
  artifactKey: Guid(1cba25002d82edd42a5a533d9bcc4dd8) Importer(815301076,1909f56bfc062723c751e8b465ee728b)
Start importing Assets/Chars/Animations/Walking 1.fbx using Guid(1cba25002d82edd42a5a533d9bcc4dd8) Importer(815301076,1909f56bfc062723c751e8b465ee728b)  -> (artifact id: 'b7d5ba7873220f34f0a391fbe3c0f358') in 0.128634 seconds 
========================================================================
Received Import Request.
  Time since last request: 42.063559 seconds.
  path: Assets/Prefabs/Blue Orb.prefab
  artifactKey: Guid(6c73b8001552bf1468ec4a12a69d8e2f) Importer(815301076,1909f56bfc062723c751e8b465ee728b)
Start importing Assets/Prefabs/Blue Orb.prefab using Guid(6c73b8001552bf1468ec4a12a69d8e2f) Importer(815301076,1909f56bfc062723c751e8b465ee728b)  -> (artifact id: '75f4d86ca8da8f28329ef4defb27a2c6') in 0.009279 seconds 
========================================================================
Received Import Request.
  Time since last request: 0.000018 seconds.
  path: Assets/Prefabs/Purple Orb.prefab
  artifactKey: Guid(dcf90fbd2b8b675429047fdf1ef1f470) Importer(815301076,1909f56bfc062723c751e8b465ee728b)
Start importing Assets/Prefabs/Purple Orb.prefab using Guid(dcf90fbd2b8b675429047fdf1ef1f470) Importer(815301076,1909f56bfc062723c751e8b465ee728b)  -> (artifact id: '6e3068d5eb4fb89616502ade17640e50') in 0.004877 seconds 
========================================================================
Received Import Request.
  Time since last request: 0.000029 seconds.
  path: Assets/Prefabs/Seraz Prefab.prefab
  artifactKey: Guid(4400b36ff5711ac468f0a7bc1950b5af) Importer(815301076,1909f56bfc062723c751e8b465ee728b)
Start importing Assets/Prefabs/Seraz Prefab.prefab using Guid(4400b36ff5711ac468f0a7bc1950b5af) Importer(815301076,1909f56bfc062723c751e8b465ee728b)  -> (artifact id: 'e2abd1480606f502f526409c5a8a6d08') in 0.054846 seconds 
========================================================================
Received Import Request.
  Time since last request: 0.000025 seconds.
  path: Assets/Prefabs/Green Orb.prefab
  artifactKey: Guid(3a6437566c97aac438ca777f6eee0f47) Importer(815301076,1909f56bfc062723c751e8b465ee728b)
Start importing Assets/Prefabs/Green Orb.prefab using Guid(3a6437566c97aac438ca777f6eee0f47) Importer(815301076,1909f56bfc062723c751e8b465ee728b)  -> (artifact id: 'c10955c67833a939218cbb2521f21a2f') in 0.005237 seconds 
========================================================================
Received Import Request.
  Time since last request: 0.000082 seconds.
  path: Assets/Prefabs/Ruins_Xalerie_Orig.prefab
  artifactKey: Guid(ff0a16b6b95dfd74a94826a72f982bb3) Importer(815301076,1909f56bfc062723c751e8b465ee728b)
Start importing Assets/Prefabs/Ruins_Xalerie_Orig.prefab using Guid(ff0a16b6b95dfd74a94826a72f982bb3) Importer(815301076,1909f56bfc062723c751e8b465ee728b)  -> (artifact id: '2e067bb8682e7fc9288fffb5a34401b4') in 0.105087 seconds 
========================================================================
Received Import Request.
  Time since last request: 0.000041 seconds.
  path: Assets/Prefabs/Ruins_Xalerie.prefab
  artifactKey: Guid(f9dd901bd928f684289f34140bbc9a00) Importer(815301076,1909f56bfc062723c751e8b465ee728b)
Start importing Assets/Prefabs/Ruins_Xalerie.prefab using Guid(f9dd901bd928f684289f34140bbc9a00) Importer(815301076,1909f56bfc062723c751e8b465ee728b)  -> (artifact id: 'da8d42aa2de3c8410d0c8c49103526a6') in 0.094886 seconds 
========================================================================
Received Import Request.
  Time since last request: 0.000085 seconds.
  path: Assets/Prefabs/Yellow Orb Variant.prefab
  artifactKey: Guid(3782d58ad7523de4e955c08953497e04) Importer(815301076,1909f56bfc062723c751e8b465ee728b)
Start importing Assets/Prefabs/Yellow Orb Variant.prefab using Guid(3782d58ad7523de4e955c08953497e04) Importer(815301076,1909f56bfc062723c751e8b465ee728b)  -> (artifact id: '0185285abdebba73e78b407625066188') in 0.006558 seconds 
========================================================================
Received Import Request.
  Time since last request: 0.000041 seconds.
  path: Assets/Prefabs/Xalerie Prefab.prefab
  artifactKey: Guid(36fca24aee8d5614f834306c1557cae8) Importer(815301076,1909f56bfc062723c751e8b465ee728b)
Start importing Assets/Prefabs/Xalerie Prefab.prefab using Guid(36fca24aee8d5614f834306c1557cae8) Importer(815301076,1909f56bfc062723c751e8b465ee728b)  -> (artifact id: '04dedb96750ee1eff623f3cea3fce317') in 0.050654 seconds 
========================================================================
Received Import Request.
  Time since last request: 0.000039 seconds.
  path: Assets/Prefabs/Ruins_Aesta_Orig.prefab
  artifactKey: Guid(11e6965ea903c0d4ba91e7c22afdc248) Importer(815301076,1909f56bfc062723c751e8b465ee728b)
Start importing Assets/Prefabs/Ruins_Aesta_Orig.prefab using Guid(11e6965ea903c0d4ba91e7c22afdc248) Importer(815301076,1909f56bfc062723c751e8b465ee728b)  -> (artifact id: 'a25c2d4fe2eb7e652a233e3d3c3a1a3e') in 0.178877 seconds 
========================================================================
Received Prepare
Registering precompiled user dll's ...
Registered in 0.029766 seconds.
Begin MonoManager ReloadAssembly
Symbol file LoadedFromMemory doesn't match image C:\Users\benja\OneDrive\Documents\The Forest\Library\PackageCache\com.unity.visualscripting@1.7.8\Editor\VisualScripting.Core\Dependencies\YamlDotNet\Unity.VisualScripting.YamlDotNet.dll
Symbol file LoadedFromMemory doesn't match image C:\Users\benja\OneDrive\Documents\The Forest\Library\PackageCache\com.unity.visualscripting@1.7.8\Editor\VisualScripting.Core\Dependencies\DotNetZip\Unity.VisualScripting.IonicZip.dll
Native extension for WindowsStandalone target not found
Native extension for WebGL target not found
Refreshing native plugins compatible for Editor in 0.77 ms, found 3 plugins.
Preloading 0 native plugins for Editor in 0.00 ms.
[ScriptCompilation] NOT recompiling all scripts because this is an import worker process. Reason to compile was: Define symbols changed
Mono: successfully reloaded assembly
- Completed reload, in  1.895 seconds
Domain Reload Profiling:
	ReloadAssembly (1896ms)
		BeginReloadAssembly (196ms)
			ExecutionOrderSort (0ms)
			DisableScriptedObjects (5ms)
			BackupInstance (0ms)
			ReleaseScriptingObjects (0ms)
			CreateAndSetChildDomain (44ms)
		EndReloadAssembly (1511ms)
			LoadAssemblies (150ms)
			RebuildTransferFunctionScriptingTraits (0ms)
			SetupTypeCache (385ms)
			ReleaseScriptCaches (2ms)
			RebuildScriptCaches (78ms)
			SetupLoadedEditorAssemblies (816ms)
				LogAssemblyErrors (0ms)
				InitializePlatformSupportModulesInManaged (26ms)
				SetLoadedEditorAssemblies (1ms)
				RefreshPlugins (1ms)
				BeforeProcessingInitializeOnLoad (127ms)
				ProcessInitializeOnLoadAttributes (598ms)
				ProcessInitializeOnLoadMethodAttributes (43ms)
				AfterProcessingInitializeOnLoad (20ms)
				EditorAssembliesLoaded (0ms)
			ExecutionOrderSort2 (0ms)
			AwakeInstancesAfterBackupRestoration (13ms)
Platform modules already initialized, skipping
Refreshing native plugins compatible for Editor in 3.81 ms, found 3 plugins.
Preloading 0 native plugins for Editor in 0.00 ms.
Unloading 3504 Unused Serialized files (Serialized files now loaded: 0)
Unloading 76 unused Assets / (7.6 MB). Loaded Objects now: 3968.
Memory consumption went from 152.6 MB to 145.0 MB.
Total: 8.131200 ms (FindLiveObjects: 0.303400 ms CreateObjectMapping: 0.224200 ms MarkObjects: 3.319800 ms  DeleteObjects: 4.282500 ms)

AssetImportParameters requested are different than current active one (requested -> active):
  custom:video-decoder-ogg-theora: a1e56fd34408186e4bbccfd4996cb3dc -> 
  custom:container-muxer-webm: aa71ff27fc2769a1b78a27578f13a17b -> 
  custom:container-demuxer-webm: 4f35f7cbe854078d1ac9338744f61a02 -> 
  custom:video-encoder-webm-vp8: eb34c28f22e8b96e1ab97ce403110664 -> 
  custom:video-codec-MediaFoundation-h265: 746d11721c4dcdbdad8f713fa42b33f4 -> 
  custom:audio-encoder-webm-vorbis: bf7c407c2cedff20999df2af8eb42d56 -> 
  custom:framework-win-MediaFoundation: 216162199b28c13a410421893ffa2e32 -> 
  custom:container-demuxer-ogg: 62fdf1f143b41e24485cea50d1cbac27 -> 
  custom:video-decoder-webm-vp8: 9c59270c3fd7afecdb556c50c9e8de78 -> 
  custom:audio-decoder-ogg-vorbis: bf7c407c2cedff20999df2af8eb42d56 -> 
========================================================================
Received Import Request.
  Time since last request: 135.725888 seconds.
  path: Assets/Prefabs/Pink Orb.prefab
  artifactKey: Guid(78c475c6797ee2648b1827bfecbf3e6d) Importer(815301076,1909f56bfc062723c751e8b465ee728b)
Start importing Assets/Prefabs/Pink Orb.prefab using Guid(78c475c6797ee2648b1827bfecbf3e6d) Importer(815301076,1909f56bfc062723c751e8b465ee728b)  -> (artifact id: '2c374f7d4f89898852933dda1bf95521') in 0.239995 seconds 
========================================================================
Received Import Request.
  Time since last request: 0.000041 seconds.
  path: Assets/Prefabs/Green Orb.prefab
  artifactKey: Guid(3a6437566c97aac438ca777f6eee0f47) Importer(815301076,1909f56bfc062723c751e8b465ee728b)
Start importing Assets/Prefabs/Green Orb.prefab using Guid(3a6437566c97aac438ca777f6eee0f47) Importer(815301076,1909f56bfc062723c751e8b465ee728b)  -> (artifact id: 'c43b6a0f6699c92ed5820fe88edfca78') in 0.061346 seconds 
========================================================================
Received Import Request.
  Time since last request: 0.000056 seconds.
  path: Assets/Prefabs/SavePoint.prefab
  artifactKey: Guid(358272bd374ea5c4ba43617f2142dd50) Importer(815301076,1909f56bfc062723c751e8b465ee728b)
Start importing Assets/Prefabs/SavePoint.prefab using Guid(358272bd374ea5c4ba43617f2142dd50) Importer(815301076,1909f56bfc062723c751e8b465ee728b)  -> (artifact id: 'f6768eed69605d1c5d9ae2d020bce399') in 0.070329 seconds 
========================================================================
Received Import Request.
  Time since last request: 6.085544 seconds.
  path: Assets/bsalogo512.png
  artifactKey: Guid(38adb6a3c17f6604e8e14433e07c457e) Importer(815301076,1909f56bfc062723c751e8b465ee728b)
Start importing Assets/bsalogo512.png using Guid(38adb6a3c17f6604e8e14433e07c457e) Importer(815301076,1909f56bfc062723c751e8b465ee728b)  -> (artifact id: '6eece37d0191f7e1e35a6ffe025fa832') in 0.019608 seconds 
========================================================================
Received Import Request.
  Time since last request: 3.060346 seconds.
  path: Assets
  artifactKey: Guid(00000000000000001000000000000000) Importer(815301076,1909f56bfc062723c751e8b465ee728b)
Start importing Assets using Guid(00000000000000001000000000000000) Importer(815301076,1909f56bfc062723c751e8b465ee728b)  -> (artifact id: '79842766b460edbeab6a34051e857a80') in 0.001697 seconds 
========================================================================
Received Import Request.
  Time since last request: 7.290219 seconds.
  path: Assets/UnityStoreAssets
  artifactKey: Guid(1d0dff313b69fd24cab073b76b589d92) Importer(815301076,1909f56bfc062723c751e8b465ee728b)
Start importing Assets/UnityStoreAssets using Guid(1d0dff313b69fd24cab073b76b589d92) Importer(815301076,1909f56bfc062723c751e8b465ee728b)  -> (artifact id: '5237a0e8c6655bb9ae3959ebeca31731') in 0.002389 seconds 
========================================================================
Received Import Request.
  Time since last request: 1.755037 seconds.
  path: Assets/!VibrantEffectTexturesFreePack
  artifactKey: Guid(00359ff04c8441740834b1d847dfc518) Importer(815301076,1909f56bfc062723c751e8b465ee728b)
Start importing Assets/!VibrantEffectTexturesFreePack using Guid(00359ff04c8441740834b1d847dfc518) Importer(815301076,1909f56bfc062723c751e8b465ee728b)  -> (artifact id: 'e6b0a563b5858555a3f73439fbfe0f10') in 0.002309 seconds 
========================================================================
Received Import Request.
  Time since last request: 0.573791 seconds.
  path: Assets/AN Interactive Physical Door Pack
  artifactKey: Guid(12f44fb2f0c734540af2c4679879c865) Importer(815301076,1909f56bfc062723c751e8b465ee728b)
Start importing Assets/AN Interactive Physical Door Pack using Guid(12f44fb2f0c734540af2c4679879c865) Importer(815301076,1909f56bfc062723c751e8b465ee728b)  -> (artifact id: 'dbcda5af49e753d89c3fc70f6dd70c14') in 0.002764 seconds 
========================================================================
Received Import Request.
  Time since last request: 89.821652 seconds.
  path: Assets/AS_Magic_Aura_Construction_Kit_FREE
  artifactKey: Guid(41eeb0c58cd5d29478946e870693f6f9) Importer(815301076,1909f56bfc062723c751e8b465ee728b)
Start importing Assets/AS_Magic_Aura_Construction_Kit_FREE using Guid(41eeb0c58cd5d29478946e870693f6f9) Importer(815301076,1909f56bfc062723c751e8b465ee728b)  -> (artifact id: '2638492e12a5c2cf33dce89d1fa46a4f') in 0.002292 seconds 
========================================================================
Received Import Request.
  Time since last request: 2.374176 seconds.
  path: Assets/ColorSkies
  artifactKey: Guid(dbf5fe7aff81417488c637410928731a) Importer(815301076,1909f56bfc062723c751e8b465ee728b)
Start importing Assets/ColorSkies using Guid(dbf5fe7aff81417488c637410928731a) Importer(815301076,1909f56bfc062723c751e8b465ee728b)  -> (artifact id: 'e44a2615e15fbf398527d14fcd2d0ec1') in 0.004017 seconds 
========================================================================
Received Prepare
Registering precompiled user dll's ...
Registered in 0.008191 seconds.
Begin MonoManager ReloadAssembly
Symbol file LoadedFromMemory doesn't match image C:\Users\benja\OneDrive\Documents\The Forest\Library\PackageCache\com.unity.visualscripting@1.7.8\Editor\VisualScripting.Core\Dependencies\YamlDotNet\Unity.VisualScripting.YamlDotNet.dll
Symbol file LoadedFromMemory doesn't match image C:\Users\benja\OneDrive\Documents\The Forest\Library\PackageCache\com.unity.visualscripting@1.7.8\Editor\VisualScripting.Core\Dependencies\DotNetZip\Unity.VisualScripting.IonicZip.dll
Native extension for WindowsStandalone target not found
Native extension for WebGL target not found
Refreshing native plugins compatible for Editor in 0.70 ms, found 3 plugins.
Preloading 0 native plugins for Editor in 0.00 ms.
[ScriptCompilation] NOT recompiling all scripts because this is an import worker process. Reason to compile was: Define symbols changed
Mono: successfully reloaded assembly
- Completed reload, in  1.218 seconds
Domain Reload Profiling:
	ReloadAssembly (1218ms)
		BeginReloadAssembly (172ms)
			ExecutionOrderSort (0ms)
			DisableScriptedObjects (5ms)
			BackupInstance (0ms)
			ReleaseScriptingObjects (0ms)
			CreateAndSetChildDomain (49ms)
		EndReloadAssembly (900ms)
			LoadAssemblies (128ms)
			RebuildTransferFunctionScriptingTraits (0ms)
			SetupTypeCache (343ms)
			ReleaseScriptCaches (1ms)
			RebuildScriptCaches (41ms)
			SetupLoadedEditorAssemblies (358ms)
				LogAssemblyErrors (0ms)
				InitializePlatformSupportModulesInManaged (16ms)
				SetLoadedEditorAssemblies (0ms)
				RefreshPlugins (1ms)
				BeforeProcessingInitializeOnLoad (77ms)
				ProcessInitializeOnLoadAttributes (227ms)
				ProcessInitializeOnLoadMethodAttributes (25ms)
				AfterProcessingInitializeOnLoad (11ms)
				EditorAssembliesLoaded (0ms)
			ExecutionOrderSort2 (0ms)
			AwakeInstancesAfterBackupRestoration (8ms)
Platform modules already initialized, skipping
Refreshing native plugins compatible for Editor in 2.39 ms, found 3 plugins.
Preloading 0 native plugins for Editor in 0.00 ms.
Unloading 3504 Unused Serialized files (Serialized files now loaded: 0)
Unloading 76 unused Assets / (7.6 MB). Loaded Objects now: 3972.
Memory consumption went from 152.6 MB to 145.0 MB.
Total: 8.457300 ms (FindLiveObjects: 0.301400 ms CreateObjectMapping: 0.264400 ms MarkObjects: 4.492900 ms  DeleteObjects: 3.397600 ms)

AssetImportParameters requested are different than current active one (requested -> active):
  custom:video-decoder-ogg-theora: a1e56fd34408186e4bbccfd4996cb3dc -> 
  custom:container-muxer-webm: aa71ff27fc2769a1b78a27578f13a17b -> 
  custom:container-demuxer-webm: 4f35f7cbe854078d1ac9338744f61a02 -> 
  custom:video-encoder-webm-vp8: eb34c28f22e8b96e1ab97ce403110664 -> 
  custom:video-codec-MediaFoundation-h265: 746d11721c4dcdbdad8f713fa42b33f4 -> 
  custom:audio-encoder-webm-vorbis: bf7c407c2cedff20999df2af8eb42d56 -> 
  custom:framework-win-MediaFoundation: 216162199b28c13a410421893ffa2e32 -> 
  custom:container-demuxer-ogg: 62fdf1f143b41e24485cea50d1cbac27 -> 
  custom:video-decoder-webm-vp8: 9c59270c3fd7afecdb556c50c9e8de78 -> 
  custom:audio-decoder-ogg-vorbis: bf7c407c2cedff20999df2af8eb42d56 -> 
========================================================================
Received Import Request.
  Time since last request: 11.856559 seconds.
  path: Assets/Shaders
  artifactKey: Guid(8fd7511274b6b044797e911a06646c5f) Importer(815301076,1909f56bfc062723c751e8b465ee728b)
Start importing Assets/Shaders using Guid(8fd7511274b6b044797e911a06646c5f) Importer(815301076,1909f56bfc062723c751e8b465ee728b)  -> (artifact id: 'b59739d34ee3baa2d16d68db62ee9cbd') in 0.008818 seconds 
========================================================================
Received Import Request.
  Time since last request: 0.620623 seconds.
  path: Assets/Prefabs
  artifactKey: Guid(ab0a16878f4106a4eb3ab605c483e1db) Importer(815301076,1909f56bfc062723c751e8b465ee728b)
Start importing Assets/Prefabs using Guid(ab0a16878f4106a4eb3ab605c483e1db) Importer(815301076,1909f56bfc062723c751e8b465ee728b)  -> (artifact id: '438aee8c0f205874593e39be42e3e175') in 0.002407 seconds 
========================================================================
Received Import Request.
  Time since last request: 97.181367 seconds.
  path: Assets/UnityStoreAssets/!VibrantEffectTexturesFreePack/acrylics/Materials/40.mat
  artifactKey: Guid(e42a1ded277bfcf48b31f2da0ab33a13) Importer(815301076,1909f56bfc062723c751e8b465ee728b)
Start importing Assets/UnityStoreAssets/!VibrantEffectTexturesFreePack/acrylics/Materials/40.mat using Guid(e42a1ded277bfcf48b31f2da0ab33a13) Importer(815301076,1909f56bfc062723c751e8b465ee728b)  -> (artifact id: '7afdc42b4f30e279c08fec09bbe970cd') in 0.089335 seconds 
========================================================================
Received Import Request.
  Time since last request: 8.614712 seconds.
  path: Assets/UnityStoreAssets/SineVFX/TranslucentCrystals/Resources/Textures/CrystalMaps/TranslucentCrystal01_Mask.png
  artifactKey: Guid(db56133bdb0993a40b90a1241d093e13) Importer(815301076,1909f56bfc062723c751e8b465ee728b)
Start importing Assets/UnityStoreAssets/SineVFX/TranslucentCrystals/Resources/Textures/CrystalMaps/TranslucentCrystal01_Mask.png using Guid(db56133bdb0993a40b90a1241d093e13) Importer(815301076,1909f56bfc062723c751e8b465ee728b)  -> (artifact id: '8a7e4c32038ee2beef7e68b16a0d3bda') in 0.019566 seconds 
========================================================================
Received Import Request.
  Time since last request: 0.000025 seconds.
  path: Assets/UnityStoreAssets/SineVFX/TranslucentCrystals/Resources/Textures/CrystalMaps/TranslucentCrystal01_Emission.png
  artifactKey: Guid(c4cb56ed45fb93d428f0b362c9985f7c) Importer(815301076,1909f56bfc062723c751e8b465ee728b)
Start importing Assets/UnityStoreAssets/SineVFX/TranslucentCrystals/Resources/Textures/CrystalMaps/TranslucentCrystal01_Emission.png using Guid(c4cb56ed45fb93d428f0b362c9985f7c) Importer(815301076,1909f56bfc062723c751e8b465ee728b)  -> (artifact id: '385116d365658575a1e7e928f7995613') in 0.029865 seconds 
========================================================================
Received Import Request.
  Time since last request: 0.000020 seconds.
  path: Assets/UnityStoreAssets/SineVFX/TranslucentCrystals/Resources/Textures/CrystalMaps/TranslucentCrystal01_MetallicSmoothness.png
  artifactKey: Guid(78dbd2e2ed813e04dbbeab6d982981d0) Importer(815301076,1909f56bfc062723c751e8b465ee728b)
Start importing Assets/UnityStoreAssets/SineVFX/TranslucentCrystals/Resources/Textures/CrystalMaps/TranslucentCrystal01_MetallicSmoothness.png using Guid(78dbd2e2ed813e04dbbeab6d982981d0) Importer(815301076,1909f56bfc062723c751e8b465ee728b)  -> (artifact id: '1e7ccc9d18b1bfa63df112de8483c14b') in 0.012890 seconds 
========================================================================
Received Prepare
Registering precompiled user dll's ...
Registered in 0.227668 seconds.
Begin MonoManager ReloadAssembly
Symbol file LoadedFromMemory doesn't match image C:\Users\benja\OneDrive\Documents\The Forest\Library\PackageCache\com.unity.visualscripting@1.7.8\Editor\VisualScripting.Core\Dependencies\YamlDotNet\Unity.VisualScripting.YamlDotNet.dll
Symbol file LoadedFromMemory doesn't match image C:\Users\benja\OneDrive\Documents\The Forest\Library\PackageCache\com.unity.visualscripting@1.7.8\Editor\VisualScripting.Core\Dependencies\DotNetZip\Unity.VisualScripting.IonicZip.dll
Native extension for WindowsStandalone target not found
Native extension for WebGL target not found
Refreshing native plugins compatible for Editor in 0.92 ms, found 3 plugins.
Preloading 0 native plugins for Editor in 0.00 ms.
[ScriptCompilation] NOT recompiling all scripts because this is an import worker process. Reason to compile was: Define symbols changed
Mono: successfully reloaded assembly
- Completed reload, in  1.513 seconds
Domain Reload Profiling:
	ReloadAssembly (1514ms)
		BeginReloadAssembly (154ms)
			ExecutionOrderSort (0ms)
			DisableScriptedObjects (5ms)
			BackupInstance (0ms)
			ReleaseScriptingObjects (0ms)
			CreateAndSetChildDomain (37ms)
		EndReloadAssembly (1249ms)
			LoadAssemblies (114ms)
			RebuildTransferFunctionScriptingTraits (0ms)
			SetupTypeCache (449ms)
			ReleaseScriptCaches (1ms)
			RebuildScriptCaches (68ms)
			SetupLoadedEditorAssemblies (505ms)
				LogAssemblyErrors (0ms)
				InitializePlatformSupportModulesInManaged (23ms)
				SetLoadedEditorAssemblies (1ms)
				RefreshPlugins (1ms)
				BeforeProcessingInitializeOnLoad (87ms)
				ProcessInitializeOnLoadAttributes (289ms)
				ProcessInitializeOnLoadMethodAttributes (84ms)
				AfterProcessingInitializeOnLoad (20ms)
				EditorAssembliesLoaded (0ms)
			ExecutionOrderSort2 (0ms)
			AwakeInstancesAfterBackupRestoration (14ms)
Platform modules already initialized, skipping
Refreshing native plugins compatible for Editor in 7.44 ms, found 3 plugins.
Preloading 0 native plugins for Editor in 0.00 ms.
Unloading 3879 Unused Serialized files (Serialized files now loaded: 0)
Unloading 96 unused Assets / (9.4 MB). Loaded Objects now: 4331.
Memory consumption went from 167.5 MB to 158.1 MB.
Total: 16.078200 ms (FindLiveObjects: 0.384100 ms CreateObjectMapping: 0.384600 ms MarkObjects: 5.494100 ms  DeleteObjects: 9.814100 ms)

AssetImportParameters requested are different than current active one (requested -> active):
  custom:video-decoder-ogg-theora: a1e56fd34408186e4bbccfd4996cb3dc -> 
  custom:container-muxer-webm: aa71ff27fc2769a1b78a27578f13a17b -> 
  custom:container-demuxer-webm: 4f35f7cbe854078d1ac9338744f61a02 -> 
  custom:video-encoder-webm-vp8: eb34c28f22e8b96e1ab97ce403110664 -> 
  custom:video-codec-MediaFoundation-h265: 746d11721c4dcdbdad8f713fa42b33f4 -> 
  custom:audio-encoder-webm-vorbis: bf7c407c2cedff20999df2af8eb42d56 -> 
  custom:framework-win-MediaFoundation: 216162199b28c13a410421893ffa2e32 -> 
  custom:container-demuxer-ogg: 62fdf1f143b41e24485cea50d1cbac27 -> 
  custom:video-decoder-webm-vp8: 9c59270c3fd7afecdb556c50c9e8de78 -> 
  custom:audio-decoder-ogg-vorbis: bf7c407c2cedff20999df2af8eb42d56 -> 
========================================================================
Received Import Request.
  Time since last request: 109.812966 seconds.
  path: Assets/Prefabs/Spike.prefab
  artifactKey: Guid(a682d72b0e249344492c6d78363426ea) Importer(815301076,1909f56bfc062723c751e8b465ee728b)
Start importing Assets/Prefabs/Spike.prefab using Guid(a682d72b0e249344492c6d78363426ea) Importer(815301076,1909f56bfc062723c751e8b465ee728b)  -> (artifact id: 'a28023264ebe62d379545958dd87a10f') in 0.075557 seconds 
========================================================================
Received Import Request.
  Time since last request: 0.000022 seconds.
  path: Assets/Prefabs/Pink Orb.prefab
  artifactKey: Guid(78c475c6797ee2648b1827bfecbf3e6d) Importer(815301076,1909f56bfc062723c751e8b465ee728b)
Start importing Assets/Prefabs/Pink Orb.prefab using Guid(78c475c6797ee2648b1827bfecbf3e6d) Importer(815301076,1909f56bfc062723c751e8b465ee728b)  -> (artifact id: 'd5e6005b47259261195b8f2736302c40') in 0.104014 seconds 
========================================================================
Received Import Request.
  Time since last request: 0.000024 seconds.
  path: Assets/Prefabs/Blue Orb.prefab
  artifactKey: Guid(6c73b8001552bf1468ec4a12a69d8e2f) Importer(815301076,1909f56bfc062723c751e8b465ee728b)
Start importing Assets/Prefabs/Blue Orb.prefab using Guid(6c73b8001552bf1468ec4a12a69d8e2f) Importer(815301076,1909f56bfc062723c751e8b465ee728b)  -> (artifact id: '738235361578d3cbf445fd6c05f31e0f') in 0.049877 seconds 
========================================================================
Received Import Request.
  Time since last request: 0.000035 seconds.
  path: Assets/Prefabs/Yellow Orb Variant.prefab
  artifactKey: Guid(3782d58ad7523de4e955c08953497e04) Importer(815301076,1909f56bfc062723c751e8b465ee728b)
Start importing Assets/Prefabs/Yellow Orb Variant.prefab using Guid(3782d58ad7523de4e955c08953497e04) Importer(815301076,1909f56bfc062723c751e8b465ee728b)  -> (artifact id: '6ed40d5a2493e907cb9b69385ed3592e') in 0.056029 seconds 
========================================================================
Received Import Request.
  Time since last request: 142.434744 seconds.
  path: Assets/UnityStoreAssets/AS_Magic_Aura_Construction_Kit_FREE/Circles/Magic_Circle_2.png
  artifactKey: Guid(169cc9dc838ef4ef0abafc9488af0198) Importer(815301076,1909f56bfc062723c751e8b465ee728b)
Start importing Assets/UnityStoreAssets/AS_Magic_Aura_Construction_Kit_FREE/Circles/Magic_Circle_2.png using Guid(169cc9dc838ef4ef0abafc9488af0198) Importer(815301076,1909f56bfc062723c751e8b465ee728b)  -> (artifact id: '7d7baa2d405678290db7f7e3dfb97208') in 0.020130 seconds 
========================================================================
Received Import Request.
  Time since last request: 0.000021 seconds.
  path: Assets/UnityStoreAssets/AS_Magic_Aura_Construction_Kit_FREE/Circles/Magic_Circle_4.png
  artifactKey: Guid(f1dd36ae44d7d4beca104d6864664b76) Importer(815301076,1909f56bfc062723c751e8b465ee728b)
Start importing Assets/UnityStoreAssets/AS_Magic_Aura_Construction_Kit_FREE/Circles/Magic_Circle_4.png using Guid(f1dd36ae44d7d4beca104d6864664b76) Importer(815301076,1909f56bfc062723c751e8b465ee728b)  -> (artifact id: '813a948fb03de72d81bab5765d5140f0') in 0.018806 seconds 
========================================================================
Received Import Request.
  Time since last request: 1.909959 seconds.
  path: Assets/UnityStoreAssets/AS_Magic_Aura_Construction_Kit_FREE/Circles/Materials/Magic_Circle_1.mat
  artifactKey: Guid(4a870ba85a89d4d46890ad03d78182de) Importer(815301076,1909f56bfc062723c751e8b465ee728b)
Start importing Assets/UnityStoreAssets/AS_Magic_Aura_Construction_Kit_FREE/Circles/Materials/Magic_Circle_1.mat using Guid(4a870ba85a89d4d46890ad03d78182de) Importer(815301076,1909f56bfc062723c751e8b465ee728b)  -> (artifact id: 'e18dcebb3819320b9f94ae9702358e5f') in 0.241320 seconds 
========================================================================
Received Import Request.
  Time since last request: 16.712263 seconds.
  path: Assets/UnityStoreAssets/AS_Magic_Aura_Construction_Kit_FREE/FX/Rays_1.png
  artifactKey: Guid(dda26367d17774a8ba9fc5a452f96143) Importer(815301076,1909f56bfc062723c751e8b465ee728b)
Start importing Assets/UnityStoreAssets/AS_Magic_Aura_Construction_Kit_FREE/FX/Rays_1.png using Guid(dda26367d17774a8ba9fc5a452f96143) Importer(815301076,1909f56bfc062723c751e8b465ee728b)  -> (artifact id: 'f099f7dca5d1d927b96ece58941f0a1d') in 0.016368 seconds 
========================================================================
Received Import Request.
  Time since last request: 0.000028 seconds.
  path: Assets/UnityStoreAssets/AS_Magic_Aura_Construction_Kit_FREE/FX/Sonic_Pulse_1.png
  artifactKey: Guid(9efe9f05d41df4cbc9166b0d0c9bbc63) Importer(815301076,1909f56bfc062723c751e8b465ee728b)
Start importing Assets/UnityStoreAssets/AS_Magic_Aura_Construction_Kit_FREE/FX/Sonic_Pulse_1.png using Guid(9efe9f05d41df4cbc9166b0d0c9bbc63) Importer(815301076,1909f56bfc062723c751e8b465ee728b)  -> (artifact id: '63bc7b13f56f33b7b9bd153993f4a78a') in 0.026670 seconds 
========================================================================
Received Import Request.
  Time since last request: 0.000019 seconds.
  path: Assets/UnityStoreAssets/AS_Magic_Aura_Construction_Kit_FREE/FX/Spiral_Doodle_1.png
  artifactKey: Guid(027309a4ba30d4f70b92cab02eb29198) Importer(815301076,1909f56bfc062723c751e8b465ee728b)
Start importing Assets/UnityStoreAssets/AS_Magic_Aura_Construction_Kit_FREE/FX/Spiral_Doodle_1.png using Guid(027309a4ba30d4f70b92cab02eb29198) Importer(815301076,1909f56bfc062723c751e8b465ee728b)  -> (artifact id: '2256fae412c3833efbceea2306bdd5a8') in 0.015644 seconds 
========================================================================
Received Import Request.
  Time since last request: 2.477963 seconds.
  path: Assets/UnityStoreAssets/AS_Magic_Aura_Construction_Kit_FREE/Particles/Particle_2.png
  artifactKey: Guid(6c9601a195390475b8b18b93e3154fba) Importer(815301076,1909f56bfc062723c751e8b465ee728b)
Start importing Assets/UnityStoreAssets/AS_Magic_Aura_Construction_Kit_FREE/Particles/Particle_2.png using Guid(6c9601a195390475b8b18b93e3154fba) Importer(815301076,1909f56bfc062723c751e8b465ee728b)  -> (artifact id: '0f45ef5ab1546ed134233c069a630a42') in 0.016122 seconds 
========================================================================
Received Import Request.
  Time since last request: 0.000017 seconds.
  path: Assets/UnityStoreAssets/AS_Magic_Aura_Construction_Kit_FREE/Particles/Particle_4.png
  artifactKey: Guid(f2a73be4a5867496ca3fed38d4822bc3) Importer(815301076,1909f56bfc062723c751e8b465ee728b)
Start importing Assets/UnityStoreAssets/AS_Magic_Aura_Construction_Kit_FREE/Particles/Particle_4.png using Guid(f2a73be4a5867496ca3fed38d4822bc3) Importer(815301076,1909f56bfc062723c751e8b465ee728b)  -> (artifact id: 'e4ad7e08872ce0d2255c02b73a5c05f5') in 0.015317 seconds 
========================================================================
Received Import Request.
  Time since last request: 201.484841 seconds.
  path: Assets/Prefabs/SavePoint.prefab
  artifactKey: Guid(358272bd374ea5c4ba43617f2142dd50) Importer(815301076,1909f56bfc062723c751e8b465ee728b)
Start importing Assets/Prefabs/SavePoint.prefab using Guid(358272bd374ea5c4ba43617f2142dd50) Importer(815301076,1909f56bfc062723c751e8b465ee728b)  -> (artifact id: '6948f62cc216b50ea8832ec69828d97a') in 0.060369 seconds 
========================================================================
Received Import Request.
  Time since last request: 0.000021 seconds.
  path: Assets/Prefabs/Yellow Orb Variant.prefab
  artifactKey: Guid(3782d58ad7523de4e955c08953497e04) Importer(815301076,1909f56bfc062723c751e8b465ee728b)
Start importing Assets/Prefabs/Yellow Orb Variant.prefab using Guid(3782d58ad7523de4e955c08953497e04) Importer(815301076,1909f56bfc062723c751e8b465ee728b)  -> (artifact id: 'ba99aeb823c7723f408442ab086c6128') in 0.065481 seconds 
========================================================================
Received Import Request.
  Time since last request: 110.304052 seconds.
  path: Assets/UnityStoreAssets/ColorSkies/Skies/Sky_2.mat
  artifactKey: Guid(3a8c5fa081c5a974b9fffa93e4230ece) Importer(815301076,1909f56bfc062723c751e8b465ee728b)
Start importing Assets/UnityStoreAssets/ColorSkies/Skies/Sky_2.mat using Guid(3a8c5fa081c5a974b9fffa93e4230ece) Importer(815301076,1909f56bfc062723c751e8b465ee728b)  -> (artifact id: 'f66d04fda11186ee4d41d198e6c4850c') in 0.204949 seconds 
========================================================================
Received Import Request.
  Time since last request: 0.000026 seconds.
  path: Assets/UnityStoreAssets/ColorSkies/Skies/Sky_3.mat
  artifactKey: Guid(a93d27d74f0fb574f9bbb6a2dbc86e97) Importer(815301076,1909f56bfc062723c751e8b465ee728b)
Start importing Assets/UnityStoreAssets/ColorSkies/Skies/Sky_3.mat using Guid(a93d27d74f0fb574f9bbb6a2dbc86e97) Importer(815301076,1909f56bfc062723c751e8b465ee728b)  -> (artifact id: 'cfe094f4ac1532e425eb694466b7ef55') in 0.025964 seconds 
========================================================================
Received Import Request.
  Time since last request: 0.000032 seconds.
  path: Assets/UnityStoreAssets/ColorSkies/Skies/Sky_4.mat
  artifactKey: Guid(21ae2c17e7f4a4447aea76bbeded97b8) Importer(815301076,1909f56bfc062723c751e8b465ee728b)
Start importing Assets/UnityStoreAssets/ColorSkies/Skies/Sky_4.mat using Guid(21ae2c17e7f4a4447aea76bbeded97b8) Importer(815301076,1909f56bfc062723c751e8b465ee728b)  -> (artifact id: '3dbc9735af4881147fbc2ba7c3e805ec') in 0.025700 seconds 
========================================================================
Received Import Request.
  Time since last request: 0.000031 seconds.
  path: Assets/UnityStoreAssets/ColorSkies/Skies/Sky_8.mat
  artifactKey: Guid(4323fde32dbcebf4195ad58c05f28e84) Importer(815301076,1909f56bfc062723c751e8b465ee728b)
Start importing Assets/UnityStoreAssets/ColorSkies/Skies/Sky_8.mat using Guid(4323fde32dbcebf4195ad58c05f28e84) Importer(815301076,1909f56bfc062723c751e8b465ee728b)  -> (artifact id: '7922809c428778c56ee3a3e29a19753a') in 0.023298 seconds 
========================================================================
Received Import Request.
  Time since last request: 0.000018 seconds.
  path: Assets/UnityStoreAssets/ColorSkies/Skies/Sky_7.mat
  artifactKey: Guid(1d3f5254e25764546b2211aa1dd32efe) Importer(815301076,1909f56bfc062723c751e8b465ee728b)
Start importing Assets/UnityStoreAssets/ColorSkies/Skies/Sky_7.mat using Guid(1d3f5254e25764546b2211aa1dd32efe) Importer(815301076,1909f56bfc062723c751e8b465ee728b)  -> (artifact id: 'fd7e2856e02e605d73f4abc6e6804365') in 0.024968 seconds 
========================================================================
Received Import Request.
  Time since last request: 0.000036 seconds.
  path: Assets/UnityStoreAssets/ColorSkies/Skies/Sky_6.mat
  artifactKey: Guid(59998d46d34ccf340be71d5a79eec445) Importer(815301076,1909f56bfc062723c751e8b465ee728b)
Start importing Assets/UnityStoreAssets/ColorSkies/Skies/Sky_6.mat using Guid(59998d46d34ccf340be71d5a79eec445) Importer(815301076,1909f56bfc062723c751e8b465ee728b)  -> (artifact id: '9e60ac88b6b8e34a2d671c73cf7cea5b') in 0.026115 seconds 
========================================================================
Received Import Request.
  Time since last request: 0.000020 seconds.
  path: Assets/UnityStoreAssets/ColorSkies/Skies/Sky_5.mat
  artifactKey: Guid(d9a12ffaaa5dd67418211def4dfaee9a) Importer(815301076,1909f56bfc062723c751e8b465ee728b)
Start importing Assets/UnityStoreAssets/ColorSkies/Skies/Sky_5.mat using Guid(d9a12ffaaa5dd67418211def4dfaee9a) Importer(815301076,1909f56bfc062723c751e8b465ee728b)  -> (artifact id: '632713a96028c7b61597c20cdf96632b') in 0.029147 seconds 
========================================================================
Received Import Request.
  Time since last request: 6.830107 seconds.
  path: Assets/UnityStoreAssets/ColorSkies/Textures/Skybox_1/Down_Tex.png
  artifactKey: Guid(9c05f2ab86441c4478441ff554428b70) Importer(815301076,1909f56bfc062723c751e8b465ee728b)
Start importing Assets/UnityStoreAssets/ColorSkies/Textures/Skybox_1/Down_Tex.png using Guid(9c05f2ab86441c4478441ff554428b70) Importer(815301076,1909f56bfc062723c751e8b465ee728b)  -> (artifact id: '79cbb0d6765d3ac5787fd20bef6db139') in 0.014191 seconds 
========================================================================
Received Import Request.
  Time since last request: 0.000042 seconds.
  path: Assets/UnityStoreAssets/ColorSkies/Textures/Skybox_1/Up_Tex.png
  artifactKey: Guid(f876776fe5b46564a9e42e90b609d367) Importer(815301076,1909f56bfc062723c751e8b465ee728b)
Start importing Assets/UnityStoreAssets/ColorSkies/Textures/Skybox_1/Up_Tex.png using Guid(f876776fe5b46564a9e42e90b609d367) Importer(815301076,1909f56bfc062723c751e8b465ee728b)  -> (artifact id: '30d92b28180f8b3dd2c1cae7499e63d3') in 0.014967 seconds 
========================================================================
Received Import Request.
  Time since last request: 0.000044 seconds.
  path: Assets/UnityStoreAssets/ColorSkies/Textures/Skybox_1/Right_Tex.png
  artifactKey: Guid(18089b724a86a61418bb95b958d57e7c) Importer(815301076,1909f56bfc062723c751e8b465ee728b)
Start importing Assets/UnityStoreAssets/ColorSkies/Textures/Skybox_1/Right_Tex.png using Guid(18089b724a86a61418bb95b958d57e7c) Importer(815301076,1909f56bfc062723c751e8b465ee728b)  -> (artifact id: '51554d25c9a039f0a2ddc15dce220a13') in 0.012914 seconds 
