Using pre-set license
Built from '2021.3/staging' branch; Version is '2021.3.14f1 (eee1884e7226) revision 15655304'; Using compiler version '192829333'; Build Type 'Release'
OS: 'Windows 10  (10.0.19044) 64bit Professional' Language: 'en' Physical Memory: 65342 MB
BatchMode: 1, IsHumanControllingUs: 0, StartBugReporterOnCrash: 0, Is64bit: 1, IsPro: 1

COMMAND LINE ARGUMENTS:
C:\Program Files\Unity\Hub\Editor\2021.3.14f1\Editor\Unity.exe
-adb2
-batchMode
-noUpm
-name
AssetImportWorker4
-projectPath
C:/Users/benja/OneDrive/Documents/The Forest
-logFile
Logs/AssetImportWorker4.log
-srvPort
58097
Successfully changed project path to: C:/Users/benja/OneDrive/Documents/The Forest
C:/Users/benja/OneDrive/Documents/The Forest
[UnityMemory] Configuration Parameters - Can be set up in boot.config
    "memorysetup-bucket-allocator-granularity=16"
    "memorysetup-bucket-allocator-bucket-count=8"
    "memorysetup-bucket-allocator-block-size=33554432"
    "memorysetup-bucket-allocator-block-count=8"
    "memorysetup-main-allocator-block-size=16777216"
    "memorysetup-thread-allocator-block-size=16777216"
    "memorysetup-gfx-main-allocator-block-size=16777216"
    "memorysetup-gfx-thread-allocator-block-size=16777216"
    "memorysetup-cache-allocator-block-size=4194304"
    "memorysetup-typetree-allocator-block-size=2097152"
    "memorysetup-profiler-bucket-allocator-granularity=16"
    "memorysetup-profiler-bucket-allocator-bucket-count=8"
    "memorysetup-profiler-bucket-allocator-block-size=33554432"
    "memorysetup-profiler-bucket-allocator-block-count=8"
    "memorysetup-profiler-allocator-block-size=16777216"
    "memorysetup-profiler-editor-allocator-block-size=1048576"
    "memorysetup-temp-allocator-size-main=16777216"
    "memorysetup-job-temp-allocator-block-size=2097152"
    "memorysetup-job-temp-allocator-block-size-background=1048576"
    "memorysetup-job-temp-allocator-reduction-small-platforms=262144"
    "memorysetup-temp-allocator-size-background-worker=32768"
    "memorysetup-temp-allocator-size-job-worker=262144"
    "memorysetup-temp-allocator-size-preload-manager=33554432"
    "memorysetup-temp-allocator-size-nav-mesh-worker=65536"
    "memorysetup-temp-allocator-size-audio-worker=65536"
    "memorysetup-temp-allocator-size-cloud-worker=32768"
    "memorysetup-temp-allocator-size-gi-baking-worker=262144"
    "memorysetup-temp-allocator-size-gfx=262144"
Refreshing native plugins compatible for Editor in 111.02 ms, found 3 plugins.
Preloading 0 native plugins for Editor in 0.00 ms.
Initialize engine version: 2021.3.14f1 (eee1884e7226)
[Subsystems] Discovering subsystems at path C:/Program Files/Unity/Hub/Editor/2021.3.14f1/Editor/Data/Resources/UnitySubsystems
[Subsystems] Discovering subsystems at path C:/Users/benja/OneDrive/Documents/The Forest/Assets
GfxDevice: creating device client; threaded=0; jobified=0
Direct3D:
    Version:  Direct3D 11.0 [level 11.1]
    Renderer: NVIDIA Quadro P2000 (ID=0x1cba)
    Vendor:   NVIDIA
    VRAM:     4018 MB
    Driver:   31.0.15.1669
Initialize mono
Mono path[0] = 'C:/Program Files/Unity/Hub/Editor/2021.3.14f1/Editor/Data/Managed'
Mono path[1] = 'C:/Program Files/Unity/Hub/Editor/2021.3.14f1/Editor/Data/MonoBleedingEdge/lib/mono/unityjit-win32'
Mono config path = 'C:/Program Files/Unity/Hub/Editor/2021.3.14f1/Editor/Data/MonoBleedingEdge/etc'
Using monoOptions --debugger-agent=transport=dt_socket,embedding=1,server=y,suspend=n,address=127.0.0.1:56448
Begin MonoManager ReloadAssembly
Registering precompiled unity dll's ...
Register platform support module: C:/Program Files/Unity/Hub/Editor/2021.3.14f1/Editor/Data/PlaybackEngines/WebGLSupport/UnityEditor.WebGL.Extensions.dll
Register platform support module: C:/Program Files/Unity/Hub/Editor/2021.3.14f1/Editor/Data/PlaybackEngines/WindowsStandaloneSupport/UnityEditor.WindowsStandalone.Extensions.dll
Registered in 0.010259 seconds.
Native extension for WindowsStandalone target not found
Native extension for WebGL target not found
Refreshing native plugins compatible for Editor in 91.90 ms, found 3 plugins.
Preloading 0 native plugins for Editor in 0.00 ms.
Mono: successfully reloaded assembly
- Completed reload, in  0.678 seconds
Domain Reload Profiling:
	ReloadAssembly (679ms)
		BeginReloadAssembly (87ms)
			ExecutionOrderSort (0ms)
			DisableScriptedObjects (0ms)
			BackupInstance (0ms)
			ReleaseScriptingObjects (0ms)
			CreateAndSetChildDomain (1ms)
		EndReloadAssembly (475ms)
			LoadAssemblies (84ms)
			RebuildTransferFunctionScriptingTraits (0ms)
			SetupTypeCache (107ms)
			ReleaseScriptCaches (0ms)
			RebuildScriptCaches (27ms)
			SetupLoadedEditorAssemblies (289ms)
				LogAssemblyErrors (0ms)
				InitializePlatformSupportModulesInManaged (10ms)
				SetLoadedEditorAssemblies (0ms)
				RefreshPlugins (92ms)
				BeforeProcessingInitializeOnLoad (1ms)
				ProcessInitializeOnLoadAttributes (140ms)
				ProcessInitializeOnLoadMethodAttributes (46ms)
				AfterProcessingInitializeOnLoad (0ms)
				EditorAssembliesLoaded (0ms)
			ExecutionOrderSort2 (0ms)
			AwakeInstancesAfterBackupRestoration (0ms)
Platform modules already initialized, skipping
Registering precompiled user dll's ...
Registered in 0.009816 seconds.
Begin MonoManager ReloadAssembly
Symbol file LoadedFromMemory doesn't match image C:\Users\benja\OneDrive\Documents\The Forest\Library\PackageCache\com.unity.visualscripting@1.7.8\Editor\VisualScripting.Core\Dependencies\YamlDotNet\Unity.VisualScripting.YamlDotNet.dll
Symbol file LoadedFromMemory doesn't match image C:\Users\benja\OneDrive\Documents\The Forest\Library\PackageCache\com.unity.visualscripting@1.7.8\Editor\VisualScripting.Core\Dependencies\DotNetZip\Unity.VisualScripting.IonicZip.dll
Native extension for WindowsStandalone target not found
Native extension for WebGL target not found
Refreshing native plugins compatible for Editor in 0.96 ms, found 3 plugins.
Preloading 0 native plugins for Editor in 0.00 ms.
Mono: successfully reloaded assembly
- Completed reload, in  1.160 seconds
Domain Reload Profiling:
	ReloadAssembly (1161ms)
		BeginReloadAssembly (125ms)
			ExecutionOrderSort (0ms)
			DisableScriptedObjects (6ms)
			BackupInstance (0ms)
			ReleaseScriptingObjects (0ms)
			CreateAndSetChildDomain (21ms)
		EndReloadAssembly (914ms)
			LoadAssemblies (112ms)
			RebuildTransferFunctionScriptingTraits (0ms)
			SetupTypeCache (290ms)
			ReleaseScriptCaches (1ms)
			RebuildScriptCaches (58ms)
			SetupLoadedEditorAssemblies (416ms)
				LogAssemblyErrors (0ms)
				InitializePlatformSupportModulesInManaged (8ms)
				SetLoadedEditorAssemblies (1ms)
				RefreshPlugins (1ms)
				BeforeProcessingInitializeOnLoad (112ms)
				ProcessInitializeOnLoadAttributes (260ms)
				ProcessInitializeOnLoadMethodAttributes (24ms)
				AfterProcessingInitializeOnLoad (10ms)
				EditorAssembliesLoaded (0ms)
			ExecutionOrderSort2 (0ms)
			AwakeInstancesAfterBackupRestoration (7ms)
Platform modules already initialized, skipping
========================================================================
Worker process is ready to serve import requests
Launched and connected shader compiler UnityShaderCompiler.exe after 0.06 seconds
Refreshing native plugins compatible for Editor in 0.72 ms, found 3 plugins.
Preloading 0 native plugins for Editor in 0.00 ms.
Unloading 3884 Unused Serialized files (Serialized files now loaded: 0)
Unloading 41 unused Assets / (1.4 MB). Loaded Objects now: 4332.
Memory consumption went from 224.3 MB to 222.8 MB.
Total: 4.218800 ms (FindLiveObjects: 0.322900 ms CreateObjectMapping: 0.350300 ms MarkObjects: 3.223800 ms  DeleteObjects: 0.320800 ms)

AssetImportParameters requested are different than current active one (requested -> active):
  custom:video-decoder-ogg-theora: a1e56fd34408186e4bbccfd4996cb3dc -> 
  custom:container-muxer-webm: aa71ff27fc2769a1b78a27578f13a17b -> 
  custom:container-demuxer-webm: 4f35f7cbe854078d1ac9338744f61a02 -> 
  custom:video-encoder-webm-vp8: eb34c28f22e8b96e1ab97ce403110664 -> 
  custom:video-codec-MediaFoundation-h265: 746d11721c4dcdbdad8f713fa42b33f4 -> 
  custom:audio-encoder-webm-vorbis: bf7c407c2cedff20999df2af8eb42d56 -> 
  custom:framework-win-MediaFoundation: 216162199b28c13a410421893ffa2e32 -> 
  custom:container-demuxer-ogg: 62fdf1f143b41e24485cea50d1cbac27 -> 
  custom:video-decoder-webm-vp8: 9c59270c3fd7afecdb556c50c9e8de78 -> 
  custom:audio-decoder-ogg-vorbis: bf7c407c2cedff20999df2af8eb42d56 -> 
========================================================================
Received Import Request.
  Time since last request: 469275.792939 seconds.
  path: Assets/Chars/RuinsChars/Aesta/Materials
  artifactKey: Guid(afa574d4413f0c143b5828a51a8a4e86) Importer(815301076,1909f56bfc062723c751e8b465ee728b)
Start importing Assets/Chars/RuinsChars/Aesta/Materials using Guid(afa574d4413f0c143b5828a51a8a4e86) Importer(815301076,1909f56bfc062723c751e8b465ee728b)  -> (artifact id: '3adcf3310bf4cae1c3bc5a965bd30501') in 0.007458 seconds 
========================================================================
Received Import Request.
  Time since last request: 4.831611 seconds.
  path: Assets/Chars/RuinsChars/Aesta/Textures
  artifactKey: Guid(67c882d213bc0fe4d86f62a47b368c57) Importer(815301076,1909f56bfc062723c751e8b465ee728b)
Start importing Assets/Chars/RuinsChars/Aesta/Textures using Guid(67c882d213bc0fe4d86f62a47b368c57) Importer(815301076,1909f56bfc062723c751e8b465ee728b)  -> (artifact id: 'a5e25544311da950744b323d440b11bf') in 0.002384 seconds 
========================================================================
Received Import Request.
  Time since last request: 4.068371 seconds.
  path: Assets/Chars/RuinsChars/Gavaan/Textures
  artifactKey: Guid(f75ed457c37721941848c64a64380295) Importer(815301076,1909f56bfc062723c751e8b465ee728b)
Start importing Assets/Chars/RuinsChars/Gavaan/Textures using Guid(f75ed457c37721941848c64a64380295) Importer(815301076,1909f56bfc062723c751e8b465ee728b)  -> (artifact id: 'ed43de11e6dbac478f7b4f16862535e1') in 0.001748 seconds 
========================================================================
Received Import Request.
  Time since last request: 2.312193 seconds.
  path: Assets/Chars/RuinsChars/Seraz/Textures
  artifactKey: Guid(5543884b9bc2041408ade756fe94729a) Importer(815301076,1909f56bfc062723c751e8b465ee728b)
Start importing Assets/Chars/RuinsChars/Seraz/Textures using Guid(5543884b9bc2041408ade756fe94729a) Importer(815301076,1909f56bfc062723c751e8b465ee728b)  -> (artifact id: 'ac86c44a1237b5d4c102c06ec4c8fa09') in 0.001698 seconds 
========================================================================
Received Import Request.
  Time since last request: 2.696239 seconds.
  path: Assets/Chars/RuinsChars/Xalerie/Textures
  artifactKey: Guid(afa0c3c039c7dbc46bd4a2c68f9829a9) Importer(815301076,1909f56bfc062723c751e8b465ee728b)
Start importing Assets/Chars/RuinsChars/Xalerie/Textures using Guid(afa0c3c039c7dbc46bd4a2c68f9829a9) Importer(815301076,1909f56bfc062723c751e8b465ee728b)  -> (artifact id: '216bf9d59be612a0efd30dfa709578bc') in 0.001873 seconds 
========================================================================
Received Import Request.
  Time since last request: 18.457134 seconds.
  path: Assets/Chars/RuinsChars/ruins_aestablender 2.fbx
  artifactKey: Guid(f4ad90931b1eee9448e70e12df6fcd59) Importer(815301076,1909f56bfc062723c751e8b465ee728b)
Start importing Assets/Chars/RuinsChars/ruins_aestablender 2.fbx using Guid(f4ad90931b1eee9448e70e12df6fcd59) Importer(815301076,1909f56bfc062723c751e8b465ee728b)  -> (artifact id: 'd9e6411fe6d865ae89d4bd3c8d426b5f') in 0.401572 seconds 
========================================================================
Received Import Request.
  Time since last request: 59.245869 seconds.
  path: Assets/Chars/RuinsChars/young_lightskinned_female_diffuse.png
  artifactKey: Guid(faf63e0154dce52478a251b0bc9d5458) Importer(815301076,1909f56bfc062723c751e8b465ee728b)
Start importing Assets/Chars/RuinsChars/young_lightskinned_female_diffuse.png using Guid(faf63e0154dce52478a251b0bc9d5458) Importer(815301076,1909f56bfc062723c751e8b465ee728b)  -> (artifact id: '8eee41a03d2e32d5e55aa92a50f14f18') in 0.020195 seconds 
========================================================================
Received Import Request.
  Time since last request: 0.008733 seconds.
  path: Assets/Chars/RuinsChars/ruins_aestablender 2.fbx
  artifactKey: Guid(f4ad90931b1eee9448e70e12df6fcd59) Importer(815301076,1909f56bfc062723c751e8b465ee728b)
Start importing Assets/Chars/RuinsChars/ruins_aestablender 2.fbx using Guid(f4ad90931b1eee9448e70e12df6fcd59) Importer(815301076,1909f56bfc062723c751e8b465ee728b)  -> (artifact id: '91b80627f5ce7a271d743a2cc6e61924') in 0.256106 seconds 
========================================================================
Received Import Request.
  Time since last request: 20.476414 seconds.
  path: Assets/Chars/Xalerie/Textures/Vest_Height.png
  artifactKey: Guid(456c35ff689739247bfdaf51c7a677aa) Importer(815301076,1909f56bfc062723c751e8b465ee728b)
Start importing Assets/Chars/Xalerie/Textures/Vest_Height.png using Guid(456c35ff689739247bfdaf51c7a677aa) Importer(815301076,1909f56bfc062723c751e8b465ee728b)  -> (artifact id: '98804fe4d0aff4c48b102f114dd52b60') in 0.011239 seconds 
========================================================================
Received Import Request.
  Time since last request: 0.000030 seconds.
  path: Assets/Chars/Xalerie/Textures/young_darkskinned_female_diffuse.png
  artifactKey: Guid(9353c08f7c97f0240ab29a51c6c0b898) Importer(815301076,1909f56bfc062723c751e8b465ee728b)
Start importing Assets/Chars/Xalerie/Textures/young_darkskinned_female_diffuse.png using Guid(9353c08f7c97f0240ab29a51c6c0b898) Importer(815301076,1909f56bfc062723c751e8b465ee728b)  -> (artifact id: 'b0971703adb84f171a8e00a5a9c07cc1') in 0.012860 seconds 
========================================================================
Received Import Request.
  Time since last request: 0.000020 seconds.
  path: Assets/Chars/Seraz/Textures/young_lightskinned_male_diffuse3.png
  artifactKey: Guid(89bf0563f59acb9488741fb32199c389) Importer(815301076,1909f56bfc062723c751e8b465ee728b)
Start importing Assets/Chars/Seraz/Textures/young_lightskinned_male_diffuse3.png using Guid(89bf0563f59acb9488741fb32199c389) Importer(815301076,1909f56bfc062723c751e8b465ee728b)  -> (artifact id: '7d484b4f7d6880f148ba0c5e2de6dd82') in 0.013859 seconds 
========================================================================
Received Import Request.
  Time since last request: 8.893075 seconds.
  path: Assets/Chars/RuinsChars/Xalerie/Materials
  artifactKey: Guid(a3818d996e059ef4ba81d86cebc56067) Importer(815301076,1909f56bfc062723c751e8b465ee728b)
Start importing Assets/Chars/RuinsChars/Xalerie/Materials using Guid(a3818d996e059ef4ba81d86cebc56067) Importer(815301076,1909f56bfc062723c751e8b465ee728b)  -> (artifact id: '792593364bf06947f9e0d43c71b6bbd3') in 0.001923 seconds 
========================================================================
Received Import Request.
  Time since last request: 9.629406 seconds.
  path: Assets/Chars/Xalerie/Materials
  artifactKey: Guid(9090bc6e4a79cf6428babc62348d8b39) Importer(815301076,1909f56bfc062723c751e8b465ee728b)
Start importing Assets/Chars/Xalerie/Materials using Guid(9090bc6e4a79cf6428babc62348d8b39) Importer(815301076,1909f56bfc062723c751e8b465ee728b)  -> (artifact id: '63d4a838858bb80d5ae5046caa94b218') in 0.002041 seconds 
========================================================================
Received Import Request.
  Time since last request: 0.091392 seconds.
  path: Assets/Chars/Xalerie/Materials/Boots.mat
  artifactKey: Guid(694e7112c7694584ab9f0546fac5dc7b) Importer(815301076,1909f56bfc062723c751e8b465ee728b)
Start importing Assets/Chars/Xalerie/Materials/Boots.mat using Guid(694e7112c7694584ab9f0546fac5dc7b) Importer(815301076,1909f56bfc062723c751e8b465ee728b)  -> (artifact id: '3a97f7bf6c45e432b788ed64abc53406') in 0.018163 seconds 
========================================================================
Received Import Request.
  Time since last request: 0.000038 seconds.
  path: Assets/Chars/Xalerie/Materials/Vest.mat
  artifactKey: Guid(14e9f3e03135f98439d65e7fe45b1d4e) Importer(815301076,1909f56bfc062723c751e8b465ee728b)
Start importing Assets/Chars/Xalerie/Materials/Vest.mat using Guid(14e9f3e03135f98439d65e7fe45b1d4e) Importer(815301076,1909f56bfc062723c751e8b465ee728b)  -> (artifact id: 'c3596bc4c4037fedbda9fe0a0297f6da') in 0.014178 seconds 
========================================================================
Received Import Request.
  Time since last request: 0.000045 seconds.
  path: Assets/Chars/Xalerie/Materials/Hair.mat
  artifactKey: Guid(5876b62f330c7a74bba8b3950b5cf089) Importer(815301076,1909f56bfc062723c751e8b465ee728b)
Start importing Assets/Chars/Xalerie/Materials/Hair.mat using Guid(5876b62f330c7a74bba8b3950b5cf089) Importer(815301076,1909f56bfc062723c751e8b465ee728b)  -> (artifact id: 'f64f9e34a1ee8a435ecf48bb51633949') in 0.015615 seconds 
========================================================================
Received Import Request.
  Time since last request: 0.000025 seconds.
  path: Assets/Chars/Xalerie/Materials/Skin.mat
  artifactKey: Guid(32ffd002d44ecb54c99c82e03ab738b4) Importer(815301076,1909f56bfc062723c751e8b465ee728b)
Start importing Assets/Chars/Xalerie/Materials/Skin.mat using Guid(32ffd002d44ecb54c99c82e03ab738b4) Importer(815301076,1909f56bfc062723c751e8b465ee728b)  -> (artifact id: 'b14341228321818a7626157d5af5e6fb') in 0.014051 seconds 
========================================================================
Received Import Request.
  Time since last request: 1.594043 seconds.
  path: Assets/Chars/Xalerie/Textures
  artifactKey: Guid(274da567707556d4ea02bf0be63ba2b3) Importer(815301076,1909f56bfc062723c751e8b465ee728b)
Start importing Assets/Chars/Xalerie/Textures using Guid(274da567707556d4ea02bf0be63ba2b3) Importer(815301076,1909f56bfc062723c751e8b465ee728b)  -> (artifact id: '1d27291c3320a283314f8e6939abd6ce') in 0.002237 seconds 
========================================================================
Received Import Request.
  Time since last request: 0.497591 seconds.
  path: Assets/Chars/Xalerie/Textures/braid01_diffuse.png
  artifactKey: Guid(91cf559f0b34e354cb194197e60445a1) Importer(815301076,1909f56bfc062723c751e8b465ee728b)
Start importing Assets/Chars/Xalerie/Textures/braid01_diffuse.png using Guid(91cf559f0b34e354cb194197e60445a1) Importer(815301076,1909f56bfc062723c751e8b465ee728b)  -> (artifact id: '342584ebb65de8867e196939c8910963') in 0.014701 seconds 
========================================================================
Received Import Request.
  Time since last request: 0.000017 seconds.
  path: Assets/Chars/Xalerie/Textures/tongue01_diffuse.png
  artifactKey: Guid(2b22f98e02667ad40b34c7277eb6f3bc) Importer(815301076,1909f56bfc062723c751e8b465ee728b)
Start importing Assets/Chars/Xalerie/Textures/tongue01_diffuse.png using Guid(2b22f98e02667ad40b34c7277eb6f3bc) Importer(815301076,1909f56bfc062723c751e8b465ee728b)  -> (artifact id: 'c621692a47d105ede57ff159097e96d3') in 0.014774 seconds 
========================================================================
Received Import Request.
  Time since last request: 0.000023 seconds.
  path: Assets/Chars/Xalerie/Textures/girlyshortex5.png
  artifactKey: Guid(61749634e5501234d9098acb18610c1f) Importer(815301076,1909f56bfc062723c751e8b465ee728b)
Start importing Assets/Chars/Xalerie/Textures/girlyshortex5.png using Guid(61749634e5501234d9098acb18610c1f) Importer(815301076,1909f56bfc062723c751e8b465ee728b)  -> (artifact id: 'ef870d36ee102cfa17e9a4871a9b8483') in 0.014657 seconds 
========================================================================
Received Import Request.
  Time since last request: 0.000018 seconds.
  path: Assets/Chars/Xalerie/Textures/Shoes_Biker_Boots.png
  artifactKey: Guid(9f8de625466a46243ade800e66547a19) Importer(815301076,1909f56bfc062723c751e8b465ee728b)
Start importing Assets/Chars/Xalerie/Textures/Shoes_Biker_Boots.png using Guid(9f8de625466a46243ade800e66547a19) Importer(815301076,1909f56bfc062723c751e8b465ee728b)  -> (artifact id: '7df2f7247efc3f2dca839bcd2cae92af') in 0.018222 seconds 
========================================================================
Received Import Request.
  Time since last request: 0.000025 seconds.
  path: Assets/Chars/Xalerie/Textures/eyebrow006.png
  artifactKey: Guid(b663872a79bf2a44990f0f297e308e88) Importer(815301076,1909f56bfc062723c751e8b465ee728b)
Start importing Assets/Chars/Xalerie/Textures/eyebrow006.png using Guid(b663872a79bf2a44990f0f297e308e88) Importer(815301076,1909f56bfc062723c751e8b465ee728b)  -> (artifact id: 'ad96ff94f176c02d08c5f61bd211a7ca') in 0.010040 seconds 
========================================================================
Received Import Request.
  Time since last request: 10.831103 seconds.
  path: Assets/Chars/RuinsChars/young_darkskinned_female_diffuse.png
  artifactKey: Guid(e653c8e570bd2a342a93cfcc4096afa4) Importer(815301076,1909f56bfc062723c751e8b465ee728b)
Start importing Assets/Chars/RuinsChars/young_darkskinned_female_diffuse.png using Guid(e653c8e570bd2a342a93cfcc4096afa4) Importer(815301076,1909f56bfc062723c751e8b465ee728b)  -> (artifact id: '5b5971feb957532d5a9ee28557132b27') in 0.007990 seconds 
========================================================================
Received Import Request.
  Time since last request: 0.017080 seconds.
  path: Assets/Chars/RuinsChars/ruins_xalerieblender2.fbx
  artifactKey: Guid(8d6249b0095186044abcdc9921711160) Importer(815301076,1909f56bfc062723c751e8b465ee728b)
Start importing Assets/Chars/RuinsChars/ruins_xalerieblender2.fbx using Guid(8d6249b0095186044abcdc9921711160) Importer(815301076,1909f56bfc062723c751e8b465ee728b)  -> (artifact id: '8ef9d757025ae54f121110a3a1d7ce0f') in 0.238260 seconds 
========================================================================
Received Import Request.
  Time since last request: 27.303870 seconds.
  path: Packages/com.unity.probuilder/Content/Icons/Toolbar/Bezier_Aligned.png
  artifactKey: Guid(bf4846dc2a1a844a29268dbc71f1c454) Importer(815301076,1909f56bfc062723c751e8b465ee728b)
Start importing Packages/com.unity.probuilder/Content/Icons/Toolbar/Bezier_Aligned.png using Guid(bf4846dc2a1a844a29268dbc71f1c454) Importer(815301076,1909f56bfc062723c751e8b465ee728b)  -> (artifact id: 'badeb61af0a168716d47298578d9f41a') in 0.013543 seconds 
========================================================================
Received Import Request.
  Time since last request: 0.000024 seconds.
  path: Packages/com.unity.textmeshpro/Editor Resources/Textures/btn_AlignBaseLine_Light.psd
  artifactKey: Guid(18775b51e3bd42299fd30bd036ea982f) Importer(815301076,1909f56bfc062723c751e8b465ee728b)
Start importing Packages/com.unity.textmeshpro/Editor Resources/Textures/btn_AlignBaseLine_Light.psd using Guid(18775b51e3bd42299fd30bd036ea982f) Importer(815301076,1909f56bfc062723c751e8b465ee728b)  -> (artifact id: '42cfc1279a46fbaf1919953bf728d691') in 0.028233 seconds 
========================================================================
Received Import Request.
  Time since last request: 53.736377 seconds.
  path: Assets/Chars/RuinsChars/eyelashes03.png
  artifactKey: Guid(1dba27098e427804085fd0af76f89b7e) Importer(815301076,1909f56bfc062723c751e8b465ee728b)
Start importing Assets/Chars/RuinsChars/eyelashes03.png using Guid(1dba27098e427804085fd0af76f89b7e) Importer(815301076,1909f56bfc062723c751e8b465ee728b)  -> (artifact id: '25323c0c4001dcc879f4ef99f9a2aebd') in 0.008292 seconds 
========================================================================
Received Import Request.
  Time since last request: 0.023461 seconds.
  path: Assets/Chars/RuinsChars/ruins_aestablender 2.fbx
  artifactKey: Guid(f4ad90931b1eee9448e70e12df6fcd59) Importer(815301076,1909f56bfc062723c751e8b465ee728b)
Start importing Assets/Chars/RuinsChars/ruins_aestablender 2.fbx using Guid(f4ad90931b1eee9448e70e12df6fcd59) Importer(815301076,1909f56bfc062723c751e8b465ee728b)  -> (artifact id: '1fed343324443afefe38fda516efa329') in 0.266928 seconds 
========================================================================
Received Import Request.
  Time since last request: 0.000028 seconds.
  path: Assets/Chars/RuinsChars/ruins_xalerieblender4.fbx
  artifactKey: Guid(2dfae100a2d4c8a4eb5871f8b2eeda0e) Importer(815301076,1909f56bfc062723c751e8b465ee728b)
Start importing Assets/Chars/RuinsChars/ruins_xalerieblender4.fbx using Guid(2dfae100a2d4c8a4eb5871f8b2eeda0e) Importer(815301076,1909f56bfc062723c751e8b465ee728b)  -> (artifact id: '448a081220d18e505f65af40d5a59bfa') in 0.209965 seconds 
========================================================================
Received Import Request.
  Time since last request: 15.563796 seconds.
  path: Assets/Chars/RuinsChars/Aesta/eyelashes03.mat
  artifactKey: Guid(ad37e2379a62b334fa9f12b34f0e0687) Importer(815301076,1909f56bfc062723c751e8b465ee728b)
Start importing Assets/Chars/RuinsChars/Aesta/eyelashes03.mat using Guid(ad37e2379a62b334fa9f12b34f0e0687) Importer(815301076,1909f56bfc062723c751e8b465ee728b)  -> (artifact id: '7b5b55f31cd9e35b008a0e8046146a7b') in 0.010265 seconds 
========================================================================
Received Import Request.
  Time since last request: 37.346944 seconds.
  path: Assets/Chars/RuinsChars/female_generic 1.mat
  artifactKey: Guid(4a707824d99544e42a73412874963e5a) Importer(815301076,1909f56bfc062723c751e8b465ee728b)
Start importing Assets/Chars/RuinsChars/female_generic 1.mat using Guid(4a707824d99544e42a73412874963e5a) Importer(815301076,1909f56bfc062723c751e8b465ee728b)  -> (artifact id: 'a9e13543f34d67dcce16ccc324c1b0a2') in 0.013817 seconds 
========================================================================
Received Import Request.
  Time since last request: 3.083471 seconds.
  path: Assets/Chars/RuinsChars/ruins_gavaanblender.fbx
  artifactKey: Guid(55f5013dcaa7d1c468674611ff7d6239) Importer(815301076,1909f56bfc062723c751e8b465ee728b)
Start importing Assets/Chars/RuinsChars/ruins_gavaanblender.fbx using Guid(55f5013dcaa7d1c468674611ff7d6239) Importer(815301076,1909f56bfc062723c751e8b465ee728b)  -> (artifact id: '50cf0c646541fe03041b64249d082286') in 0.218879 seconds 
========================================================================
Received Import Request.
  Time since last request: 0.000037 seconds.
  path: Assets/Chars/RuinsChars/ruins_serazblender7.fbx
  artifactKey: Guid(481bfa7f042708d4694245e438de60c2) Importer(815301076,1909f56bfc062723c751e8b465ee728b)
Start importing Assets/Chars/RuinsChars/ruins_serazblender7.fbx using Guid(481bfa7f042708d4694245e438de60c2) Importer(815301076,1909f56bfc062723c751e8b465ee728b)  -> (artifact id: '8fec5604bbd9b0b4774a71464469e67e') in 0.185138 seconds 
========================================================================
Received Import Request.
  Time since last request: 25.187967 seconds.
  path: Assets/Chars/RuinsChars/braid01_diffuse.png
  artifactKey: Guid(b2e327a704afa794fb38379db7e576e0) Importer(815301076,1909f56bfc062723c751e8b465ee728b)
Start importing Assets/Chars/RuinsChars/braid01_diffuse.png using Guid(b2e327a704afa794fb38379db7e576e0) Importer(815301076,1909f56bfc062723c751e8b465ee728b)  -> (artifact id: '2953ee3ba2dc361082ca95f83ba6c424') in 0.011442 seconds 
========================================================================
Received Import Request.
  Time since last request: 0.027351 seconds.
  path: Assets/Chars/RuinsChars/ruins_xalerieblender2.fbx
  artifactKey: Guid(8d6249b0095186044abcdc9921711160) Importer(815301076,1909f56bfc062723c751e8b465ee728b)
Start importing Assets/Chars/RuinsChars/ruins_xalerieblender2.fbx using Guid(8d6249b0095186044abcdc9921711160) Importer(815301076,1909f56bfc062723c751e8b465ee728b)  -> (artifact id: '5b7bb16d78fc6381fd645cb863832f07') in 0.292436 seconds 
========================================================================
Received Import Request.
  Time since last request: 15.954031 seconds.
  path: Assets/Chars/RuinsChars/ruins_serazblender3.fbx
  artifactKey: Guid(d15fda81fe750e849860105908d48b43) Importer(815301076,1909f56bfc062723c751e8b465ee728b)
Start importing Assets/Chars/RuinsChars/ruins_serazblender3.fbx using Guid(d15fda81fe750e849860105908d48b43) Importer(815301076,1909f56bfc062723c751e8b465ee728b)  -> (artifact id: 'a5a323e870f03b6df8556222a0c5ee2a') in 0.209554 seconds 
========================================================================
Received Import Request.
  Time since last request: 0.000031 seconds.
  path: Assets/Chars/RuinsChars/ruins_serazblender7.fbx
  artifactKey: Guid(481bfa7f042708d4694245e438de60c2) Importer(815301076,1909f56bfc062723c751e8b465ee728b)
Start importing Assets/Chars/RuinsChars/ruins_serazblender7.fbx using Guid(481bfa7f042708d4694245e438de60c2) Importer(815301076,1909f56bfc062723c751e8b465ee728b)  -> (artifact id: '49eb85701107319907e5e93e8053ac01') in 0.156601 seconds 
========================================================================
Received Import Request.
  Time since last request: 6.313129 seconds.
  path: Assets/Chars/RuinsChars/ruins_gavaanblender.fbx
  artifactKey: Guid(55f5013dcaa7d1c468674611ff7d6239) Importer(815301076,1909f56bfc062723c751e8b465ee728b)
Start importing Assets/Chars/RuinsChars/ruins_gavaanblender.fbx using Guid(55f5013dcaa7d1c468674611ff7d6239) Importer(815301076,1909f56bfc062723c751e8b465ee728b)  -> (artifact id: '7ff9e6eae36d255b28020f5a70846f64') in 0.130074 seconds 
========================================================================
Received Import Request.
  Time since last request: 5.062137 seconds.
  path: Assets/Chars/RuinsChars/ruins_gavaanblender.fbx
  artifactKey: Guid(55f5013dcaa7d1c468674611ff7d6239) Importer(815301076,1909f56bfc062723c751e8b465ee728b)
Start importing Assets/Chars/RuinsChars/ruins_gavaanblender.fbx using Guid(55f5013dcaa7d1c468674611ff7d6239) Importer(815301076,1909f56bfc062723c751e8b465ee728b)  -> (artifact id: '1677bf70613f48338f02f406a2050485') in 0.178246 seconds 
========================================================================
Received Import Request.
  Time since last request: 15.888189 seconds.
  path: Assets/Chars/RuinsChars/ruins_xalerieblender2.fbx
  artifactKey: Guid(8d6249b0095186044abcdc9921711160) Importer(815301076,1909f56bfc062723c751e8b465ee728b)
Start importing Assets/Chars/RuinsChars/ruins_xalerieblender2.fbx using Guid(8d6249b0095186044abcdc9921711160) Importer(815301076,1909f56bfc062723c751e8b465ee728b)  -> (artifact id: 'f8f73a97004f17af8b2d031a615dfea1') in 0.224778 seconds 
========================================================================
Received Import Request.
  Time since last request: 9.061415 seconds.
  path: Assets/Chars/RuinsChars/ruins_serazblender3.fbx
  artifactKey: Guid(d15fda81fe750e849860105908d48b43) Importer(815301076,1909f56bfc062723c751e8b465ee728b)
Start importing Assets/Chars/RuinsChars/ruins_serazblender3.fbx using Guid(d15fda81fe750e849860105908d48b43) Importer(815301076,1909f56bfc062723c751e8b465ee728b)  -> (artifact id: 'a606a27e64846c5fbf74a6a696504bb3') in 0.227548 seconds 
========================================================================
Received Import Request.
  Time since last request: 0.000027 seconds.
  path: Assets/Chars/RuinsChars/ruins_serazblender7.fbx
  artifactKey: Guid(481bfa7f042708d4694245e438de60c2) Importer(815301076,1909f56bfc062723c751e8b465ee728b)
Start importing Assets/Chars/RuinsChars/ruins_serazblender7.fbx using Guid(481bfa7f042708d4694245e438de60c2) Importer(815301076,1909f56bfc062723c751e8b465ee728b)  -> (artifact id: 'f325959a4de40704e720bad36cac6b20') in 0.155299 seconds 
========================================================================
Received Import Request.
  Time since last request: 13.251367 seconds.
  path: Assets/Prefabs/Ruins_Aesta.prefab
  artifactKey: Guid(511ff73930c81d8428a7e3350e4e5563) Importer(815301076,1909f56bfc062723c751e8b465ee728b)
Start importing Assets/Prefabs/Ruins_Aesta.prefab using Guid(511ff73930c81d8428a7e3350e4e5563) Importer(815301076,1909f56bfc062723c751e8b465ee728b)  -> (artifact id: 'd69f2c423a2e2342497da9ac5c38f187') in 0.150146 seconds 
========================================================================
Received Import Request.
  Time since last request: 31.187856 seconds.
  path: Assets/Chars/RuinsChars/Xalerie/eyelashes03.mat
  artifactKey: Guid(68fd8ae2674fa9c4c8068deca06a99c7) Importer(815301076,1909f56bfc062723c751e8b465ee728b)
Start importing Assets/Chars/RuinsChars/Xalerie/eyelashes03.mat using Guid(68fd8ae2674fa9c4c8068deca06a99c7) Importer(815301076,1909f56bfc062723c751e8b465ee728b)  -> (artifact id: '7e5717bc7910aaaad88e80fd7781e585') in 0.036089 seconds 
========================================================================
Received Import Request.
  Time since last request: 18.398574 seconds.
  path: Assets/Chars/RuinsChars/Aesta/Materials/elvs_hazel_hair.mat
  artifactKey: Guid(333decf6ccb6e2e468740f5a17f1e11e) Importer(815301076,1909f56bfc062723c751e8b465ee728b)
Start importing Assets/Chars/RuinsChars/Aesta/Materials/elvs_hazel_hair.mat using Guid(333decf6ccb6e2e468740f5a17f1e11e) Importer(815301076,1909f56bfc062723c751e8b465ee728b)  -> (artifact id: '954c338050e9a61b5c37b232061882f1') in 0.018360 seconds 
========================================================================
Received Import Request.
  Time since last request: 4.757025 seconds.
  path: Assets/Chars/RuinsChars/Xalerie/Materials/eyelashes03.mat
  artifactKey: Guid(c7c949fd65511a74cb3fadfaca5c0716) Importer(815301076,1909f56bfc062723c751e8b465ee728b)
Start importing Assets/Chars/RuinsChars/Xalerie/Materials/eyelashes03.mat using Guid(c7c949fd65511a74cb3fadfaca5c0716) Importer(815301076,1909f56bfc062723c751e8b465ee728b)  -> (artifact id: 'e5c0e0d7391a190bbe7a40609ce4fc1c') in 0.008591 seconds 
========================================================================
Received Import Request.
  Time since last request: 19.143444 seconds.
  path: Assets/Chars/RuinsChars/Xalerie/braid01.mat
  artifactKey: Guid(3daef72eda44d0a45904b7abfbf9643e) Importer(815301076,1909f56bfc062723c751e8b465ee728b)
Start importing Assets/Chars/RuinsChars/Xalerie/braid01.mat using Guid(3daef72eda44d0a45904b7abfbf9643e) Importer(815301076,1909f56bfc062723c751e8b465ee728b)  -> (artifact id: 'fa55f0273bf355ea6a8f89be00a86aa1') in 0.010514 seconds 
========================================================================
Received Import Request.
  Time since last request: 2.199174 seconds.
  path: Assets/Chars/RuinsChars/Xalerie/Textures/eyelashes03.png
  artifactKey: Guid(c4f558579f0fff8418f3a85265507e8f) Importer(815301076,1909f56bfc062723c751e8b465ee728b)
Start importing Assets/Chars/RuinsChars/Xalerie/Textures/eyelashes03.png using Guid(c4f558579f0fff8418f3a85265507e8f) Importer(815301076,1909f56bfc062723c751e8b465ee728b)  -> (artifact id: '0524a62d8ea4a774d78bad69664cc17d') in 0.008562 seconds 
========================================================================
Received Import Request.
  Time since last request: 11.914104 seconds.
  path: Assets/Chars/RuinsChars/ruins_aestablender 2.fbx
  artifactKey: Guid(f4ad90931b1eee9448e70e12df6fcd59) Importer(815301076,1909f56bfc062723c751e8b465ee728b)
Start importing Assets/Chars/RuinsChars/ruins_aestablender 2.fbx using Guid(f4ad90931b1eee9448e70e12df6fcd59) Importer(815301076,1909f56bfc062723c751e8b465ee728b)  -> (artifact id: 'a59ca5c41ee35788c4b0063137348d6c') in 0.228881 seconds 
========================================================================
Received Import Request.
  Time since last request: 0.000029 seconds.
  path: Assets/Chars/RuinsChars/ruins_xalerieblender4.fbx
  artifactKey: Guid(2dfae100a2d4c8a4eb5871f8b2eeda0e) Importer(815301076,1909f56bfc062723c751e8b465ee728b)
Start importing Assets/Chars/RuinsChars/ruins_xalerieblender4.fbx using Guid(2dfae100a2d4c8a4eb5871f8b2eeda0e) Importer(815301076,1909f56bfc062723c751e8b465ee728b)  -> (artifact id: '7bbde4c8501050b09237aa1fbeb7ac74') in 0.244448 seconds 
========================================================================
Received Import Request.
  Time since last request: 0.000033 seconds.
  path: Assets/Chars/RuinsChars/ruins_xalerieblender2.fbx
  artifactKey: Guid(8d6249b0095186044abcdc9921711160) Importer(815301076,1909f56bfc062723c751e8b465ee728b)
Start importing Assets/Chars/RuinsChars/ruins_xalerieblender2.fbx using Guid(8d6249b0095186044abcdc9921711160) Importer(815301076,1909f56bfc062723c751e8b465ee728b)  -> (artifact id: 'eff9fe7f1d7cb07c5e42d99760bcbf28') in 0.204405 seconds 
========================================================================
Received Import Request.
  Time since last request: 37.395107 seconds.
  path: Assets/Chars/RuinsChars/Gavaan/eyelashes01.001.mat
  artifactKey: Guid(21c44fa510a62f44d86d813aad26f0f9) Importer(815301076,1909f56bfc062723c751e8b465ee728b)
Start importing Assets/Chars/RuinsChars/Gavaan/eyelashes01.001.mat using Guid(21c44fa510a62f44d86d813aad26f0f9) Importer(815301076,1909f56bfc062723c751e8b465ee728b)  -> (artifact id: 'edbd645a102e0472aa049cbf298ff75b') in 0.030283 seconds 
========================================================================
Received Import Request.
  Time since last request: 7.965827 seconds.
  path: Assets/Chars/Gavaan/Textures
  artifactKey: Guid(9bd99b896869591468338e7e58f17e32) Importer(815301076,1909f56bfc062723c751e8b465ee728b)
Start importing Assets/Chars/Gavaan/Textures using Guid(9bd99b896869591468338e7e58f17e32) Importer(815301076,1909f56bfc062723c751e8b465ee728b)  -> (artifact id: '773bd81770772386b2c2dc405e5deaa3') in 0.001859 seconds 
========================================================================
Received Import Request.
  Time since last request: 11.354692 seconds.
  path: Assets/Chars/RuinsChars/lightblue_eye.png
  artifactKey: Guid(856770fb97b335349adfd6d9bac1a774) Importer(815301076,1909f56bfc062723c751e8b465ee728b)
Start importing Assets/Chars/RuinsChars/lightblue_eye.png using Guid(856770fb97b335349adfd6d9bac1a774) Importer(815301076,1909f56bfc062723c751e8b465ee728b)  -> (artifact id: '20508aa85dcbe3ddf6f865a5836f37a0') in 0.008596 seconds 
========================================================================
Received Import Request.
  Time since last request: 0.017694 seconds.
  path: Assets/Chars/RuinsChars/ruins_gavaanblender.fbx
  artifactKey: Guid(55f5013dcaa7d1c468674611ff7d6239) Importer(815301076,1909f56bfc062723c751e8b465ee728b)
Start importing Assets/Chars/RuinsChars/ruins_gavaanblender.fbx using Guid(55f5013dcaa7d1c468674611ff7d6239) Importer(815301076,1909f56bfc062723c751e8b465ee728b)  -> (artifact id: 'b2aca190942d99958d67d965db370d17') in 0.138223 seconds 
========================================================================
Received Import Request.
  Time since last request: 39.828917 seconds.
  path: Assets/Chars/RuinsChars/ruins_serazblender3.fbx
  artifactKey: Guid(d15fda81fe750e849860105908d48b43) Importer(815301076,1909f56bfc062723c751e8b465ee728b)
Start importing Assets/Chars/RuinsChars/ruins_serazblender3.fbx using Guid(d15fda81fe750e849860105908d48b43) Importer(815301076,1909f56bfc062723c751e8b465ee728b)  -> (artifact id: 'c7a03054e43ed8294a7a5c761c781045') in 0.189298 seconds 
========================================================================
Received Import Request.
  Time since last request: 0.000029 seconds.
  path: Assets/Chars/RuinsChars/ruins_serazblender7.fbx
  artifactKey: Guid(481bfa7f042708d4694245e438de60c2) Importer(815301076,1909f56bfc062723c751e8b465ee728b)
Start importing Assets/Chars/RuinsChars/ruins_serazblender7.fbx using Guid(481bfa7f042708d4694245e438de60c2) Importer(815301076,1909f56bfc062723c751e8b465ee728b)  -> (artifact id: '3b1dd684a823d7bbb2a84cb6debf6227') in 0.177524 seconds 
========================================================================
Received Import Request.
  Time since last request: 4.674836 seconds.
  path: Assets/UnityStoreAssets/AS_Magic_Aura_Construction_Kit_FREE/FX/Materials/Spiral_1 Pink.mat
  artifactKey: Guid(c9aa8f8cca9bc57499194e99675a693c) Importer(815301076,1909f56bfc062723c751e8b465ee728b)
Start importing Assets/UnityStoreAssets/AS_Magic_Aura_Construction_Kit_FREE/FX/Materials/Spiral_1 Pink.mat using Guid(c9aa8f8cca9bc57499194e99675a693c) Importer(815301076,1909f56bfc062723c751e8b465ee728b)  -> (artifact id: 'c21eb5c26bdc00a0bb742e782e1103a6') in 0.016007 seconds 
========================================================================
Received Import Request.
  Time since last request: 14.667803 seconds.
  path: Assets/Chars/RuinsChars/ruins_xalerieblender2.fbx
  artifactKey: Guid(8d6249b0095186044abcdc9921711160) Importer(815301076,1909f56bfc062723c751e8b465ee728b)
Start importing Assets/Chars/RuinsChars/ruins_xalerieblender2.fbx using Guid(8d6249b0095186044abcdc9921711160) Importer(815301076,1909f56bfc062723c751e8b465ee728b)  -> (artifact id: '4f36c7b3c10e36979f3636405f25f030') in 0.194280 seconds 
========================================================================
Received Import Request.
  Time since last request: 0.000025 seconds.
  path: Assets/Chars/RuinsChars/ruins_xalerieblender4.fbx
  artifactKey: Guid(2dfae100a2d4c8a4eb5871f8b2eeda0e) Importer(815301076,1909f56bfc062723c751e8b465ee728b)
Start importing Assets/Chars/RuinsChars/ruins_xalerieblender4.fbx using Guid(2dfae100a2d4c8a4eb5871f8b2eeda0e) Importer(815301076,1909f56bfc062723c751e8b465ee728b)  -> (artifact id: '935fbc9354f1d0a4347a2f0057254a2f') in 0.163065 seconds 
========================================================================
Received Import Request.
  Time since last request: 21.195663 seconds.
  path: Assets/UnityStoreAssets/AS_Magic_Aura_Construction_Kit_FREE/FX/Materials/Spiral_1 Green.mat
  artifactKey: Guid(91c7b7463697a894f97357a9847578fa) Importer(815301076,1909f56bfc062723c751e8b465ee728b)
Start importing Assets/UnityStoreAssets/AS_Magic_Aura_Construction_Kit_FREE/FX/Materials/Spiral_1 Green.mat using Guid(91c7b7463697a894f97357a9847578fa) Importer(815301076,1909f56bfc062723c751e8b465ee728b)  -> (artifact id: '832cabcfef37677f7ab6aa69d77066f5') in 0.016476 seconds 
========================================================================
Received Import Request.
  Time since last request: 6.475662 seconds.
  path: Assets/Chars/Seraz/Textures/eyebrow012.png
  artifactKey: Guid(1493c8417466a3a48be7ca095037134e) Importer(815301076,1909f56bfc062723c751e8b465ee728b)
Start importing Assets/Chars/Seraz/Textures/eyebrow012.png using Guid(1493c8417466a3a48be7ca095037134e) Importer(815301076,1909f56bfc062723c751e8b465ee728b)  -> (artifact id: 'efd45d3a7f914577b94f57a1fba219d3') in 0.012378 seconds 
========================================================================
Received Import Request.
  Time since last request: 0.000028 seconds.
  path: Assets/Chars/Seraz/Textures/M_Trousers_01.png
  artifactKey: Guid(b47d93c5c97fc7546a35af265e6a8b37) Importer(815301076,1909f56bfc062723c751e8b465ee728b)
Start importing Assets/Chars/Seraz/Textures/M_Trousers_01.png using Guid(b47d93c5c97fc7546a35af265e6a8b37) Importer(815301076,1909f56bfc062723c751e8b465ee728b)  -> (artifact id: '907ad084a99ea5a485457e76246cada8') in 0.052507 seconds 
========================================================================
Received Import Request.
  Time since last request: 0.000051 seconds.
  path: Assets/Chars/Seraz/Textures/shoes02_diffuse.png
  artifactKey: Guid(01e746ed29cdfb749a67211d7497a0b5) Importer(815301076,1909f56bfc062723c751e8b465ee728b)
Start importing Assets/Chars/Seraz/Textures/shoes02_diffuse.png using Guid(01e746ed29cdfb749a67211d7497a0b5) Importer(815301076,1909f56bfc062723c751e8b465ee728b)  -> (artifact id: '0a69c9b957de075e434a577f3b9ef258') in 0.010702 seconds 
========================================================================
Received Import Request.
  Time since last request: 0.000061 seconds.
  path: Assets/Chars/Seraz/Textures/M_Trousers_01_SPEC.png
  artifactKey: Guid(b4f8eec584b72964eb73f6b6f6156b18) Importer(815301076,1909f56bfc062723c751e8b465ee728b)
Start importing Assets/Chars/Seraz/Textures/M_Trousers_01_SPEC.png using Guid(b4f8eec584b72964eb73f6b6f6156b18) Importer(815301076,1909f56bfc062723c751e8b465ee728b)  -> (artifact id: '9735c9abc6396ed38e35b5ba9e8cfc7c') in 0.015352 seconds 
========================================================================
Received Import Request.
  Time since last request: 0.000023 seconds.
  path: Assets/Chars/Seraz/Textures/M_Trousers_01_NRM.png
  artifactKey: Guid(88eb47f646d94e84c955d422c5cb278b) Importer(815301076,1909f56bfc062723c751e8b465ee728b)
Start importing Assets/Chars/Seraz/Textures/M_Trousers_01_NRM.png using Guid(88eb47f646d94e84c955d422c5cb278b) Importer(815301076,1909f56bfc062723c751e8b465ee728b)  -> (artifact id: '12d846e7631552d7e3b214d59b5dde3a') in 0.016405 seconds 
========================================================================
Received Import Request.
  Time since last request: 0.000023 seconds.
  path: Assets/Chars/Seraz/Textures/tongue01_diffuse.png
  artifactKey: Guid(f461e3b48167135488035b81f8da14d0) Importer(815301076,1909f56bfc062723c751e8b465ee728b)
Start importing Assets/Chars/Seraz/Textures/tongue01_diffuse.png using Guid(f461e3b48167135488035b81f8da14d0) Importer(815301076,1909f56bfc062723c751e8b465ee728b)  -> (artifact id: '02897e7f70aa11d32f48324afab2780d') in 0.011414 seconds 
========================================================================
Received Import Request.
  Time since last request: 36.272288 seconds.
  path: Assets/Chars/RuinsChars/green_eye.png
  artifactKey: Guid(dc840d5a6399da341afee4ad42b01689) Importer(815301076,1909f56bfc062723c751e8b465ee728b)
Start importing Assets/Chars/RuinsChars/green_eye.png using Guid(dc840d5a6399da341afee4ad42b01689) Importer(815301076,1909f56bfc062723c751e8b465ee728b)  -> (artifact id: '24716beeb2f49032b47fd63bdb4f514e') in 0.009730 seconds 
========================================================================
Received Import Request.
  Time since last request: 0.025462 seconds.
  path: Assets/Chars/RuinsChars/M_Trousers_01.png
  artifactKey: Guid(f92fb6ffadfe5a345a71cb80e7c5b315) Importer(815301076,1909f56bfc062723c751e8b465ee728b)
Start importing Assets/Chars/RuinsChars/M_Trousers_01.png using Guid(f92fb6ffadfe5a345a71cb80e7c5b315) Importer(815301076,1909f56bfc062723c751e8b465ee728b)  -> (artifact id: 'b0d82b463e70a74a2366d653298ace7e') in 0.019143 seconds 
========================================================================
Received Import Request.
  Time since last request: 0.000045 seconds.
  path: Assets/Chars/RuinsChars/ruins_serazblender4.fbx
  artifactKey: Guid(ec52d9efcfb50374ebf346b9c73a010f) Importer(815301076,1909f56bfc062723c751e8b465ee728b)
Start importing Assets/Chars/RuinsChars/ruins_serazblender4.fbx using Guid(ec52d9efcfb50374ebf346b9c73a010f) Importer(815301076,1909f56bfc062723c751e8b465ee728b)  -> (artifact id: 'e4209d286083d2c8c4fe3e4c70e0cbcf') in 0.306133 seconds 
========================================================================
Received Import Request.
  Time since last request: 0.000068 seconds.
  path: Assets/Chars/RuinsChars/shirtgreen.png
  artifactKey: Guid(ebbd97d2878c8004eb5c1ec93bc6c891) Importer(815301076,1909f56bfc062723c751e8b465ee728b)
Start importing Assets/Chars/RuinsChars/shirtgreen.png using Guid(ebbd97d2878c8004eb5c1ec93bc6c891) Importer(815301076,1909f56bfc062723c751e8b465ee728b)  -> (artifact id: 'd7416207a53fc0ad6e2c320a9f101d52') in 0.011435 seconds 
========================================================================
Received Import Request.
  Time since last request: 0.000041 seconds.
  path: Assets/Chars/RuinsChars/ruins_serazblender6.fbx
  artifactKey: Guid(a39457c886abe8a4b94bd2decda7cd17) Importer(815301076,1909f56bfc062723c751e8b465ee728b)
Start importing Assets/Chars/RuinsChars/ruins_serazblender6.fbx using Guid(a39457c886abe8a4b94bd2decda7cd17) Importer(815301076,1909f56bfc062723c751e8b465ee728b)  -> (artifact id: 'd46f78f36a8695e5fed9d0253e16129f') in 0.191415 seconds 
========================================================================
Received Import Request.
  Time since last request: 2.877818 seconds.
  path: Assets/Chars/RuinsChars/Seraz/Materials
  artifactKey: Guid(32b0b60731383964ca6377212013c371) Importer(815301076,1909f56bfc062723c751e8b465ee728b)
Start importing Assets/Chars/RuinsChars/Seraz/Materials using Guid(32b0b60731383964ca6377212013c371) Importer(815301076,1909f56bfc062723c751e8b465ee728b)  -> (artifact id: '6988476a7b4643665fb023e737c6250f') in 0.002334 seconds 
========================================================================
Received Import Request.
  Time since last request: 4.240628 seconds.
  path: Assets/Chars/Seraz/Materials
  artifactKey: Guid(8f9a191ea738e78428ba2fb66057b7ec) Importer(815301076,1909f56bfc062723c751e8b465ee728b)
Start importing Assets/Chars/Seraz/Materials using Guid(8f9a191ea738e78428ba2fb66057b7ec) Importer(815301076,1909f56bfc062723c751e8b465ee728b)  -> (artifact id: '3b2f92d0453de575f7eafdd8e508cd92') in 0.002377 seconds 
========================================================================
Received Import Request.
  Time since last request: 0.085070 seconds.
  path: Assets/Chars/Seraz/Materials/Eyebrows.mat
  artifactKey: Guid(d4c83e6ea302f474d868d44c7a30d826) Importer(815301076,1909f56bfc062723c751e8b465ee728b)
Start importing Assets/Chars/Seraz/Materials/Eyebrows.mat using Guid(d4c83e6ea302f474d868d44c7a30d826) Importer(815301076,1909f56bfc062723c751e8b465ee728b)  -> (artifact id: '14445affcf1ff51f44654485b73b1b69') in 0.011759 seconds 
========================================================================
Received Import Request.
  Time since last request: 0.000019 seconds.
  path: Assets/Chars/Seraz/Materials/Hair.mat
  artifactKey: Guid(6d98fa33150284c4cb10bc3fa43c7ce8) Importer(815301076,1909f56bfc062723c751e8b465ee728b)
Start importing Assets/Chars/Seraz/Materials/Hair.mat using Guid(6d98fa33150284c4cb10bc3fa43c7ce8) Importer(815301076,1909f56bfc062723c751e8b465ee728b)  -> (artifact id: 'b7fd02368a32d179feff406248967af6') in 0.275286 seconds 
========================================================================
Received Import Request.
  Time since last request: 15.228829 seconds.
  path: Assets/Chars/RuinsChars/Pants.mat
  artifactKey: Guid(7cad2963acb1116488495f0c1a6fadc3) Importer(815301076,1909f56bfc062723c751e8b465ee728b)
Start importing Assets/Chars/RuinsChars/Pants.mat using Guid(7cad2963acb1116488495f0c1a6fadc3) Importer(815301076,1909f56bfc062723c751e8b465ee728b)  -> (artifact id: '723b1c20da591c2e28fd99bedf3609de') in 0.021269 seconds 
========================================================================
Received Import Request.
  Time since last request: 46.915809 seconds.
  path: Assets/Chars/RuinsChars/ruins_serazblender3.fbx
  artifactKey: Guid(d15fda81fe750e849860105908d48b43) Importer(815301076,1909f56bfc062723c751e8b465ee728b)
Start importing Assets/Chars/RuinsChars/ruins_serazblender3.fbx using Guid(d15fda81fe750e849860105908d48b43) Importer(815301076,1909f56bfc062723c751e8b465ee728b)  -> (artifact id: '85b5a5d861f03bd25fcc4a4ef4e804b9') in 0.269728 seconds 
========================================================================
Received Import Request.
  Time since last request: 0.000059 seconds.
  path: Assets/Chars/RuinsChars/ruins_serazblender7.fbx
  artifactKey: Guid(481bfa7f042708d4694245e438de60c2) Importer(815301076,1909f56bfc062723c751e8b465ee728b)
Start importing Assets/Chars/RuinsChars/ruins_serazblender7.fbx using Guid(481bfa7f042708d4694245e438de60c2) Importer(815301076,1909f56bfc062723c751e8b465ee728b)  -> (artifact id: '3ec5130d90d421421a8f96104a2d81ff') in 0.164671 seconds 
========================================================================
Received Import Request.
  Time since last request: 56.191501 seconds.
  path: Assets/Chars/RuinsChars/Vest_Base_Color.png
  artifactKey: Guid(c50e5433f3aa4c242a7538bc99e63024) Importer(815301076,1909f56bfc062723c751e8b465ee728b)
Start importing Assets/Chars/RuinsChars/Vest_Base_Color.png using Guid(c50e5433f3aa4c242a7538bc99e63024) Importer(815301076,1909f56bfc062723c751e8b465ee728b)  -> (artifact id: 'f7eac57cadeb6147adbb494a3cff5619') in 0.006854 seconds 
========================================================================
Received Import Request.
  Time since last request: 0.026261 seconds.
  path: Assets/Chars/RuinsChars/Buttons_Metallic.png
  artifactKey: Guid(d9f013ef0bc210f468df10262565b2db) Importer(815301076,1909f56bfc062723c751e8b465ee728b)
Start importing Assets/Chars/RuinsChars/Buttons_Metallic.png using Guid(d9f013ef0bc210f468df10262565b2db) Importer(815301076,1909f56bfc062723c751e8b465ee728b)  -> (artifact id: '8ffa8a4a6d1c36ac24a3456036839989') in 0.015201 seconds 
========================================================================
Received Import Request.
  Time since last request: 0.000026 seconds.
  path: Assets/Chars/RuinsChars/Vest_Normal_OpenGL.png
  artifactKey: Guid(2cf3b9e5e4a9242419ef2f707611c550) Importer(815301076,1909f56bfc062723c751e8b465ee728b)
Start importing Assets/Chars/RuinsChars/Vest_Normal_OpenGL.png using Guid(2cf3b9e5e4a9242419ef2f707611c550) Importer(815301076,1909f56bfc062723c751e8b465ee728b)  -> (artifact id: '241203da65c67371fe21bb29dbe18da7') in 0.039134 seconds 
========================================================================
Received Import Request.
  Time since last request: 0.000027 seconds.
  path: Assets/Chars/RuinsChars/ruins_xalerieblender3.fbx
  artifactKey: Guid(760f9367c9cd3554e83872490cddcac6) Importer(815301076,1909f56bfc062723c751e8b465ee728b)
Start importing Assets/Chars/RuinsChars/ruins_xalerieblender3.fbx using Guid(760f9367c9cd3554e83872490cddcac6) Importer(815301076,1909f56bfc062723c751e8b465ee728b)  -> (artifact id: '5f7575a5ae37ceae37babb688a56da86') in 0.272086 seconds 
========================================================================
Received Import Request.
  Time since last request: 51.252081 seconds.
  path: Assets/Chars/RuinsChars/ruins_xalerieblender2.fbx
  artifactKey: Guid(8d6249b0095186044abcdc9921711160) Importer(815301076,1909f56bfc062723c751e8b465ee728b)
Start importing Assets/Chars/RuinsChars/ruins_xalerieblender2.fbx using Guid(8d6249b0095186044abcdc9921711160) Importer(815301076,1909f56bfc062723c751e8b465ee728b)  -> (artifact id: '0fdb0f94bfc26f4687955ee4bf9bf3f8') in 0.224942 seconds 
========================================================================
Received Import Request.
  Time since last request: 15.500149 seconds.
  path: Assets/Chars/RuinsChars/Xalerie/eyelashes03.mat
  artifactKey: Guid(c7c949fd65511a74cb3fadfaca5c0716) Importer(815301076,1909f56bfc062723c751e8b465ee728b)
Start importing Assets/Chars/RuinsChars/Xalerie/eyelashes03.mat using Guid(c7c949fd65511a74cb3fadfaca5c0716) Importer(815301076,1909f56bfc062723c751e8b465ee728b)  -> (artifact id: 'd400d0baa50b0a391141852afad3538f') in 0.010812 seconds 
========================================================================
Received Import Request.
  Time since last request: 7.921411 seconds.
  path: Assets/Chars/RuinsChars/Shorts.mat
  artifactKey: Guid(00c7b03e21471d74394fcd9f4cb31367) Importer(815301076,1909f56bfc062723c751e8b465ee728b)
Start importing Assets/Chars/RuinsChars/Shorts.mat using Guid(00c7b03e21471d74394fcd9f4cb31367) Importer(815301076,1909f56bfc062723c751e8b465ee728b)  -> (artifact id: '4980829008841388b0e89d6852aa173a') in 0.040746 seconds 
========================================================================
Received Import Request.
  Time since last request: 23.223796 seconds.
  path: Assets/Chars/RuinsChars/Xalerie/vest.mat
  artifactKey: Guid(f68d12210879a9744bb0b7fb132f4535) Importer(815301076,1909f56bfc062723c751e8b465ee728b)
Start importing Assets/Chars/RuinsChars/Xalerie/vest.mat using Guid(f68d12210879a9744bb0b7fb132f4535) Importer(815301076,1909f56bfc062723c751e8b465ee728b)  -> (artifact id: 'c58e57f45130e4d016242aeb70fc6c87') in 0.011069 seconds 
========================================================================
Received Import Request.
  Time since last request: 76.292851 seconds.
  path: Assets/Chars/RuinsChars/brown_eye.png
  artifactKey: Guid(9f2d90226a0003b428c7c8302c9a7676) Importer(815301076,1909f56bfc062723c751e8b465ee728b)
Start importing Assets/Chars/RuinsChars/brown_eye.png using Guid(9f2d90226a0003b428c7c8302c9a7676) Importer(815301076,1909f56bfc062723c751e8b465ee728b)  -> (artifact id: '3b6395ba7836e2f8e3975f455aa1fe70') in 0.007697 seconds 
========================================================================
Received Import Request.
  Time since last request: 0.021233 seconds.
  path: Assets/Chars/RuinsChars/ruins_xalerieblender2.fbx
  artifactKey: Guid(8d6249b0095186044abcdc9921711160) Importer(815301076,1909f56bfc062723c751e8b465ee728b)
Start importing Assets/Chars/RuinsChars/ruins_xalerieblender2.fbx using Guid(8d6249b0095186044abcdc9921711160) Importer(815301076,1909f56bfc062723c751e8b465ee728b)  -> (artifact id: '731941d49ca0a837f97750bd768d6396') in 0.188459 seconds 
========================================================================
Received Import Request.
  Time since last request: 0.000048 seconds.
  path: Assets/Chars/RuinsChars/ruins_xalerieblender4.fbx
  artifactKey: Guid(2dfae100a2d4c8a4eb5871f8b2eeda0e) Importer(815301076,1909f56bfc062723c751e8b465ee728b)
Start importing Assets/Chars/RuinsChars/ruins_xalerieblender4.fbx using Guid(2dfae100a2d4c8a4eb5871f8b2eeda0e) Importer(815301076,1909f56bfc062723c751e8b465ee728b)  -> (artifact id: '0b894eaa916ed0b9449e0b305ea80dc4') in 0.163552 seconds 
========================================================================
Received Import Request.
  Time since last request: 54.523462 seconds.
  path: Packages/com.unity.probuilder/Content/Icons/Toolbar/Eye_Off_Light.png
  artifactKey: Guid(cccc6eb3fc17b4849a884fe8daff10cc) Importer(815301076,1909f56bfc062723c751e8b465ee728b)
Start importing Packages/com.unity.probuilder/Content/Icons/Toolbar/Eye_Off_Light.png using Guid(cccc6eb3fc17b4849a884fe8daff10cc) Importer(815301076,1909f56bfc062723c751e8b465ee728b)  -> (artifact id: '22fef328847be5cd5901a7e0ad621f81') in 0.009831 seconds 
========================================================================
Received Import Request.
  Time since last request: 0.000091 seconds.
  path: Packages/com.unity.probuilder/Content/Icons/Toolbar/Eye_On_Light.png
  artifactKey: Guid(3dff706792e13044cbec81860f71fb48) Importer(815301076,1909f56bfc062723c751e8b465ee728b)
Start importing Packages/com.unity.probuilder/Content/Icons/Toolbar/Eye_On_Light.png using Guid(3dff706792e13044cbec81860f71fb48) Importer(815301076,1909f56bfc062723c751e8b465ee728b)  -> (artifact id: '3bfe9b8a22ce3dc3f2df186530a6467d') in 0.008910 seconds 
========================================================================
Received Import Request.
  Time since last request: 25.097220 seconds.
  path: Assets/Chars/RuinsChars/Seraz/eyes-green.mat
  artifactKey: Guid(5c5a8843732cae64d9858e9f95dc7b2a) Importer(815301076,1909f56bfc062723c751e8b465ee728b)
Start importing Assets/Chars/RuinsChars/Seraz/eyes-green.mat using Guid(5c5a8843732cae64d9858e9f95dc7b2a) Importer(815301076,1909f56bfc062723c751e8b465ee728b)  -> (artifact id: 'c817258f26a9defd7c382026488067ce') in 0.012441 seconds 
========================================================================
Received Import Request.
  Time since last request: 14.117612 seconds.
  path: Assets/Chars/RuinsChars/eyebrow006.png
  artifactKey: Guid(cd03a171666eecd4d884ff1cb830713f) Importer(815301076,1909f56bfc062723c751e8b465ee728b)
Start importing Assets/Chars/RuinsChars/eyebrow006.png using Guid(cd03a171666eecd4d884ff1cb830713f) Importer(815301076,1909f56bfc062723c751e8b465ee728b)  -> (artifact id: '717c2c2a69daa65625521ab98dd1ca11') in 0.007252 seconds 
========================================================================
Received Import Request.
  Time since last request: 0.022678 seconds.
  path: Assets/Chars/RuinsChars/ruins_xalerieblender2.fbx
  artifactKey: Guid(8d6249b0095186044abcdc9921711160) Importer(815301076,1909f56bfc062723c751e8b465ee728b)
Start importing Assets/Chars/RuinsChars/ruins_xalerieblender2.fbx using Guid(8d6249b0095186044abcdc9921711160) Importer(815301076,1909f56bfc062723c751e8b465ee728b)  -> (artifact id: 'c2a0b370534e5dbfd6021568ebde4b94') in 0.234429 seconds 
========================================================================
Received Import Request.
  Time since last request: 20.767949 seconds.
  path: Assets/Chars/RuinsChars/eyebrow001.png
  artifactKey: Guid(0af0d24cb5b5b524583ce3f79836c80e) Importer(815301076,1909f56bfc062723c751e8b465ee728b)
Start importing Assets/Chars/RuinsChars/eyebrow001.png using Guid(0af0d24cb5b5b524583ce3f79836c80e) Importer(815301076,1909f56bfc062723c751e8b465ee728b)  -> (artifact id: '29e8ba649becc6a5560be119a9a54d49') in 0.009580 seconds 
========================================================================
Received Import Request.
  Time since last request: 0.017476 seconds.
  path: Assets/Chars/RuinsChars/ruins_aestablender 2.fbx
  artifactKey: Guid(f4ad90931b1eee9448e70e12df6fcd59) Importer(815301076,1909f56bfc062723c751e8b465ee728b)
Start importing Assets/Chars/RuinsChars/ruins_aestablender 2.fbx using Guid(f4ad90931b1eee9448e70e12df6fcd59) Importer(815301076,1909f56bfc062723c751e8b465ee728b)  -> (artifact id: '5f0c7e43e5028752d4b0edceaa7e03a4') in 0.289056 seconds 
========================================================================
Received Import Request.
  Time since last request: 16.857767 seconds.
  path: Assets/Chars/RuinsChars/eyebrow012.png
  artifactKey: Guid(1dd08020a31f871469290620d482363b) Importer(815301076,1909f56bfc062723c751e8b465ee728b)
Start importing Assets/Chars/RuinsChars/eyebrow012.png using Guid(1dd08020a31f871469290620d482363b) Importer(815301076,1909f56bfc062723c751e8b465ee728b)  -> (artifact id: 'd617d9b332d0508c68ee62b180abf1fe') in 0.006717 seconds 
========================================================================
Received Import Request.
  Time since last request: 0.019593 seconds.
  path: Assets/Chars/RuinsChars/ruins_serazblender3.fbx
  artifactKey: Guid(d15fda81fe750e849860105908d48b43) Importer(815301076,1909f56bfc062723c751e8b465ee728b)
Start importing Assets/Chars/RuinsChars/ruins_serazblender3.fbx using Guid(d15fda81fe750e849860105908d48b43) Importer(815301076,1909f56bfc062723c751e8b465ee728b)  -> (artifact id: '326eb0a88d3586ff7b0380f1cb4ae131') in 0.186740 seconds 
========================================================================
Received Import Request.
  Time since last request: 0.000024 seconds.
  path: Assets/Chars/RuinsChars/ruins_serazblender7.fbx
  artifactKey: Guid(481bfa7f042708d4694245e438de60c2) Importer(815301076,1909f56bfc062723c751e8b465ee728b)
Start importing Assets/Chars/RuinsChars/ruins_serazblender7.fbx using Guid(481bfa7f042708d4694245e438de60c2) Importer(815301076,1909f56bfc062723c751e8b465ee728b)  -> (artifact id: 'fa8afaa10c671bf0e3b559edc0cbbec3') in 0.178774 seconds 
========================================================================
Received Import Request.
  Time since last request: 18.579589 seconds.
  path: Assets/UnityStoreAssets/AS_Magic_Aura_Construction_Kit_FREE/FX/Materials/Spiral_1 Purple.mat
  artifactKey: Guid(2c160c1f7b1135f41892fb64462bf112) Importer(815301076,1909f56bfc062723c751e8b465ee728b)
Start importing Assets/UnityStoreAssets/AS_Magic_Aura_Construction_Kit_FREE/FX/Materials/Spiral_1 Purple.mat using Guid(2c160c1f7b1135f41892fb64462bf112) Importer(815301076,1909f56bfc062723c751e8b465ee728b)  -> (artifact id: '2367475711f29e66a453ec6115edc6ec') in 0.055379 seconds 
========================================================================
Received Import Request.
  Time since last request: 17.359986 seconds.
  path: Assets/Chars/RuinsChars/Xalerie/eyebrow006.mat
  artifactKey: Guid(fbe98a777b0ec44479dedd020e463dc5) Importer(815301076,1909f56bfc062723c751e8b465ee728b)
Start importing Assets/Chars/RuinsChars/Xalerie/eyebrow006.mat using Guid(fbe98a777b0ec44479dedd020e463dc5) Importer(815301076,1909f56bfc062723c751e8b465ee728b)  -> (artifact id: '14ef2a889dbf0f17d7e6e62ccabae86d') in 0.013140 seconds 
========================================================================
Received Import Request.
  Time since last request: 0.000047 seconds.
  path: Assets/Chars/RuinsChars/Xalerie/Shorts.mat
  artifactKey: Guid(00c7b03e21471d74394fcd9f4cb31367) Importer(815301076,1909f56bfc062723c751e8b465ee728b)
Start importing Assets/Chars/RuinsChars/Xalerie/Shorts.mat using Guid(00c7b03e21471d74394fcd9f4cb31367) Importer(815301076,1909f56bfc062723c751e8b465ee728b)  -> (artifact id: '6021f7d401656741c37033ad30a274eb') in 0.011266 seconds 
========================================================================
Received Import Request.
  Time since last request: 12.129650 seconds.
  path: Packages/com.unity.collab-proxy/Editor/Collaborate/Assets/Icons/show-dark.png
  artifactKey: Guid(849b7119dad13a24397add67a7f78510) Importer(815301076,1909f56bfc062723c751e8b465ee728b)
Start importing Packages/com.unity.collab-proxy/Editor/Collaborate/Assets/Icons/show-dark.png using Guid(849b7119dad13a24397add67a7f78510) Importer(815301076,1909f56bfc062723c751e8b465ee728b)  -> (artifact id: '5629dbfb676d3e1bdc8bb781c5b55279') in 0.015165 seconds 
========================================================================
Received Import Request.
  Time since last request: 0.000028 seconds.
  path: Packages/com.unity.probuilder/Content/Icons/Toolbar/ShowNextPage_Down_Light.png
  artifactKey: Guid(ff2a8c4441118cd408c6cb306b954afb) Importer(815301076,1909f56bfc062723c751e8b465ee728b)
Start importing Packages/com.unity.probuilder/Content/Icons/Toolbar/ShowNextPage_Down_Light.png using Guid(ff2a8c4441118cd408c6cb306b954afb) Importer(815301076,1909f56bfc062723c751e8b465ee728b)  -> (artifact id: 'eadc1defd52e93e05b1e2d3f2db1e50b') in 0.009912 seconds 
========================================================================
Received Import Request.
  Time since last request: 0.000022 seconds.
  path: Packages/com.unity.probuilder/Content/Icons/Toolbar/ShowNextPage_Down.png
  artifactKey: Guid(79459c0d618c144a894f23f3264a460f) Importer(815301076,1909f56bfc062723c751e8b465ee728b)
Start importing Packages/com.unity.probuilder/Content/Icons/Toolbar/ShowNextPage_Down.png using Guid(79459c0d618c144a894f23f3264a460f) Importer(815301076,1909f56bfc062723c751e8b465ee728b)  -> (artifact id: 'c35f46721c24a2171235e7945c3b81ac') in 0.035931 seconds 
Editor requested this worker to shutdown with reason: Scaling down because of idle timeout
AssetImportWorker is now disconnected from the server
Process exiting
Exiting without the bug reporter. Application will terminate with return code 0