Using pre-set license
Built from '2021.3/staging' branch; Version is '2021.3.14f1 (eee1884e7226) revision 15655304'; Using compiler version '192829333'; Build Type 'Release'
OS: 'Windows 10  (10.0.19044) 64bit Professional' Language: 'en' Physical Memory: 65342 MB
BatchMode: 1, IsHumanControllingUs: 0, StartBugReporterOnCrash: 0, Is64bit: 1, IsPro: 1

COMMAND LINE ARGUMENTS:
C:\Program Files\Unity\Hub\Editor\2021.3.14f1\Editor\Unity.exe
-adb2
-batchMode
-noUpm
-name
AssetImportWorker2
-projectPath
C:/Users/benja/OneDrive/Documents/The Forest
-logFile
Logs/AssetImportWorker2.log
-srvPort
51983
Successfully changed project path to: C:/Users/benja/OneDrive/Documents/The Forest
C:/Users/benja/OneDrive/Documents/The Forest
[UnityMemory] Configuration Parameters - Can be set up in boot.config
    "memorysetup-bucket-allocator-granularity=16"
    "memorysetup-bucket-allocator-bucket-count=8"
    "memorysetup-bucket-allocator-block-size=33554432"
    "memorysetup-bucket-allocator-block-count=8"
    "memorysetup-main-allocator-block-size=16777216"
    "memorysetup-thread-allocator-block-size=16777216"
    "memorysetup-gfx-main-allocator-block-size=16777216"
    "memorysetup-gfx-thread-allocator-block-size=16777216"
    "memorysetup-cache-allocator-block-size=4194304"
    "memorysetup-typetree-allocator-block-size=2097152"
    "memorysetup-profiler-bucket-allocator-granularity=16"
    "memorysetup-profiler-bucket-allocator-bucket-count=8"
    "memorysetup-profiler-bucket-allocator-block-size=33554432"
    "memorysetup-profiler-bucket-allocator-block-count=8"
    "memorysetup-profiler-allocator-block-size=16777216"
    "memorysetup-profiler-editor-allocator-block-size=1048576"
    "memorysetup-temp-allocator-size-main=16777216"
    "memorysetup-job-temp-allocator-block-size=2097152"
    "memorysetup-job-temp-allocator-block-size-background=1048576"
    "memorysetup-job-temp-allocator-reduction-small-platforms=262144"
    "memorysetup-temp-allocator-size-background-worker=32768"
    "memorysetup-temp-allocator-size-job-worker=262144"
    "memorysetup-temp-allocator-size-preload-manager=33554432"
    "memorysetup-temp-allocator-size-nav-mesh-worker=65536"
    "memorysetup-temp-allocator-size-audio-worker=65536"
    "memorysetup-temp-allocator-size-cloud-worker=32768"
    "memorysetup-temp-allocator-size-gi-baking-worker=262144"
    "memorysetup-temp-allocator-size-gfx=262144"
Refreshing native plugins compatible for Editor in 133.16 ms, found 3 plugins.
Preloading 0 native plugins for Editor in 0.00 ms.
Initialize engine version: 2021.3.14f1 (eee1884e7226)
[Subsystems] Discovering subsystems at path C:/Program Files/Unity/Hub/Editor/2021.3.14f1/Editor/Data/Resources/UnitySubsystems
[Subsystems] Discovering subsystems at path C:/Users/benja/OneDrive/Documents/The Forest/Assets
GfxDevice: creating device client; threaded=0; jobified=0
Direct3D:
    Version:  Direct3D 11.0 [level 11.1]
    Renderer: NVIDIA Quadro P2000 (ID=0x1cba)
    Vendor:   NVIDIA
    VRAM:     4018 MB
    Driver:   31.0.15.1669
Initialize mono
Mono path[0] = 'C:/Program Files/Unity/Hub/Editor/2021.3.14f1/Editor/Data/Managed'
Mono path[1] = 'C:/Program Files/Unity/Hub/Editor/2021.3.14f1/Editor/Data/MonoBleedingEdge/lib/mono/unityjit-win32'
Mono config path = 'C:/Program Files/Unity/Hub/Editor/2021.3.14f1/Editor/Data/MonoBleedingEdge/etc'
Using monoOptions --debugger-agent=transport=dt_socket,embedding=1,server=y,suspend=n,address=127.0.0.1:56344
Begin MonoManager ReloadAssembly
Registering precompiled unity dll's ...
Register platform support module: C:/Program Files/Unity/Hub/Editor/2021.3.14f1/Editor/Data/PlaybackEngines/WebGLSupport/UnityEditor.WebGL.Extensions.dll
Register platform support module: C:/Program Files/Unity/Hub/Editor/2021.3.14f1/Editor/Data/PlaybackEngines/WindowsStandaloneSupport/UnityEditor.WindowsStandalone.Extensions.dll
Registered in 0.018115 seconds.
Native extension for WindowsStandalone target not found
Native extension for WebGL target not found
Refreshing native plugins compatible for Editor in 127.89 ms, found 3 plugins.
Preloading 0 native plugins for Editor in 0.00 ms.
Mono: successfully reloaded assembly
- Completed reload, in  1.025 seconds
Domain Reload Profiling:
	ReloadAssembly (1025ms)
		BeginReloadAssembly (139ms)
			ExecutionOrderSort (0ms)
			DisableScriptedObjects (0ms)
			BackupInstance (0ms)
			ReleaseScriptingObjects (0ms)
			CreateAndSetChildDomain (1ms)
		EndReloadAssembly (669ms)
			LoadAssemblies (136ms)
			RebuildTransferFunctionScriptingTraits (0ms)
			SetupTypeCache (181ms)
			ReleaseScriptCaches (0ms)
			RebuildScriptCaches (49ms)
			SetupLoadedEditorAssemblies (371ms)
				LogAssemblyErrors (0ms)
				InitializePlatformSupportModulesInManaged (15ms)
				SetLoadedEditorAssemblies (0ms)
				RefreshPlugins (128ms)
				BeforeProcessingInitializeOnLoad (1ms)
				ProcessInitializeOnLoadAttributes (179ms)
				ProcessInitializeOnLoadMethodAttributes (48ms)
				AfterProcessingInitializeOnLoad (0ms)
				EditorAssembliesLoaded (0ms)
			ExecutionOrderSort2 (0ms)
			AwakeInstancesAfterBackupRestoration (0ms)
Platform modules already initialized, skipping
Registering precompiled user dll's ...
Registered in 0.008865 seconds.
Begin MonoManager ReloadAssembly
Symbol file LoadedFromMemory doesn't match image C:\Users\benja\OneDrive\Documents\The Forest\Library\PackageCache\com.unity.visualscripting@1.7.8\Editor\VisualScripting.Core\Dependencies\YamlDotNet\Unity.VisualScripting.YamlDotNet.dll
Symbol file LoadedFromMemory doesn't match image C:\Users\benja\OneDrive\Documents\The Forest\Library\PackageCache\com.unity.visualscripting@1.7.8\Editor\VisualScripting.Core\Dependencies\DotNetZip\Unity.VisualScripting.IonicZip.dll
Native extension for WindowsStandalone target not found
Native extension for WebGL target not found
Refreshing native plugins compatible for Editor in 0.58 ms, found 3 plugins.
Preloading 0 native plugins for Editor in 0.00 ms.
Mono: successfully reloaded assembly
- Completed reload, in  1.341 seconds
Domain Reload Profiling:
	ReloadAssembly (1342ms)
		BeginReloadAssembly (134ms)
			ExecutionOrderSort (0ms)
			DisableScriptedObjects (6ms)
			BackupInstance (0ms)
			ReleaseScriptingObjects (0ms)
			CreateAndSetChildDomain (19ms)
		EndReloadAssembly (1054ms)
			LoadAssemblies (118ms)
			RebuildTransferFunctionScriptingTraits (0ms)
			SetupTypeCache (339ms)
			ReleaseScriptCaches (1ms)
			RebuildScriptCaches (55ms)
			SetupLoadedEditorAssemblies (516ms)
				LogAssemblyErrors (0ms)
				InitializePlatformSupportModulesInManaged (8ms)
				SetLoadedEditorAssemblies (0ms)
				RefreshPlugins (1ms)
				BeforeProcessingInitializeOnLoad (100ms)
				ProcessInitializeOnLoadAttributes (360ms)
				ProcessInitializeOnLoadMethodAttributes (34ms)
				AfterProcessingInitializeOnLoad (13ms)
				EditorAssembliesLoaded (0ms)
			ExecutionOrderSort2 (0ms)
			AwakeInstancesAfterBackupRestoration (9ms)
Platform modules already initialized, skipping
========================================================================
Worker process is ready to serve import requests
Launched and connected shader compiler UnityShaderCompiler.exe after 0.09 seconds
Refreshing native plugins compatible for Editor in 0.58 ms, found 3 plugins.
Preloading 0 native plugins for Editor in 0.00 ms.
Unloading 3377 Unused Serialized files (Serialized files now loaded: 0)
Unloading 28 unused Assets / (149.8 KB). Loaded Objects now: 3834.
Memory consumption went from 121.9 MB to 121.8 MB.
Total: 4.280300 ms (FindLiveObjects: 0.287400 ms CreateObjectMapping: 0.245300 ms MarkObjects: 3.575100 ms  DeleteObjects: 0.171200 ms)

AssetImportParameters requested are different than current active one (requested -> active):
  custom:video-decoder-ogg-theora: a1e56fd34408186e4bbccfd4996cb3dc -> 
  custom:container-muxer-webm: aa71ff27fc2769a1b78a27578f13a17b -> 
  custom:container-demuxer-webm: 4f35f7cbe854078d1ac9338744f61a02 -> 
  custom:video-encoder-webm-vp8: eb34c28f22e8b96e1ab97ce403110664 -> 
  custom:video-codec-MediaFoundation-h265: 746d11721c4dcdbdad8f713fa42b33f4 -> 
  custom:audio-encoder-webm-vorbis: bf7c407c2cedff20999df2af8eb42d56 -> 
  custom:framework-win-MediaFoundation: 216162199b28c13a410421893ffa2e32 -> 
  custom:container-demuxer-ogg: 62fdf1f143b41e24485cea50d1cbac27 -> 
  custom:video-decoder-webm-vp8: 9c59270c3fd7afecdb556c50c9e8de78 -> 
  custom:audio-decoder-ogg-vorbis: bf7c407c2cedff20999df2af8eb42d56 -> 
========================================================================
Received Import Request.
  Time since last request: 330217.504273 seconds.
  path: Assets/Chars/Gavaan
  artifactKey: Guid(49b4cd8582cfec849925d9bb823d67ff) Importer(815301076,1909f56bfc062723c751e8b465ee728b)
Start importing Assets/Chars/Gavaan using Guid(49b4cd8582cfec849925d9bb823d67ff) Importer(815301076,1909f56bfc062723c751e8b465ee728b)  -> (artifact id: 'd0302e90754104a8cb7eb7c861ea3e35') in 0.009102 seconds 
========================================================================
Received Import Request.
  Time since last request: 2.777891 seconds.
  path: Assets/Chars/RuinsChars
  artifactKey: Guid(8083b79a912c3254db648bf58e7b5cc5) Importer(815301076,1909f56bfc062723c751e8b465ee728b)
Start importing Assets/Chars/RuinsChars using Guid(8083b79a912c3254db648bf58e7b5cc5) Importer(815301076,1909f56bfc062723c751e8b465ee728b)  -> (artifact id: 'f5ef5ba1a53fd21d7bac7c4db81c2965') in 0.002726 seconds 
========================================================================
Received Import Request.
  Time since last request: 0.062827 seconds.
  path: Assets/Chars/RuinsChars/blurple.png
  artifactKey: Guid(5e394df804f113541afe9b639a415595) Importer(815301076,1909f56bfc062723c751e8b465ee728b)
Start importing Assets/Chars/RuinsChars/blurple.png using Guid(5e394df804f113541afe9b639a415595) Importer(815301076,1909f56bfc062723c751e8b465ee728b)  -> (artifact id: '5af2e6bdea16f4cb0c3d463eba0466dc') in 0.136310 seconds 
========================================================================
Received Import Request.
  Time since last request: 0.000024 seconds.
  path: Assets/Chars/RuinsChars/eyes-brown.mat
  artifactKey: Guid(de22ef54322052641aa1ace179106475) Importer(815301076,1909f56bfc062723c751e8b465ee728b)
Start importing Assets/Chars/RuinsChars/eyes-brown.mat using Guid(de22ef54322052641aa1ace179106475) Importer(815301076,1909f56bfc062723c751e8b465ee728b)  -> (artifact id: 'ceb96caab6c8ec04c21ce04b066e2939') in 0.368484 seconds 
========================================================================
Received Import Request.
  Time since last request: 0.000034 seconds.
  path: Assets/Chars/RuinsChars/ruins_gavaanblender.fbx
  artifactKey: Guid(55f5013dcaa7d1c468674611ff7d6239) Importer(815301076,1909f56bfc062723c751e8b465ee728b)
Start importing Assets/Chars/RuinsChars/ruins_gavaanblender.fbx using Guid(55f5013dcaa7d1c468674611ff7d6239) Importer(815301076,1909f56bfc062723c751e8b465ee728b)  -> (artifact id: 'd436151e986d1126f5200a07ff44c516') in 0.542720 seconds 
========================================================================
Received Import Request.
  Time since last request: 0.000030 seconds.
  path: Assets/Chars/RuinsChars/hair_displace.png
  artifactKey: Guid(e861dd417fc39784bb4431fbcb92ca53) Importer(815301076,1909f56bfc062723c751e8b465ee728b)
Start importing Assets/Chars/RuinsChars/hair_displace.png using Guid(e861dd417fc39784bb4431fbcb92ca53) Importer(815301076,1909f56bfc062723c751e8b465ee728b)  -> (artifact id: 'e43d7273375e91a8641e4156468b9370') in 0.010460 seconds 
========================================================================
Received Import Request.
  Time since last request: 0.000064 seconds.
  path: Assets/Chars/RuinsChars/ruins_serazblender6.fbx
  artifactKey: Guid(a39457c886abe8a4b94bd2decda7cd17) Importer(815301076,1909f56bfc062723c751e8b465ee728b)
Start importing Assets/Chars/RuinsChars/ruins_serazblender6.fbx using Guid(a39457c886abe8a4b94bd2decda7cd17) Importer(815301076,1909f56bfc062723c751e8b465ee728b)  -> (artifact id: '28e89ebaa864ee3255e9ca70e1b4ed80') in 0.883548 seconds 
========================================================================
Received Import Request.
  Time since last request: 0.000039 seconds.
  path: Assets/Chars/RuinsChars/ruins_aestablender.fbx
  artifactKey: Guid(129e4c93169af344ea2d6806c1037795) Importer(815301076,1909f56bfc062723c751e8b465ee728b)
Start importing Assets/Chars/RuinsChars/ruins_aestablender.fbx using Guid(129e4c93169af344ea2d6806c1037795) Importer(815301076,1909f56bfc062723c751e8b465ee728b)  -> (artifact id: 'dc5f29400265d3f93d56e878f259ad29') in 0.338833 seconds 
========================================================================
Received Import Request.
  Time since last request: 16.573922 seconds.
  path: Assets/Chars/Char Animator.controller
  artifactKey: Guid(4d66a2f65b75aa146858e9e23b434e23) Importer(815301076,1909f56bfc062723c751e8b465ee728b)
Start importing Assets/Chars/Char Animator.controller using Guid(4d66a2f65b75aa146858e9e23b434e23) Importer(815301076,1909f56bfc062723c751e8b465ee728b)  -> (artifact id: '09c2def1393081300289fdbdb8247967') in 0.018996 seconds 
========================================================================
Received Import Request.
  Time since last request: 7.681861 seconds.
  path: Assets/Chars/Aesta
  artifactKey: Guid(d23d902941bca85468400b4bcddef39a) Importer(815301076,1909f56bfc062723c751e8b465ee728b)
Start importing Assets/Chars/Aesta using Guid(d23d902941bca85468400b4bcddef39a) Importer(815301076,1909f56bfc062723c751e8b465ee728b)  -> (artifact id: '30818a976a219071046170c477b731fa') in 0.002053 seconds 
========================================================================
Received Import Request.
  Time since last request: 0.483761 seconds.
  path: Assets/Chars/Animations
  artifactKey: Guid(89e692bc3bd97f442ab792be1480e3e8) Importer(815301076,1909f56bfc062723c751e8b465ee728b)
Start importing Assets/Chars/Animations using Guid(89e692bc3bd97f442ab792be1480e3e8) Importer(815301076,1909f56bfc062723c751e8b465ee728b)  -> (artifact id: '9a5aa4d1024610201f38b5e24259c393') in 0.002778 seconds 
========================================================================
Received Import Request.
  Time since last request: 0.082967 seconds.
  path: Assets/Chars/Animations/idle (2).fbx
  artifactKey: Guid(9d75d13b2c735df4c9f2cf8f16c66aa1) Importer(815301076,1909f56bfc062723c751e8b465ee728b)
Start importing Assets/Chars/Animations/idle (2).fbx using Guid(9d75d13b2c735df4c9f2cf8f16c66aa1) Importer(815301076,1909f56bfc062723c751e8b465ee728b)  -> (artifact id: '251d8231eeba40d20887279054580082') in 0.007989 seconds 
========================================================================
Received Import Request.
  Time since last request: 0.000040 seconds.
  path: Assets/Chars/Animations/Walking Backwards.fbx
  artifactKey: Guid(3575249c663618348b6c4a3d99fbfe7e) Importer(815301076,1909f56bfc062723c751e8b465ee728b)
Start importing Assets/Chars/Animations/Walking Backwards.fbx using Guid(3575249c663618348b6c4a3d99fbfe7e) Importer(815301076,1909f56bfc062723c751e8b465ee728b)  -> (artifact id: 'efb5e8121296e24fa7289960ed41067e') in 0.141512 seconds 
========================================================================
Received Import Request.
  Time since last request: 42.076654 seconds.
  path: Assets/Prefabs/Aesta Prefab.prefab
  artifactKey: Guid(849726748c5950144bb5e5efd538c2e3) Importer(815301076,1909f56bfc062723c751e8b465ee728b)
Start importing Assets/Prefabs/Aesta Prefab.prefab using Guid(849726748c5950144bb5e5efd538c2e3) Importer(815301076,1909f56bfc062723c751e8b465ee728b)  -> (artifact id: '3c3ecfc4af7b7f87947306e2e8d374ee') in 0.052589 seconds 
========================================================================
Received Import Request.
  Time since last request: 0.000040 seconds.
  path: Assets/Prefabs/Ruins_Gavaan.prefab
  artifactKey: Guid(eb51bfe46f155eb489db5fb2a0b5b3b4) Importer(815301076,1909f56bfc062723c751e8b465ee728b)
Start importing Assets/Prefabs/Ruins_Gavaan.prefab using Guid(eb51bfe46f155eb489db5fb2a0b5b3b4) Importer(815301076,1909f56bfc062723c751e8b465ee728b)  -> (artifact id: '0e6eb494f28fbeecbbea559ad1c6b44b') in 0.103700 seconds 
========================================================================
Received Import Request.
  Time since last request: 0.000029 seconds.
  path: Assets/Prefabs/Ruins_Seraz_Orig.prefab
  artifactKey: Guid(f582b3027596bbc46bcc05b4ff92e049) Importer(815301076,1909f56bfc062723c751e8b465ee728b)
Start importing Assets/Prefabs/Ruins_Seraz_Orig.prefab using Guid(f582b3027596bbc46bcc05b4ff92e049) Importer(815301076,1909f56bfc062723c751e8b465ee728b)  -> (artifact id: '581f03d7042353595d2d309862cdb1c4') in 0.087906 seconds 
========================================================================
Received Import Request.
  Time since last request: 0.000058 seconds.
  path: Assets/Prefabs/Ruins_Aesta.prefab
  artifactKey: Guid(511ff73930c81d8428a7e3350e4e5563) Importer(815301076,1909f56bfc062723c751e8b465ee728b)
Start importing Assets/Prefabs/Ruins_Aesta.prefab using Guid(511ff73930c81d8428a7e3350e4e5563) Importer(815301076,1909f56bfc062723c751e8b465ee728b)  -> (artifact id: 'cee20537339900aad94d74868b09df73') in 0.114661 seconds 
========================================================================
Received Import Request.
  Time since last request: 0.000054 seconds.
  path: Assets/Prefabs/Ruins_Seraz.prefab
  artifactKey: Guid(07dca914510bdbb49bed162211a84741) Importer(815301076,1909f56bfc062723c751e8b465ee728b)
Start importing Assets/Prefabs/Ruins_Seraz.prefab using Guid(07dca914510bdbb49bed162211a84741) Importer(815301076,1909f56bfc062723c751e8b465ee728b)  -> (artifact id: '971bfaf89cbe9532316be227fdc1d0b6') in 0.092388 seconds 
Editor requested this worker to shutdown with reason: Scaling down because of idle timeout
AssetImportWorker is now disconnected from the server
Process exiting
Exiting without the bug reporter. Application will terminate with return code 0