Using pre-set license
Built from '2021.3/staging' branch; Version is '2021.3.14f1 (eee1884e7226) revision 15655304'; Using compiler version '192829333'; Build Type 'Release'
OS: 'Windows 10  (10.0.19044) 64bit Professional' Language: 'en' Physical Memory: 65342 MB
BatchMode: 1, IsHumanControllingUs: 0, StartBugReporterOnCrash: 0, Is64bit: 1, IsPro: 1

COMMAND LINE ARGUMENTS:
C:\Program Files\Unity\Hub\Editor\2021.3.14f1\Editor\Unity.exe
-adb2
-batchMode
-noUpm
-name
AssetImportWorker1
-projectPath
C:/Users/benja/OneDrive/Documents/The Forest
-logFile
Logs/AssetImportWorker1.log
-srvPort
51983
Successfully changed project path to: C:/Users/benja/OneDrive/Documents/The Forest
C:/Users/benja/OneDrive/Documents/The Forest
[UnityMemory] Configuration Parameters - Can be set up in boot.config
    "memorysetup-bucket-allocator-granularity=16"
    "memorysetup-bucket-allocator-bucket-count=8"
    "memorysetup-bucket-allocator-block-size=33554432"
    "memorysetup-bucket-allocator-block-count=8"
    "memorysetup-main-allocator-block-size=16777216"
    "memorysetup-thread-allocator-block-size=16777216"
    "memorysetup-gfx-main-allocator-block-size=16777216"
    "memorysetup-gfx-thread-allocator-block-size=16777216"
    "memorysetup-cache-allocator-block-size=4194304"
    "memorysetup-typetree-allocator-block-size=2097152"
    "memorysetup-profiler-bucket-allocator-granularity=16"
    "memorysetup-profiler-bucket-allocator-bucket-count=8"
    "memorysetup-profiler-bucket-allocator-block-size=33554432"
    "memorysetup-profiler-bucket-allocator-block-count=8"
    "memorysetup-profiler-allocator-block-size=16777216"
    "memorysetup-profiler-editor-allocator-block-size=1048576"
    "memorysetup-temp-allocator-size-main=16777216"
    "memorysetup-job-temp-allocator-block-size=2097152"
    "memorysetup-job-temp-allocator-block-size-background=1048576"
    "memorysetup-job-temp-allocator-reduction-small-platforms=262144"
    "memorysetup-temp-allocator-size-background-worker=32768"
    "memorysetup-temp-allocator-size-job-worker=262144"
    "memorysetup-temp-allocator-size-preload-manager=33554432"
    "memorysetup-temp-allocator-size-nav-mesh-worker=65536"
    "memorysetup-temp-allocator-size-audio-worker=65536"
    "memorysetup-temp-allocator-size-cloud-worker=32768"
    "memorysetup-temp-allocator-size-gi-baking-worker=262144"
    "memorysetup-temp-allocator-size-gfx=262144"
Refreshing native plugins compatible for Editor in 87.62 ms, found 3 plugins.
Preloading 0 native plugins for Editor in 0.00 ms.
Initialize engine version: 2021.3.14f1 (eee1884e7226)
[Subsystems] Discovering subsystems at path C:/Program Files/Unity/Hub/Editor/2021.3.14f1/Editor/Data/Resources/UnitySubsystems
[Subsystems] Discovering subsystems at path C:/Users/benja/OneDrive/Documents/The Forest/Assets
GfxDevice: creating device client; threaded=0; jobified=0
Direct3D:
    Version:  Direct3D 11.0 [level 11.1]
    Renderer: NVIDIA Quadro P2000 (ID=0x1cba)
    Vendor:   NVIDIA
    VRAM:     4018 MB
    Driver:   31.0.15.1669
Initialize mono
Mono path[0] = 'C:/Program Files/Unity/Hub/Editor/2021.3.14f1/Editor/Data/Managed'
Mono path[1] = 'C:/Program Files/Unity/Hub/Editor/2021.3.14f1/Editor/Data/MonoBleedingEdge/lib/mono/unityjit-win32'
Mono config path = 'C:/Program Files/Unity/Hub/Editor/2021.3.14f1/Editor/Data/MonoBleedingEdge/etc'
Using monoOptions --debugger-agent=transport=dt_socket,embedding=1,server=y,suspend=n,address=127.0.0.1:56400
Begin MonoManager ReloadAssembly
Registering precompiled unity dll's ...
Register platform support module: C:/Program Files/Unity/Hub/Editor/2021.3.14f1/Editor/Data/PlaybackEngines/WebGLSupport/UnityEditor.WebGL.Extensions.dll
Register platform support module: C:/Program Files/Unity/Hub/Editor/2021.3.14f1/Editor/Data/PlaybackEngines/WindowsStandaloneSupport/UnityEditor.WindowsStandalone.Extensions.dll
Registered in 0.011653 seconds.
Native extension for WindowsStandalone target not found
Native extension for WebGL target not found
Refreshing native plugins compatible for Editor in 83.61 ms, found 3 plugins.
Preloading 0 native plugins for Editor in 0.00 ms.
Mono: successfully reloaded assembly
- Completed reload, in  0.754 seconds
Domain Reload Profiling:
	ReloadAssembly (755ms)
		BeginReloadAssembly (105ms)
			ExecutionOrderSort (0ms)
			DisableScriptedObjects (0ms)
			BackupInstance (0ms)
			ReleaseScriptingObjects (0ms)
			CreateAndSetChildDomain (1ms)
		EndReloadAssembly (510ms)
			LoadAssemblies (103ms)
			RebuildTransferFunctionScriptingTraits (0ms)
			SetupTypeCache (119ms)
			ReleaseScriptCaches (0ms)
			RebuildScriptCaches (29ms)
			SetupLoadedEditorAssemblies (304ms)
				LogAssemblyErrors (0ms)
				InitializePlatformSupportModulesInManaged (10ms)
				SetLoadedEditorAssemblies (0ms)
				RefreshPlugins (84ms)
				BeforeProcessingInitializeOnLoad (1ms)
				ProcessInitializeOnLoadAttributes (154ms)
				ProcessInitializeOnLoadMethodAttributes (54ms)
				AfterProcessingInitializeOnLoad (0ms)
				EditorAssembliesLoaded (0ms)
			ExecutionOrderSort2 (0ms)
			AwakeInstancesAfterBackupRestoration (0ms)
Platform modules already initialized, skipping
Registering precompiled user dll's ...
Registered in 0.010033 seconds.
Begin MonoManager ReloadAssembly
Symbol file LoadedFromMemory doesn't match image C:\Users\benja\OneDrive\Documents\The Forest\Library\PackageCache\com.unity.visualscripting@1.7.8\Editor\VisualScripting.Core\Dependencies\YamlDotNet\Unity.VisualScripting.YamlDotNet.dll
Symbol file LoadedFromMemory doesn't match image C:\Users\benja\OneDrive\Documents\The Forest\Library\PackageCache\com.unity.visualscripting@1.7.8\Editor\VisualScripting.Core\Dependencies\DotNetZip\Unity.VisualScripting.IonicZip.dll
Native extension for WindowsStandalone target not found
Native extension for WebGL target not found
Refreshing native plugins compatible for Editor in 0.51 ms, found 3 plugins.
Preloading 0 native plugins for Editor in 0.00 ms.
Mono: successfully reloaded assembly
- Completed reload, in  1.234 seconds
Domain Reload Profiling:
	ReloadAssembly (1234ms)
		BeginReloadAssembly (138ms)
			ExecutionOrderSort (0ms)
			DisableScriptedObjects (6ms)
			BackupInstance (0ms)
			ReleaseScriptingObjects (0ms)
			CreateAndSetChildDomain (21ms)
		EndReloadAssembly (946ms)
			LoadAssemblies (118ms)
			RebuildTransferFunctionScriptingTraits (0ms)
			SetupTypeCache (326ms)
			ReleaseScriptCaches (1ms)
			RebuildScriptCaches (52ms)
			SetupLoadedEditorAssemblies (426ms)
				LogAssemblyErrors (0ms)
				InitializePlatformSupportModulesInManaged (8ms)
				SetLoadedEditorAssemblies (1ms)
				RefreshPlugins (1ms)
				BeforeProcessingInitializeOnLoad (109ms)
				ProcessInitializeOnLoadAttributes (266ms)
				ProcessInitializeOnLoadMethodAttributes (28ms)
				AfterProcessingInitializeOnLoad (12ms)
				EditorAssembliesLoaded (1ms)
			ExecutionOrderSort2 (0ms)
			AwakeInstancesAfterBackupRestoration (8ms)
Platform modules already initialized, skipping
========================================================================
Worker process is ready to serve import requests
Launched and connected shader compiler UnityShaderCompiler.exe after 0.07 seconds
Refreshing native plugins compatible for Editor in 0.79 ms, found 3 plugins.
Preloading 0 native plugins for Editor in 0.00 ms.
Unloading 3351 Unused Serialized files (Serialized files now loaded: 0)
Unloading 27 unused Assets / (113.4 KB). Loaded Objects now: 3808.
Memory consumption went from 115.3 MB to 115.2 MB.
Total: 3.865500 ms (FindLiveObjects: 0.297200 ms CreateObjectMapping: 0.262000 ms MarkObjects: 3.209900 ms  DeleteObjects: 0.095700 ms)

AssetImportParameters requested are different than current active one (requested -> active):
  custom:video-decoder-ogg-theora: a1e56fd34408186e4bbccfd4996cb3dc -> 
  custom:container-muxer-webm: aa71ff27fc2769a1b78a27578f13a17b -> 
  custom:container-demuxer-webm: 4f35f7cbe854078d1ac9338744f61a02 -> 
  custom:video-encoder-webm-vp8: eb34c28f22e8b96e1ab97ce403110664 -> 
  custom:video-codec-MediaFoundation-h265: 746d11721c4dcdbdad8f713fa42b33f4 -> 
  custom:audio-encoder-webm-vorbis: bf7c407c2cedff20999df2af8eb42d56 -> 
  custom:framework-win-MediaFoundation: 216162199b28c13a410421893ffa2e32 -> 
  custom:container-demuxer-ogg: 62fdf1f143b41e24485cea50d1cbac27 -> 
  custom:video-decoder-webm-vp8: 9c59270c3fd7afecdb556c50c9e8de78 -> 
  custom:audio-decoder-ogg-vorbis: bf7c407c2cedff20999df2af8eb42d56 -> 
========================================================================
Received Prepare
Registering precompiled user dll's ...
Registered in 0.015888 seconds.
Begin MonoManager ReloadAssembly
Symbol file LoadedFromMemory doesn't match image C:\Users\benja\OneDrive\Documents\The Forest\Library\PackageCache\com.unity.visualscripting@1.7.8\Editor\VisualScripting.Core\Dependencies\YamlDotNet\Unity.VisualScripting.YamlDotNet.dll
Symbol file LoadedFromMemory doesn't match image C:\Users\benja\OneDrive\Documents\The Forest\Library\PackageCache\com.unity.visualscripting@1.7.8\Editor\VisualScripting.Core\Dependencies\DotNetZip\Unity.VisualScripting.IonicZip.dll
Native extension for WindowsStandalone target not found
Native extension for WebGL target not found
Refreshing native plugins compatible for Editor in 0.60 ms, found 3 plugins.
Preloading 0 native plugins for Editor in 0.00 ms.
Mono: successfully reloaded assembly
- Completed reload, in  1.464 seconds
Domain Reload Profiling:
	ReloadAssembly (1464ms)
		BeginReloadAssembly (192ms)
			ExecutionOrderSort (0ms)
			DisableScriptedObjects (11ms)
			BackupInstance (0ms)
			ReleaseScriptingObjects (0ms)
			CreateAndSetChildDomain (41ms)
		EndReloadAssembly (1140ms)
			LoadAssemblies (126ms)
			RebuildTransferFunctionScriptingTraits (0ms)
			SetupTypeCache (397ms)
			ReleaseScriptCaches (2ms)
			RebuildScriptCaches (76ms)
			SetupLoadedEditorAssemblies (491ms)
				LogAssemblyErrors (0ms)
				InitializePlatformSupportModulesInManaged (19ms)
				SetLoadedEditorAssemblies (1ms)
				RefreshPlugins (1ms)
				BeforeProcessingInitializeOnLoad (103ms)
				ProcessInitializeOnLoadAttributes (313ms)
				ProcessInitializeOnLoadMethodAttributes (36ms)
				AfterProcessingInitializeOnLoad (18ms)
				EditorAssembliesLoaded (0ms)
			ExecutionOrderSort2 (0ms)
			AwakeInstancesAfterBackupRestoration (11ms)
Platform modules already initialized, skipping
Refreshing native plugins compatible for Editor in 2.29 ms, found 3 plugins.
Preloading 0 native plugins for Editor in 0.00 ms.
Unloading 3373 Unused Serialized files (Serialized files now loaded: 0)
Unloading 35 unused Assets / (3.7 MB). Loaded Objects now: 3823.
Memory consumption went from 121.1 MB to 117.5 MB.
Total: 4.317100 ms (FindLiveObjects: 0.244700 ms CreateObjectMapping: 0.148000 ms MarkObjects: 2.550300 ms  DeleteObjects: 1.372800 ms)

AssetImportParameters requested are different than current active one (requested -> active):
  custom:video-decoder-ogg-theora: a1e56fd34408186e4bbccfd4996cb3dc -> 
  custom:container-muxer-webm: aa71ff27fc2769a1b78a27578f13a17b -> 
  custom:container-demuxer-webm: 4f35f7cbe854078d1ac9338744f61a02 -> 
  custom:video-encoder-webm-vp8: eb34c28f22e8b96e1ab97ce403110664 -> 
  custom:video-codec-MediaFoundation-h265: 746d11721c4dcdbdad8f713fa42b33f4 -> 
  custom:audio-encoder-webm-vorbis: bf7c407c2cedff20999df2af8eb42d56 -> 
  custom:framework-win-MediaFoundation: 216162199b28c13a410421893ffa2e32 -> 
  custom:container-demuxer-ogg: 62fdf1f143b41e24485cea50d1cbac27 -> 
  custom:video-decoder-webm-vp8: 9c59270c3fd7afecdb556c50c9e8de78 -> 
  custom:audio-decoder-ogg-vorbis: bf7c407c2cedff20999df2af8eb42d56 -> 
========================================================================
Received Prepare
Registering precompiled user dll's ...
Registered in 0.009838 seconds.
Begin MonoManager ReloadAssembly
Symbol file LoadedFromMemory doesn't match image C:\Users\benja\OneDrive\Documents\The Forest\Library\PackageCache\com.unity.visualscripting@1.7.8\Editor\VisualScripting.Core\Dependencies\YamlDotNet\Unity.VisualScripting.YamlDotNet.dll
Symbol file LoadedFromMemory doesn't match image C:\Users\benja\OneDrive\Documents\The Forest\Library\PackageCache\com.unity.visualscripting@1.7.8\Editor\VisualScripting.Core\Dependencies\DotNetZip\Unity.VisualScripting.IonicZip.dll
Native extension for WindowsStandalone target not found
Native extension for WebGL target not found
Refreshing native plugins compatible for Editor in 0.56 ms, found 3 plugins.
Preloading 0 native plugins for Editor in 0.00 ms.
Mono: successfully reloaded assembly
- Completed reload, in  1.285 seconds
Domain Reload Profiling:
	ReloadAssembly (1286ms)
		BeginReloadAssembly (178ms)
			ExecutionOrderSort (0ms)
			DisableScriptedObjects (7ms)
			BackupInstance (0ms)
			ReleaseScriptingObjects (0ms)
			CreateAndSetChildDomain (41ms)
		EndReloadAssembly (981ms)
			LoadAssemblies (128ms)
			RebuildTransferFunctionScriptingTraits (0ms)
			SetupTypeCache (413ms)
			ReleaseScriptCaches (1ms)
			RebuildScriptCaches (41ms)
			SetupLoadedEditorAssemblies (373ms)
				LogAssemblyErrors (0ms)
				InitializePlatformSupportModulesInManaged (16ms)
				SetLoadedEditorAssemblies (0ms)
				RefreshPlugins (1ms)
				BeforeProcessingInitializeOnLoad (86ms)
				ProcessInitializeOnLoadAttributes (230ms)
				ProcessInitializeOnLoadMethodAttributes (28ms)
				AfterProcessingInitializeOnLoad (13ms)
				EditorAssembliesLoaded (0ms)
			ExecutionOrderSort2 (0ms)
			AwakeInstancesAfterBackupRestoration (9ms)
Platform modules already initialized, skipping
Refreshing native plugins compatible for Editor in 2.11 ms, found 3 plugins.
Preloading 0 native plugins for Editor in 0.00 ms.
Unloading 3372 Unused Serialized files (Serialized files now loaded: 0)
Unloading 35 unused Assets / (3.7 MB). Loaded Objects now: 3826.
Memory consumption went from 121.4 MB to 117.7 MB.
Total: 5.049400 ms (FindLiveObjects: 0.311100 ms CreateObjectMapping: 0.363100 ms MarkObjects: 2.835500 ms  DeleteObjects: 1.538700 ms)

AssetImportParameters requested are different than current active one (requested -> active):
  custom:video-decoder-ogg-theora: a1e56fd34408186e4bbccfd4996cb3dc -> 
  custom:container-muxer-webm: aa71ff27fc2769a1b78a27578f13a17b -> 
  custom:container-demuxer-webm: 4f35f7cbe854078d1ac9338744f61a02 -> 
  custom:video-encoder-webm-vp8: eb34c28f22e8b96e1ab97ce403110664 -> 
  custom:video-codec-MediaFoundation-h265: 746d11721c4dcdbdad8f713fa42b33f4 -> 
  custom:audio-encoder-webm-vorbis: bf7c407c2cedff20999df2af8eb42d56 -> 
  custom:framework-win-MediaFoundation: 216162199b28c13a410421893ffa2e32 -> 
  custom:container-demuxer-ogg: 62fdf1f143b41e24485cea50d1cbac27 -> 
  custom:video-decoder-webm-vp8: 9c59270c3fd7afecdb556c50c9e8de78 -> 
  custom:audio-decoder-ogg-vorbis: bf7c407c2cedff20999df2af8eb42d56 -> 
========================================================================
Received Import Request.
  Time since last request: 330187.008367 seconds.
  path: Assets/Chars/dungeonchars.png
  artifactKey: Guid(e2c59d0e43de59b49ba78841348ee48a) Importer(815301076,1909f56bfc062723c751e8b465ee728b)
Start importing Assets/Chars/dungeonchars.png using Guid(e2c59d0e43de59b49ba78841348ee48a) Importer(815301076,1909f56bfc062723c751e8b465ee728b)  -> (artifact id: 'f34ac385644f0cbdfcd793945d20340e') in 0.165761 seconds 
========================================================================
Received Import Request.
  Time since last request: 0.000040 seconds.
  path: Assets/Chars/seraz3.fbx
  artifactKey: Guid(5efa3e2271678054da3761c92d479d53) Importer(815301076,1909f56bfc062723c751e8b465ee728b)
Start importing Assets/Chars/seraz3.fbx using Guid(5efa3e2271678054da3761c92d479d53) Importer(815301076,1909f56bfc062723c751e8b465ee728b)  -> (artifact id: '8a195b677ae3fde54952bfb45b17cdb9') in 0.957964 seconds 
========================================================================
Received Import Request.
  Time since last request: 0.000040 seconds.
  path: Assets/Chars/dungeonchars2.png
  artifactKey: Guid(d8884719195e4a24da3c051d718226b5) Importer(815301076,1909f56bfc062723c751e8b465ee728b)
Start importing Assets/Chars/dungeonchars2.png using Guid(d8884719195e4a24da3c051d718226b5) Importer(815301076,1909f56bfc062723c751e8b465ee728b)  -> (artifact id: '194674f7360517df3e557c89563be707') in 0.009650 seconds 
========================================================================
Received Import Request.
  Time since last request: 0.000025 seconds.
  path: Assets/Chars/xalerie2.fbx
  artifactKey: Guid(d6684a6cb6fe9a34a86ebd4bde820180) Importer(815301076,1909f56bfc062723c751e8b465ee728b)
Start importing Assets/Chars/xalerie2.fbx using Guid(d6684a6cb6fe9a34a86ebd4bde820180) Importer(815301076,1909f56bfc062723c751e8b465ee728b)  -> (artifact id: '5d99fa6fb0e3baeeeffa39f83f1b8510') in 0.524646 seconds 
========================================================================
Received Import Request.
  Time since last request: 31.671266 seconds.
  path: Assets/Chars/RuinsChars/bump2.png
  artifactKey: Guid(7ca1b209ff550cb428157f848c4c9317) Importer(815301076,1909f56bfc062723c751e8b465ee728b)
Start importing Assets/Chars/RuinsChars/bump2.png using Guid(7ca1b209ff550cb428157f848c4c9317) Importer(815301076,1909f56bfc062723c751e8b465ee728b)  -> (artifact id: '25bf61b672280434bfaab4ae2523462c') in 0.015671 seconds 
========================================================================
Received Import Request.
  Time since last request: 0.000034 seconds.
  path: Assets/Chars/RuinsChars/hair_alpha.png
  artifactKey: Guid(cd04170cf08af8d4f9da28a64e008e99) Importer(815301076,1909f56bfc062723c751e8b465ee728b)
Start importing Assets/Chars/RuinsChars/hair_alpha.png using Guid(cd04170cf08af8d4f9da28a64e008e99) Importer(815301076,1909f56bfc062723c751e8b465ee728b)  -> (artifact id: '527eef656e7edded09e7b2ef268e9fdb') in 0.011687 seconds 
========================================================================
Received Import Request.
  Time since last request: 0.000049 seconds.
  path: Assets/Chars/RuinsChars/eyes-green.mat
  artifactKey: Guid(5c5a8843732cae64d9858e9f95dc7b2a) Importer(815301076,1909f56bfc062723c751e8b465ee728b)
Start importing Assets/Chars/RuinsChars/eyes-green.mat using Guid(5c5a8843732cae64d9858e9f95dc7b2a) Importer(815301076,1909f56bfc062723c751e8b465ee728b)  -> (artifact id: '840a13e60d6d955a66c56bf2d06081a8') in 0.276411 seconds 
========================================================================
Received Import Request.
  Time since last request: 0.000066 seconds.
  path: Assets/Chars/RuinsChars/male_generic 1.mat
  artifactKey: Guid(1a91bfd95106f3d41b7e6069101b22fb) Importer(815301076,1909f56bfc062723c751e8b465ee728b)
Start importing Assets/Chars/RuinsChars/male_generic 1.mat using Guid(1a91bfd95106f3d41b7e6069101b22fb) Importer(815301076,1909f56bfc062723c751e8b465ee728b)  -> (artifact id: '11edc06beeb0af03af91eb983e484b47') in 0.013412 seconds 
========================================================================
Received Import Request.
  Time since last request: 0.000026 seconds.
  path: Assets/Chars/RuinsChars/ruins_xalerieblender4.fbx
  artifactKey: Guid(2dfae100a2d4c8a4eb5871f8b2eeda0e) Importer(815301076,1909f56bfc062723c751e8b465ee728b)
Start importing Assets/Chars/RuinsChars/ruins_xalerieblender4.fbx using Guid(2dfae100a2d4c8a4eb5871f8b2eeda0e) Importer(815301076,1909f56bfc062723c751e8b465ee728b)  -> (artifact id: 'b3ba06d16cb9d4930950d116b6c3b195') in 0.234574 seconds 
========================================================================
Received Import Request.
  Time since last request: 0.000033 seconds.
  path: Assets/Chars/RuinsChars/eyebrow001.mat
  artifactKey: Guid(2079c3c42e32ce248822876f0fcc303a) Importer(815301076,1909f56bfc062723c751e8b465ee728b)
Start importing Assets/Chars/RuinsChars/eyebrow001.mat using Guid(2079c3c42e32ce248822876f0fcc303a) Importer(815301076,1909f56bfc062723c751e8b465ee728b)  -> (artifact id: 'f519789c3262ee2d37f247b9eec17f86') in 0.011715 seconds 
========================================================================
Received Import Request.
  Time since last request: 0.000064 seconds.
  path: Assets/Chars/RuinsChars/eyebrow012.mat
  artifactKey: Guid(9a450734dca2202428a493c1e94b0e28) Importer(815301076,1909f56bfc062723c751e8b465ee728b)
Start importing Assets/Chars/RuinsChars/eyebrow012.mat using Guid(9a450734dca2202428a493c1e94b0e28) Importer(815301076,1909f56bfc062723c751e8b465ee728b)  -> (artifact id: '869e57915ca89b33899dc20c40ae1f56') in 0.012760 seconds 
========================================================================
Received Import Request.
  Time since last request: 0.000019 seconds.
  path: Assets/Chars/RuinsChars/teeth.png
  artifactKey: Guid(5565bb4c4046e3f458c6d3e62b746187) Importer(815301076,1909f56bfc062723c751e8b465ee728b)
Start importing Assets/Chars/RuinsChars/teeth.png using Guid(5565bb4c4046e3f458c6d3e62b746187) Importer(815301076,1909f56bfc062723c751e8b465ee728b)  -> (artifact id: '833ffc6f3e8a06b964be02885228c914') in 0.015006 seconds 
========================================================================
Received Import Request.
  Time since last request: 0.000023 seconds.
  path: Assets/Chars/RuinsChars/female_generic.mat
  artifactKey: Guid(4427799d3c353f94fabc002f760d8c8e) Importer(815301076,1909f56bfc062723c751e8b465ee728b)
Start importing Assets/Chars/RuinsChars/female_generic.mat using Guid(4427799d3c353f94fabc002f760d8c8e) Importer(815301076,1909f56bfc062723c751e8b465ee728b)  -> (artifact id: '7fe550a36ac20ed87210e8cfb91b5a61') in 0.013526 seconds 
========================================================================
Received Import Request.
  Time since last request: 0.000022 seconds.
  path: Assets/Chars/RuinsChars/eyelashes01.001.mat
  artifactKey: Guid(0bd1a619c195e6f48b4ccc7e30556cff) Importer(815301076,1909f56bfc062723c751e8b465ee728b)
Start importing Assets/Chars/RuinsChars/eyelashes01.001.mat using Guid(0bd1a619c195e6f48b4ccc7e30556cff) Importer(815301076,1909f56bfc062723c751e8b465ee728b)  -> (artifact id: 'd208250846c91b03c72bbffa5be31a0e') in 0.013435 seconds 
========================================================================
Received Import Request.
  Time since last request: 0.000027 seconds.
  path: Assets/Chars/RuinsChars/spikyhairwhite.png
  artifactKey: Guid(41c004f2f9a075645a363789b1ddb33d) Importer(815301076,1909f56bfc062723c751e8b465ee728b)
Start importing Assets/Chars/RuinsChars/spikyhairwhite.png using Guid(41c004f2f9a075645a363789b1ddb33d) Importer(815301076,1909f56bfc062723c751e8b465ee728b)  -> (artifact id: '6e599d87ecbd87c8aadf028b59b731a1') in 0.009795 seconds 
========================================================================
Received Import Request.
  Time since last request: 0.000029 seconds.
  path: Assets/Chars/RuinsChars/elvs_hazel_hair_normal.png
  artifactKey: Guid(6967d754e8603514f923298bf10c7373) Importer(815301076,1909f56bfc062723c751e8b465ee728b)
Start importing Assets/Chars/RuinsChars/elvs_hazel_hair_normal.png using Guid(6967d754e8603514f923298bf10c7373) Importer(815301076,1909f56bfc062723c751e8b465ee728b)  -> (artifact id: '330a18251d0ae5271a86dcabc1b64bc5') in 0.017239 seconds 
========================================================================
Received Import Request.
  Time since last request: 0.000034 seconds.
  path: Assets/Chars/RuinsChars/eyelashes03.mat
  artifactKey: Guid(469e4a0642b7ccb48a764d236c24b835) Importer(815301076,1909f56bfc062723c751e8b465ee728b)
Start importing Assets/Chars/RuinsChars/eyelashes03.mat using Guid(469e4a0642b7ccb48a764d236c24b835) Importer(815301076,1909f56bfc062723c751e8b465ee728b)  -> (artifact id: '507c68e3e8eeb108e6ff8cfa5704ec5d') in 0.011494 seconds 
========================================================================
Received Import Request.
  Time since last request: 0.000060 seconds.
  path: Assets/Chars/RuinsChars/T-shirt_basic_pink.png
  artifactKey: Guid(d9f3f2925be03d141819bc2fe063e436) Importer(815301076,1909f56bfc062723c751e8b465ee728b)
Start importing Assets/Chars/RuinsChars/T-shirt_basic_pink.png using Guid(d9f3f2925be03d141819bc2fe063e436) Importer(815301076,1909f56bfc062723c751e8b465ee728b)  -> (artifact id: '51a166d6ac15e30302ba6ab4e31c4d56') in 0.011444 seconds 
========================================================================
Received Import Request.
  Time since last request: 0.000045 seconds.
  path: Assets/Chars/RuinsChars/young_lightskinned_male_diffuse2.png
  artifactKey: Guid(d36425c6e96005a468be7e4dfb5484dd) Importer(815301076,1909f56bfc062723c751e8b465ee728b)
Start importing Assets/Chars/RuinsChars/young_lightskinned_male_diffuse2.png using Guid(d36425c6e96005a468be7e4dfb5484dd) Importer(815301076,1909f56bfc062723c751e8b465ee728b)  -> (artifact id: '4ac986055acf5675fa236d0b10531d9a') in 0.014988 seconds 
========================================================================
Received Import Request.
  Time since last request: 0.000035 seconds.
  path: Assets/Chars/RuinsChars/ruins_xalerieblender2.fbx
  artifactKey: Guid(8d6249b0095186044abcdc9921711160) Importer(815301076,1909f56bfc062723c751e8b465ee728b)
Start importing Assets/Chars/RuinsChars/ruins_xalerieblender2.fbx using Guid(8d6249b0095186044abcdc9921711160) Importer(815301076,1909f56bfc062723c751e8b465ee728b)  -> (artifact id: '1aae74d177ba56d2814ee273197f59c5') in 0.198205 seconds 
========================================================================
Received Import Request.
  Time since last request: 0.000031 seconds.
  path: Assets/Chars/RuinsChars/Glasses2.png
  artifactKey: Guid(52781a3c18f570741b009ab817b65ee8) Importer(815301076,1909f56bfc062723c751e8b465ee728b)
Start importing Assets/Chars/RuinsChars/Glasses2.png using Guid(52781a3c18f570741b009ab817b65ee8) Importer(815301076,1909f56bfc062723c751e8b465ee728b)  -> (artifact id: 'b582ffc7f26da7e5c5e86be391b46afe') in 0.011052 seconds 
========================================================================
Received Import Request.
  Time since last request: 0.000028 seconds.
  path: Assets/Chars/RuinsChars/t_shirt_basic_tucked.mat
  artifactKey: Guid(53c8513eca9334b44b24fe8b08f1c92a) Importer(815301076,1909f56bfc062723c751e8b465ee728b)
Start importing Assets/Chars/RuinsChars/t_shirt_basic_tucked.mat using Guid(53c8513eca9334b44b24fe8b08f1c92a) Importer(815301076,1909f56bfc062723c751e8b465ee728b)  -> (artifact id: '67ab2b175542751c3b947fe71ec72503') in 0.014922 seconds 
========================================================================
Received Import Request.
  Time since last request: 0.000036 seconds.
  path: Assets/Chars/RuinsChars/eyebrow006.mat
  artifactKey: Guid(fbe98a777b0ec44479dedd020e463dc5) Importer(815301076,1909f56bfc062723c751e8b465ee728b)
Start importing Assets/Chars/RuinsChars/eyebrow006.mat using Guid(fbe98a777b0ec44479dedd020e463dc5) Importer(815301076,1909f56bfc062723c751e8b465ee728b)  -> (artifact id: 'b4e36c14d2ce2e956116c248437e56ea') in 0.010639 seconds 
========================================================================
Received Import Request.
  Time since last request: 0.000032 seconds.
  path: Assets/Chars/RuinsChars/ruins_aestablender 2.fbx
  artifactKey: Guid(f4ad90931b1eee9448e70e12df6fcd59) Importer(815301076,1909f56bfc062723c751e8b465ee728b)
Start importing Assets/Chars/RuinsChars/ruins_aestablender 2.fbx using Guid(f4ad90931b1eee9448e70e12df6fcd59) Importer(815301076,1909f56bfc062723c751e8b465ee728b)  -> (artifact id: 'e46df965dc39a8e5a0ded0d688a1f46c') in 0.273271 seconds 
========================================================================
Received Import Request.
  Time since last request: 0.000029 seconds.
  path: Assets/Chars/RuinsChars/spikyhairnormal.png
  artifactKey: Guid(1571b6a8f22e1d8479e0f27b7ad98286) Importer(815301076,1909f56bfc062723c751e8b465ee728b)
Start importing Assets/Chars/RuinsChars/spikyhairnormal.png using Guid(1571b6a8f22e1d8479e0f27b7ad98286) Importer(815301076,1909f56bfc062723c751e8b465ee728b)  -> (artifact id: '7837076601219f131af5b2f4500182e5') in 0.012807 seconds 
========================================================================
Received Import Request.
  Time since last request: 0.000035 seconds.
  path: Assets/Chars/RuinsChars/eyes-violet.mat
  artifactKey: Guid(fdd28fc474fa6b742a018682c166ec84) Importer(815301076,1909f56bfc062723c751e8b465ee728b)
Start importing Assets/Chars/RuinsChars/eyes-violet.mat using Guid(fdd28fc474fa6b742a018682c166ec84) Importer(815301076,1909f56bfc062723c751e8b465ee728b)  -> (artifact id: '7cc6ab3a0f132fa17039143be1da0c4c') in 0.014101 seconds 
========================================================================
Received Import Request.
  Time since last request: 0.000026 seconds.
  path: Assets/Chars/RuinsChars/col.png
  artifactKey: Guid(59d509fc81231004e9b883e342cf11f8) Importer(815301076,1909f56bfc062723c751e8b465ee728b)
Start importing Assets/Chars/RuinsChars/col.png using Guid(59d509fc81231004e9b883e342cf11f8) Importer(815301076,1909f56bfc062723c751e8b465ee728b)  -> (artifact id: 'c21db7e2f13153bc31f3dd00d6d72ac0') in 0.016827 seconds 
========================================================================
Received Import Request.
  Time since last request: 0.000034 seconds.
  path: Assets/Chars/RuinsChars/hair_05.mat
  artifactKey: Guid(fd3cf2c787f17c8498a3f8b9618a2d7c) Importer(815301076,1909f56bfc062723c751e8b465ee728b)
Start importing Assets/Chars/RuinsChars/hair_05.mat using Guid(fd3cf2c787f17c8498a3f8b9618a2d7c) Importer(815301076,1909f56bfc062723c751e8b465ee728b)  -> (artifact id: '7995417d596083be535aeb40d349095b') in 0.011506 seconds 
========================================================================
Received Import Request.
  Time since last request: 0.000021 seconds.
  path: Assets/Chars/RuinsChars/ruins_serazblender4.fbx
  artifactKey: Guid(ec52d9efcfb50374ebf346b9c73a010f) Importer(815301076,1909f56bfc062723c751e8b465ee728b)
Start importing Assets/Chars/RuinsChars/ruins_serazblender4.fbx using Guid(ec52d9efcfb50374ebf346b9c73a010f) Importer(815301076,1909f56bfc062723c751e8b465ee728b)  -> (artifact id: 'f7b96e0403b52b6b18a88cab1caccec8') in 0.489785 seconds 
========================================================================
Received Import Request.
  Time since last request: 0.000025 seconds.
  path: Assets/Chars/RuinsChars/shoes05_diffuse_aqua.png
  artifactKey: Guid(6233809574090544ebd6587a0919cad4) Importer(815301076,1909f56bfc062723c751e8b465ee728b)
Start importing Assets/Chars/RuinsChars/shoes05_diffuse_aqua.png using Guid(6233809574090544ebd6587a0919cad4) Importer(815301076,1909f56bfc062723c751e8b465ee728b)  -> (artifact id: 'a18178ffb8d0310d4e65cefa09f9991f') in 0.012324 seconds 
========================================================================
Received Import Request.
  Time since last request: 0.000032 seconds.
  path: Assets/Chars/RuinsChars/cl_male_sport_suit_aqua.png
  artifactKey: Guid(324cdca90702115468361fb29b852075) Importer(815301076,1909f56bfc062723c751e8b465ee728b)
Start importing Assets/Chars/RuinsChars/cl_male_sport_suit_aqua.png using Guid(324cdca90702115468361fb29b852075) Importer(815301076,1909f56bfc062723c751e8b465ee728b)  -> (artifact id: 'b74b7b812a97a55f7e3c78d8b6f82179') in 0.014133 seconds 
========================================================================
Received Import Request.
  Time since last request: 25.229783 seconds.
  path: Assets/Chars/Animations/idle.fbx
  artifactKey: Guid(bb5ada75010840c4ba6b6aefacb4fcae) Importer(815301076,1909f56bfc062723c751e8b465ee728b)
Start importing Assets/Chars/Animations/idle.fbx using Guid(bb5ada75010840c4ba6b6aefacb4fcae) Importer(815301076,1909f56bfc062723c751e8b465ee728b)  -> (artifact id: '057bddbdbb0e20608668b48c930cf70c') in 0.008745 seconds 
========================================================================
Received Import Request.
  Time since last request: 0.000059 seconds.
  path: Assets/Chars/Animations/right turn.fbx
  artifactKey: Guid(5049b704484b2184bb198e2f12558351) Importer(815301076,1909f56bfc062723c751e8b465ee728b)
Start importing Assets/Chars/Animations/right turn.fbx using Guid(5049b704484b2184bb198e2f12558351) Importer(815301076,1909f56bfc062723c751e8b465ee728b)  -> (artifact id: '628aa108051c15fa029e3872fc4a5fc1') in 0.010995 seconds 
========================================================================
Received Import Request.
  Time since last request: 0.000031 seconds.
  path: Assets/Chars/Animations/Jumping (1).fbx
  artifactKey: Guid(e716a9544b0ee794b9eeef6e44ef1cfb) Importer(815301076,1909f56bfc062723c751e8b465ee728b)
Start importing Assets/Chars/Animations/Jumping (1).fbx using Guid(e716a9544b0ee794b9eeef6e44ef1cfb) Importer(815301076,1909f56bfc062723c751e8b465ee728b)  -> (artifact id: 'e997066e35bcdeb05f566bed58b3283b') in 0.121205 seconds 
========================================================================
Received Import Request.
  Time since last request: 42.074087 seconds.
  path: Assets/Prefabs/Gavaan Prefab.prefab
  artifactKey: Guid(b9384f64126caef4b8182fa64e6ae598) Importer(815301076,1909f56bfc062723c751e8b465ee728b)
Start importing Assets/Prefabs/Gavaan Prefab.prefab using Guid(b9384f64126caef4b8182fa64e6ae598) Importer(815301076,1909f56bfc062723c751e8b465ee728b)  -> (artifact id: '1ba67fbc9a715059937ba837f5e33e38') in 0.068279 seconds 
========================================================================
Received Import Request.
  Time since last request: 0.000023 seconds.
  path: Assets/Prefabs/Spike.prefab
  artifactKey: Guid(a682d72b0e249344492c6d78363426ea) Importer(815301076,1909f56bfc062723c751e8b465ee728b)
Start importing Assets/Prefabs/Spike.prefab using Guid(a682d72b0e249344492c6d78363426ea) Importer(815301076,1909f56bfc062723c751e8b465ee728b)  -> (artifact id: '67f2affa9963a49bee939ae6cb941641') in 0.005645 seconds 
========================================================================
Received Import Request.
  Time since last request: 0.000027 seconds.
  path: Assets/Prefabs/Pink Orb.prefab
  artifactKey: Guid(78c475c6797ee2648b1827bfecbf3e6d) Importer(815301076,1909f56bfc062723c751e8b465ee728b)
Start importing Assets/Prefabs/Pink Orb.prefab using Guid(78c475c6797ee2648b1827bfecbf3e6d) Importer(815301076,1909f56bfc062723c751e8b465ee728b)  -> (artifact id: 'c78abc16e699754e4439c4c79162e774') in 0.006080 seconds 
========================================================================
Received Import Request.
  Time since last request: 0.000047 seconds.
  path: Assets/Prefabs/SavePoint.prefab
  artifactKey: Guid(358272bd374ea5c4ba43617f2142dd50) Importer(815301076,1909f56bfc062723c751e8b465ee728b)
Start importing Assets/Prefabs/SavePoint.prefab using Guid(358272bd374ea5c4ba43617f2142dd50) Importer(815301076,1909f56bfc062723c751e8b465ee728b)  -> (artifact id: '1b14e3e4f1b3b7eee9d863456337926d') in 0.006229 seconds 
========================================================================
Received Import Request.
  Time since last request: 0.000097 seconds.
  path: Assets/Prefabs/Ruins_Xalerie_Orig2.prefab
  artifactKey: Guid(c1eb31f4b86bd7a438aac08be865cd7a) Importer(815301076,1909f56bfc062723c751e8b465ee728b)
Start importing Assets/Prefabs/Ruins_Xalerie_Orig2.prefab using Guid(c1eb31f4b86bd7a438aac08be865cd7a) Importer(815301076,1909f56bfc062723c751e8b465ee728b)  -> (artifact id: '9f55b96dd774ffbca0d39bef62f85b16') in 0.427764 seconds 
========================================================================
Received Prepare
Registering precompiled user dll's ...
Registered in 0.033353 seconds.
Begin MonoManager ReloadAssembly
Symbol file LoadedFromMemory doesn't match image C:\Users\benja\OneDrive\Documents\The Forest\Library\PackageCache\com.unity.visualscripting@1.7.8\Editor\VisualScripting.Core\Dependencies\YamlDotNet\Unity.VisualScripting.YamlDotNet.dll
Symbol file LoadedFromMemory doesn't match image C:\Users\benja\OneDrive\Documents\The Forest\Library\PackageCache\com.unity.visualscripting@1.7.8\Editor\VisualScripting.Core\Dependencies\DotNetZip\Unity.VisualScripting.IonicZip.dll
Native extension for WindowsStandalone target not found
Native extension for WebGL target not found
Refreshing native plugins compatible for Editor in 1.25 ms, found 3 plugins.
Preloading 0 native plugins for Editor in 0.00 ms.
[ScriptCompilation] NOT recompiling all scripts because this is an import worker process. Reason to compile was: Define symbols changed
Mono: successfully reloaded assembly
- Completed reload, in  1.870 seconds
Domain Reload Profiling:
	ReloadAssembly (1871ms)
		BeginReloadAssembly (191ms)
			ExecutionOrderSort (0ms)
			DisableScriptedObjects (7ms)
			BackupInstance (0ms)
			ReleaseScriptingObjects (0ms)
			CreateAndSetChildDomain (45ms)
		EndReloadAssembly (1491ms)
			LoadAssemblies (144ms)
			RebuildTransferFunctionScriptingTraits (0ms)
			SetupTypeCache (353ms)
			ReleaseScriptCaches (2ms)
			RebuildScriptCaches (75ms)
			SetupLoadedEditorAssemblies (825ms)
				LogAssemblyErrors (0ms)
				InitializePlatformSupportModulesInManaged (27ms)
				SetLoadedEditorAssemblies (1ms)
				RefreshPlugins (1ms)
				BeforeProcessingInitializeOnLoad (139ms)
				ProcessInitializeOnLoadAttributes (590ms)
				ProcessInitializeOnLoadMethodAttributes (46ms)
				AfterProcessingInitializeOnLoad (20ms)
				EditorAssembliesLoaded (0ms)
			ExecutionOrderSort2 (0ms)
			AwakeInstancesAfterBackupRestoration (14ms)
Platform modules already initialized, skipping
Refreshing native plugins compatible for Editor in 3.68 ms, found 3 plugins.
Preloading 0 native plugins for Editor in 0.00 ms.
Unloading 3504 Unused Serialized files (Serialized files now loaded: 0)
Unloading 76 unused Assets / (7.6 MB). Loaded Objects now: 3972.
Memory consumption went from 152.6 MB to 145.0 MB.
Total: 10.026400 ms (FindLiveObjects: 0.427300 ms CreateObjectMapping: 0.393300 ms MarkObjects: 4.947900 ms  DeleteObjects: 4.255200 ms)

AssetImportParameters requested are different than current active one (requested -> active):
  custom:video-decoder-ogg-theora: a1e56fd34408186e4bbccfd4996cb3dc -> 
  custom:container-muxer-webm: aa71ff27fc2769a1b78a27578f13a17b -> 
  custom:container-demuxer-webm: 4f35f7cbe854078d1ac9338744f61a02 -> 
  custom:video-encoder-webm-vp8: eb34c28f22e8b96e1ab97ce403110664 -> 
  custom:video-codec-MediaFoundation-h265: 746d11721c4dcdbdad8f713fa42b33f4 -> 
  custom:audio-encoder-webm-vorbis: bf7c407c2cedff20999df2af8eb42d56 -> 
  custom:framework-win-MediaFoundation: 216162199b28c13a410421893ffa2e32 -> 
  custom:container-demuxer-ogg: 62fdf1f143b41e24485cea50d1cbac27 -> 
  custom:video-decoder-webm-vp8: 9c59270c3fd7afecdb556c50c9e8de78 -> 
  custom:audio-decoder-ogg-vorbis: bf7c407c2cedff20999df2af8eb42d56 -> 
========================================================================
Received Import Request.
  Time since last request: 135.764521 seconds.
  path: Assets/Prefabs/Purple Orb.prefab
  artifactKey: Guid(dcf90fbd2b8b675429047fdf1ef1f470) Importer(815301076,1909f56bfc062723c751e8b465ee728b)
Start importing Assets/Prefabs/Purple Orb.prefab using Guid(dcf90fbd2b8b675429047fdf1ef1f470) Importer(815301076,1909f56bfc062723c751e8b465ee728b)  -> (artifact id: 'e137f5a6a48dda3eef8cd94db24ede3e') in 0.250512 seconds 
========================================================================
Received Import Request.
  Time since last request: 0.000035 seconds.
  path: Assets/Prefabs/Blue Orb.prefab
  artifactKey: Guid(6c73b8001552bf1468ec4a12a69d8e2f) Importer(815301076,1909f56bfc062723c751e8b465ee728b)
Start importing Assets/Prefabs/Blue Orb.prefab using Guid(6c73b8001552bf1468ec4a12a69d8e2f) Importer(815301076,1909f56bfc062723c751e8b465ee728b)  -> (artifact id: '07d981fb3b907371f4fd9f58726a84e0') in 0.069836 seconds 
========================================================================
Received Import Request.
  Time since last request: 0.000048 seconds.
  path: Assets/Prefabs/Yellow Orb Variant.prefab
  artifactKey: Guid(3782d58ad7523de4e955c08953497e04) Importer(815301076,1909f56bfc062723c751e8b465ee728b)
Start importing Assets/Prefabs/Yellow Orb Variant.prefab using Guid(3782d58ad7523de4e955c08953497e04) Importer(815301076,1909f56bfc062723c751e8b465ee728b)  -> (artifact id: '7242bdf9aea26512a7a8961d25803dfc') in 0.067199 seconds 
========================================================================
Received Import Request.
  Time since last request: 6.070982 seconds.
  path: Assets/bsasprite512.png
  artifactKey: Guid(7b25b6044e99d6744bf8a3a9eb760a76) Importer(815301076,1909f56bfc062723c751e8b465ee728b)
Start importing Assets/bsasprite512.png using Guid(7b25b6044e99d6744bf8a3a9eb760a76) Importer(815301076,1909f56bfc062723c751e8b465ee728b)  -> (artifact id: '92289c2750d44701227d3baf0327590a') in 0.052224 seconds 
Editor requested this worker to shutdown with reason: Scaling down because of idle timeout
AssetImportWorker is now disconnected from the server
Process exiting
Exiting without the bug reporter. Application will terminate with return code 0