Using pre-set license
Built from '2021.3/staging' branch; Version is '2021.3.14f1 (eee1884e7226) revision 15655304'; Using compiler version '192829333'; Build Type 'Release'
OS: 'Windows 10  (10.0.19044) 64bit Professional' Language: 'en' Physical Memory: 65342 MB
BatchMode: 1, IsHumanControllingUs: 0, StartBugReporterOnCrash: 0, Is64bit: 1, IsPro: 1

COMMAND LINE ARGUMENTS:
C:\Program Files\Unity\Hub\Editor\2021.3.14f1\Editor\Unity.exe
-adb2
-batchMode
-noUpm
-name
AssetImportWorker2
-projectPath
C:/Users/benja/OneDrive/Documents/The Forest
-logFile
Logs/AssetImportWorker2.log
-srvPort
58097
Successfully changed project path to: C:/Users/benja/OneDrive/Documents/The Forest
C:/Users/benja/OneDrive/Documents/The Forest
[UnityMemory] Configuration Parameters - Can be set up in boot.config
    "memorysetup-bucket-allocator-granularity=16"
    "memorysetup-bucket-allocator-bucket-count=8"
    "memorysetup-bucket-allocator-block-size=33554432"
    "memorysetup-bucket-allocator-block-count=8"
    "memorysetup-main-allocator-block-size=16777216"
    "memorysetup-thread-allocator-block-size=16777216"
    "memorysetup-gfx-main-allocator-block-size=16777216"
    "memorysetup-gfx-thread-allocator-block-size=16777216"
    "memorysetup-cache-allocator-block-size=4194304"
    "memorysetup-typetree-allocator-block-size=2097152"
    "memorysetup-profiler-bucket-allocator-granularity=16"
    "memorysetup-profiler-bucket-allocator-bucket-count=8"
    "memorysetup-profiler-bucket-allocator-block-size=33554432"
    "memorysetup-profiler-bucket-allocator-block-count=8"
    "memorysetup-profiler-allocator-block-size=16777216"
    "memorysetup-profiler-editor-allocator-block-size=1048576"
    "memorysetup-temp-allocator-size-main=16777216"
    "memorysetup-job-temp-allocator-block-size=2097152"
    "memorysetup-job-temp-allocator-block-size-background=1048576"
    "memorysetup-job-temp-allocator-reduction-small-platforms=262144"
    "memorysetup-temp-allocator-size-background-worker=32768"
    "memorysetup-temp-allocator-size-job-worker=262144"
    "memorysetup-temp-allocator-size-preload-manager=33554432"
    "memorysetup-temp-allocator-size-nav-mesh-worker=65536"
    "memorysetup-temp-allocator-size-audio-worker=65536"
    "memorysetup-temp-allocator-size-cloud-worker=32768"
    "memorysetup-temp-allocator-size-gi-baking-worker=262144"
    "memorysetup-temp-allocator-size-gfx=262144"
Refreshing native plugins compatible for Editor in 116.06 ms, found 3 plugins.
Preloading 0 native plugins for Editor in 0.00 ms.
Initialize engine version: 2021.3.14f1 (eee1884e7226)
[Subsystems] Discovering subsystems at path C:/Program Files/Unity/Hub/Editor/2021.3.14f1/Editor/Data/Resources/UnitySubsystems
[Subsystems] Discovering subsystems at path C:/Users/benja/OneDrive/Documents/The Forest/Assets
GfxDevice: creating device client; threaded=0; jobified=0
Direct3D:
    Version:  Direct3D 11.0 [level 11.1]
    Renderer: NVIDIA Quadro P2000 (ID=0x1cba)
    Vendor:   NVIDIA
    VRAM:     4018 MB
    Driver:   31.0.15.1669
Initialize mono
Mono path[0] = 'C:/Program Files/Unity/Hub/Editor/2021.3.14f1/Editor/Data/Managed'
Mono path[1] = 'C:/Program Files/Unity/Hub/Editor/2021.3.14f1/Editor/Data/MonoBleedingEdge/lib/mono/unityjit-win32'
Mono config path = 'C:/Program Files/Unity/Hub/Editor/2021.3.14f1/Editor/Data/MonoBleedingEdge/etc'
Using monoOptions --debugger-agent=transport=dt_socket,embedding=1,server=y,suspend=n,address=127.0.0.1:56328
Begin MonoManager ReloadAssembly
Registering precompiled unity dll's ...
Register platform support module: C:/Program Files/Unity/Hub/Editor/2021.3.14f1/Editor/Data/PlaybackEngines/WebGLSupport/UnityEditor.WebGL.Extensions.dll
Register platform support module: C:/Program Files/Unity/Hub/Editor/2021.3.14f1/Editor/Data/PlaybackEngines/WindowsStandaloneSupport/UnityEditor.WindowsStandalone.Extensions.dll
Registered in 0.015108 seconds.
Native extension for WindowsStandalone target not found
Native extension for WebGL target not found
Refreshing native plugins compatible for Editor in 98.29 ms, found 3 plugins.
Preloading 0 native plugins for Editor in 0.00 ms.
Mono: successfully reloaded assembly
- Completed reload, in  0.824 seconds
Domain Reload Profiling:
	ReloadAssembly (825ms)
		BeginReloadAssembly (103ms)
			ExecutionOrderSort (0ms)
			DisableScriptedObjects (0ms)
			BackupInstance (0ms)
			ReleaseScriptingObjects (0ms)
			CreateAndSetChildDomain (1ms)
		EndReloadAssembly (573ms)
			LoadAssemblies (100ms)
			RebuildTransferFunctionScriptingTraits (0ms)
			SetupTypeCache (133ms)
			ReleaseScriptCaches (0ms)
			RebuildScriptCaches (34ms)
			SetupLoadedEditorAssemblies (340ms)
				LogAssemblyErrors (0ms)
				InitializePlatformSupportModulesInManaged (11ms)
				SetLoadedEditorAssemblies (0ms)
				RefreshPlugins (98ms)
				BeforeProcessingInitializeOnLoad (1ms)
				ProcessInitializeOnLoadAttributes (166ms)
				ProcessInitializeOnLoadMethodAttributes (63ms)
				AfterProcessingInitializeOnLoad (0ms)
				EditorAssembliesLoaded (0ms)
			ExecutionOrderSort2 (0ms)
			AwakeInstancesAfterBackupRestoration (0ms)
Platform modules already initialized, skipping
Registering precompiled user dll's ...
Registered in 0.014523 seconds.
Begin MonoManager ReloadAssembly
Symbol file LoadedFromMemory doesn't match image C:\Users\benja\OneDrive\Documents\The Forest\Library\PackageCache\com.unity.visualscripting@1.7.8\Editor\VisualScripting.Core\Dependencies\YamlDotNet\Unity.VisualScripting.YamlDotNet.dll
Symbol file LoadedFromMemory doesn't match image C:\Users\benja\OneDrive\Documents\The Forest\Library\PackageCache\com.unity.visualscripting@1.7.8\Editor\VisualScripting.Core\Dependencies\DotNetZip\Unity.VisualScripting.IonicZip.dll
Native extension for WindowsStandalone target not found
Native extension for WebGL target not found
Refreshing native plugins compatible for Editor in 0.84 ms, found 3 plugins.
Preloading 0 native plugins for Editor in 0.00 ms.
Mono: successfully reloaded assembly
- Completed reload, in  1.350 seconds
Domain Reload Profiling:
	ReloadAssembly (1351ms)
		BeginReloadAssembly (154ms)
			ExecutionOrderSort (0ms)
			DisableScriptedObjects (7ms)
			BackupInstance (0ms)
			ReleaseScriptingObjects (0ms)
			CreateAndSetChildDomain (26ms)
		EndReloadAssembly (1048ms)
			LoadAssemblies (123ms)
			RebuildTransferFunctionScriptingTraits (0ms)
			SetupTypeCache (331ms)
			ReleaseScriptCaches (1ms)
			RebuildScriptCaches (61ms)
			SetupLoadedEditorAssemblies (492ms)
				LogAssemblyErrors (0ms)
				InitializePlatformSupportModulesInManaged (9ms)
				SetLoadedEditorAssemblies (1ms)
				RefreshPlugins (1ms)
				BeforeProcessingInitializeOnLoad (122ms)
				ProcessInitializeOnLoadAttributes (312ms)
				ProcessInitializeOnLoadMethodAttributes (36ms)
				AfterProcessingInitializeOnLoad (12ms)
				EditorAssembliesLoaded (0ms)
			ExecutionOrderSort2 (0ms)
			AwakeInstancesAfterBackupRestoration (9ms)
Platform modules already initialized, skipping
========================================================================
Worker process is ready to serve import requests
Launched and connected shader compiler UnityShaderCompiler.exe after 0.08 seconds
Refreshing native plugins compatible for Editor in 0.85 ms, found 3 plugins.
Preloading 0 native plugins for Editor in 0.00 ms.
Unloading 3884 Unused Serialized files (Serialized files now loaded: 0)
Unloading 41 unused Assets / (1.4 MB). Loaded Objects now: 4332.
Memory consumption went from 224.3 MB to 222.9 MB.
Total: 4.425700 ms (FindLiveObjects: 0.515400 ms CreateObjectMapping: 0.259300 ms MarkObjects: 3.243400 ms  DeleteObjects: 0.406800 ms)

AssetImportParameters requested are different than current active one (requested -> active):
  custom:video-decoder-ogg-theora: a1e56fd34408186e4bbccfd4996cb3dc -> 
  custom:container-muxer-webm: aa71ff27fc2769a1b78a27578f13a17b -> 
  custom:container-demuxer-webm: 4f35f7cbe854078d1ac9338744f61a02 -> 
  custom:video-encoder-webm-vp8: eb34c28f22e8b96e1ab97ce403110664 -> 
  custom:video-codec-MediaFoundation-h265: 746d11721c4dcdbdad8f713fa42b33f4 -> 
  custom:audio-encoder-webm-vorbis: bf7c407c2cedff20999df2af8eb42d56 -> 
  custom:framework-win-MediaFoundation: 216162199b28c13a410421893ffa2e32 -> 
  custom:container-demuxer-ogg: 62fdf1f143b41e24485cea50d1cbac27 -> 
  custom:video-decoder-webm-vp8: 9c59270c3fd7afecdb556c50c9e8de78 -> 
  custom:audio-decoder-ogg-vorbis: bf7c407c2cedff20999df2af8eb42d56 -> 
========================================================================
Received Import Request.
  Time since last request: 468608.905465 seconds.
  path: Assets/Chars/Gavaan/Materials/Shorts.mat
  artifactKey: Guid(f024fc2d04749e844aca7b1fb280d73b) Importer(815301076,1909f56bfc062723c751e8b465ee728b)
Start importing Assets/Chars/Gavaan/Materials/Shorts.mat using Guid(f024fc2d04749e844aca7b1fb280d73b) Importer(815301076,1909f56bfc062723c751e8b465ee728b)  -> (artifact id: '6968d26d4576a71da8ae278866d63748') in 0.180213 seconds 
========================================================================
Received Import Request.
  Time since last request: 0.000022 seconds.
  path: Assets/Chars/Gavaan/Materials/Eyes.mat
  artifactKey: Guid(8328f062771f0194c8038b9e39baba9a) Importer(815301076,1909f56bfc062723c751e8b465ee728b)
Start importing Assets/Chars/Gavaan/Materials/Eyes.mat using Guid(8328f062771f0194c8038b9e39baba9a) Importer(815301076,1909f56bfc062723c751e8b465ee728b)  -> (artifact id: 'ccab90cdfd0b3751e0657fd7cc245c9e') in 0.018980 seconds 
========================================================================
Received Import Request.
  Time since last request: 0.000032 seconds.
  path: Assets/Chars/Gavaan/Materials/Shoes.mat
  artifactKey: Guid(d1c385de5cac38b4c980223b38127eab) Importer(815301076,1909f56bfc062723c751e8b465ee728b)
Start importing Assets/Chars/Gavaan/Materials/Shoes.mat using Guid(d1c385de5cac38b4c980223b38127eab) Importer(815301076,1909f56bfc062723c751e8b465ee728b)  -> (artifact id: 'bbd2b262fc3bf53746c08478683b84ae') in 0.044615 seconds 
========================================================================
Received Import Request.
  Time since last request: 0.000044 seconds.
  path: Assets/Chars/Gavaan/Materials
  artifactKey: Guid(d2697097a0287e0409fdf183f5462de0) Importer(815301076,1909f56bfc062723c751e8b465ee728b)
Start importing Assets/Chars/Gavaan/Materials using Guid(d2697097a0287e0409fdf183f5462de0) Importer(815301076,1909f56bfc062723c751e8b465ee728b)  -> (artifact id: '80571282576ef70123d3def5c02d74b8') in 0.002208 seconds 
========================================================================
Received Import Request.
  Time since last request: 13.325829 seconds.
  path: Assets/Chars/Aesta/Materials
  artifactKey: Guid(ace19cb76af6fb54da049cbc6b7d6e64) Importer(815301076,1909f56bfc062723c751e8b465ee728b)
Start importing Assets/Chars/Aesta/Materials using Guid(ace19cb76af6fb54da049cbc6b7d6e64) Importer(815301076,1909f56bfc062723c751e8b465ee728b)  -> (artifact id: 'c13b7d4d7490c09829697676338b62b5') in 0.002146 seconds 
========================================================================
Received Import Request.
  Time since last request: 1.227109 seconds.
  path: Assets/Chars/Aesta/Textures
  artifactKey: Guid(16723f9c30c0b0943af9fe08987ea573) Importer(815301076,1909f56bfc062723c751e8b465ee728b)
Start importing Assets/Chars/Aesta/Textures using Guid(16723f9c30c0b0943af9fe08987ea573) Importer(815301076,1909f56bfc062723c751e8b465ee728b)  -> (artifact id: '0546f295f33efecaaab5c4f3f707d46f') in 0.002272 seconds 
========================================================================
Received Import Request.
  Time since last request: 1.261650 seconds.
  path: Assets/Chars/Aesta/Textures/deepblue_eye.png
  artifactKey: Guid(30b5514e9a000bb4582fa35c4bb73571) Importer(815301076,1909f56bfc062723c751e8b465ee728b)
Start importing Assets/Chars/Aesta/Textures/deepblue_eye.png using Guid(30b5514e9a000bb4582fa35c4bb73571) Importer(815301076,1909f56bfc062723c751e8b465ee728b)  -> (artifact id: '98b3bea829ec17efb25464e9c8a26a0e') in 0.028333 seconds 
========================================================================
Received Import Request.
  Time since last request: 0.000016 seconds.
  path: Assets/Chars/Aesta/Textures/tightjeans_normals.png
  artifactKey: Guid(1d79febebad0255439227e9f793ba953) Importer(815301076,1909f56bfc062723c751e8b465ee728b)
Start importing Assets/Chars/Aesta/Textures/tightjeans_normals.png using Guid(1d79febebad0255439227e9f793ba953) Importer(815301076,1909f56bfc062723c751e8b465ee728b)  -> (artifact id: '3a0801316d9832aefb393b31176569be') in 0.020928 seconds 
========================================================================
Received Import Request.
  Time since last request: 0.000043 seconds.
  path: Assets/Chars/Aesta/Textures/sneakerstexture1.png
  artifactKey: Guid(5d8ee49654f5cd544b3c884521e67398) Importer(815301076,1909f56bfc062723c751e8b465ee728b)
Start importing Assets/Chars/Aesta/Textures/sneakerstexture1.png using Guid(5d8ee49654f5cd544b3c884521e67398) Importer(815301076,1909f56bfc062723c751e8b465ee728b)  -> (artifact id: '6ae6e3c505e6cc1de68b1e9e6cf36e32') in 0.011556 seconds 
========================================================================
Received Import Request.
  Time since last request: 0.000039 seconds.
  path: Assets/Chars/Aesta/Textures/eyebrow001.png
  artifactKey: Guid(5993c9bbbc9f73342a13bb18a17dda50) Importer(815301076,1909f56bfc062723c751e8b465ee728b)
Start importing Assets/Chars/Aesta/Textures/eyebrow001.png using Guid(5993c9bbbc9f73342a13bb18a17dda50) Importer(815301076,1909f56bfc062723c751e8b465ee728b)  -> (artifact id: '9c4ea551cfbc81f4cbe5b777ba8b069d') in 0.009666 seconds 
========================================================================
Received Import Request.
  Time since last request: 3.390390 seconds.
  path: Assets/Chars/Aesta/Materials/Eyebrows.mat
  artifactKey: Guid(03ff87bfea54c5d4aa5a2dab00cb0dcf) Importer(815301076,1909f56bfc062723c751e8b465ee728b)
Start importing Assets/Chars/Aesta/Materials/Eyebrows.mat using Guid(03ff87bfea54c5d4aa5a2dab00cb0dcf) Importer(815301076,1909f56bfc062723c751e8b465ee728b)  -> (artifact id: '33726e9a0e1090fc19284032da69b5b2') in 0.010323 seconds 
========================================================================
Received Import Request.
  Time since last request: 23.712498 seconds.
  path: Assets/Chars/RuinsChars/braid01.mat
  artifactKey: Guid(3daef72eda44d0a45904b7abfbf9643e) Importer(815301076,1909f56bfc062723c751e8b465ee728b)
Start importing Assets/Chars/RuinsChars/braid01.mat using Guid(3daef72eda44d0a45904b7abfbf9643e) Importer(815301076,1909f56bfc062723c751e8b465ee728b)  -> (artifact id: 'da8bc5c515f6351a21b7913164a89ed1') in 0.010981 seconds 
========================================================================
Received Import Request.
  Time since last request: 0.000023 seconds.
  path: Assets/Chars/RuinsChars/vest.mat
  artifactKey: Guid(f68d12210879a9744bb0b7fb132f4535) Importer(815301076,1909f56bfc062723c751e8b465ee728b)
Start importing Assets/Chars/RuinsChars/vest.mat using Guid(f68d12210879a9744bb0b7fb132f4535) Importer(815301076,1909f56bfc062723c751e8b465ee728b)  -> (artifact id: '2077ac9720dfef37c1f44fefc763749f') in 0.011764 seconds 
========================================================================
Received Import Request.
  Time since last request: 0.000021 seconds.
  path: Assets/Chars/RuinsChars/eyes-brown.mat
  artifactKey: Guid(de22ef54322052641aa1ace179106475) Importer(815301076,1909f56bfc062723c751e8b465ee728b)
Start importing Assets/Chars/RuinsChars/eyes-brown.mat using Guid(de22ef54322052641aa1ace179106475) Importer(815301076,1909f56bfc062723c751e8b465ee728b)  -> (artifact id: 'ff9a354306e47391c706a4cb276c6b4b') in 0.013428 seconds 
========================================================================
Received Import Request.
  Time since last request: 0.000063 seconds.
  path: Assets/Chars/RuinsChars/ruins_gavaanblender.fbx
  artifactKey: Guid(55f5013dcaa7d1c468674611ff7d6239) Importer(815301076,1909f56bfc062723c751e8b465ee728b)
Start importing Assets/Chars/RuinsChars/ruins_gavaanblender.fbx using Guid(55f5013dcaa7d1c468674611ff7d6239) Importer(815301076,1909f56bfc062723c751e8b465ee728b)  -> (artifact id: 'ffc291387fe0729cf62ffce94a6a7659') in 0.367443 seconds 
========================================================================
Received Import Request.
  Time since last request: 0.000026 seconds.
  path: Assets/Chars/RuinsChars/ruins_serazblender4.fbx
  artifactKey: Guid(ec52d9efcfb50374ebf346b9c73a010f) Importer(815301076,1909f56bfc062723c751e8b465ee728b)
Start importing Assets/Chars/RuinsChars/ruins_serazblender4.fbx using Guid(ec52d9efcfb50374ebf346b9c73a010f) Importer(815301076,1909f56bfc062723c751e8b465ee728b)  -> (artifact id: 'd9aecf4d5471ef1ea5b069c2fcedb1fc') in 0.218548 seconds 
========================================================================
Received Import Request.
  Time since last request: 0.000042 seconds.
  path: Assets/Chars/RuinsChars/ruins_xalerieblender2.fbx
  artifactKey: Guid(8d6249b0095186044abcdc9921711160) Importer(815301076,1909f56bfc062723c751e8b465ee728b)
Start importing Assets/Chars/RuinsChars/ruins_xalerieblender2.fbx using Guid(8d6249b0095186044abcdc9921711160) Importer(815301076,1909f56bfc062723c751e8b465ee728b)  -> (artifact id: '62adaa10688bca0aa8f26b68071a7408') in 0.218495 seconds 
========================================================================
Received Import Request.
  Time since last request: 0.000030 seconds.
  path: Assets/Chars/RuinsChars/ruins_aestablender.fbx
  artifactKey: Guid(129e4c93169af344ea2d6806c1037795) Importer(815301076,1909f56bfc062723c751e8b465ee728b)
Start importing Assets/Chars/RuinsChars/ruins_aestablender.fbx using Guid(129e4c93169af344ea2d6806c1037795) Importer(815301076,1909f56bfc062723c751e8b465ee728b)  -> (artifact id: 'caa343f25bf07987c6a081b836f637b0') in 0.256495 seconds 
========================================================================
Received Import Request.
  Time since last request: 19.554626 seconds.
  path: Assets/Prefabs/Ruins_Aesta.prefab
  artifactKey: Guid(511ff73930c81d8428a7e3350e4e5563) Importer(815301076,1909f56bfc062723c751e8b465ee728b)
Start importing Assets/Prefabs/Ruins_Aesta.prefab using Guid(511ff73930c81d8428a7e3350e4e5563) Importer(815301076,1909f56bfc062723c751e8b465ee728b)  -> (artifact id: 'f5e6c865234d4de136fa2524ce7c5618') in 0.138846 seconds 
========================================================================
Received Import Request.
  Time since last request: 14.483388 seconds.
  path: Assets/Chars/RuinsChars/Materials
  artifactKey: Guid(439381147fbe58645a2a73ebc9a0c45a) Importer(815301076,1909f56bfc062723c751e8b465ee728b)
Start importing Assets/Chars/RuinsChars/Materials using Guid(439381147fbe58645a2a73ebc9a0c45a) Importer(815301076,1909f56bfc062723c751e8b465ee728b)  -> (artifact id: '636192d19e5b689609cb2f86fd413ea1') in 0.001927 seconds 
========================================================================
Received Import Request.
  Time since last request: 0.066739 seconds.
  path: Assets/Chars/RuinsChars/Materials/elvs_hazel_hair_normal.mat
  artifactKey: Guid(51419b3c4f30e6743922c4119fa7ef1c) Importer(815301076,1909f56bfc062723c751e8b465ee728b)
Start importing Assets/Chars/RuinsChars/Materials/elvs_hazel_hair_normal.mat using Guid(51419b3c4f30e6743922c4119fa7ef1c) Importer(815301076,1909f56bfc062723c751e8b465ee728b)  -> (artifact id: '4afec3caca05ac32c6f0aa2a5aa4613e') in 0.114972 seconds 
========================================================================
Received Import Request.
  Time since last request: 86.353411 seconds.
  path: Assets/Chars/Gavaan/Textures/elvware3.png
  artifactKey: Guid(6235e9c0c4ce8f1408e20f802966355e) Importer(815301076,1909f56bfc062723c751e8b465ee728b)
Start importing Assets/Chars/Gavaan/Textures/elvware3.png using Guid(6235e9c0c4ce8f1408e20f802966355e) Importer(815301076,1909f56bfc062723c751e8b465ee728b)  -> (artifact id: 'ccffaa4a5c0bfa1a4239eac04b09ecea') in 0.016294 seconds 
========================================================================
Received Import Request.
  Time since last request: 0.000039 seconds.
  path: Assets/Chars/Gavaan/Textures/spikyhairwhite.png
  artifactKey: Guid(425a3d457e64cfd4794839c2effb6c86) Importer(815301076,1909f56bfc062723c751e8b465ee728b)
Start importing Assets/Chars/Gavaan/Textures/spikyhairwhite.png using Guid(425a3d457e64cfd4794839c2effb6c86) Importer(815301076,1909f56bfc062723c751e8b465ee728b)  -> (artifact id: 'a837c38f391aba90365c32e4b5918c24') in 0.013116 seconds 
========================================================================
Received Import Request.
  Time since last request: 0.000061 seconds.
  path: Assets/Chars/Gavaan/Textures/lightblue_eye.png
  artifactKey: Guid(b936606b5736a3e479bbf7629c87a0c2) Importer(815301076,1909f56bfc062723c751e8b465ee728b)
Start importing Assets/Chars/Gavaan/Textures/lightblue_eye.png using Guid(b936606b5736a3e479bbf7629c87a0c2) Importer(815301076,1909f56bfc062723c751e8b465ee728b)  -> (artifact id: 'c8a9bfbf6f017e766feee05550dfe3a1') in 0.013916 seconds 
========================================================================
Received Import Request.
  Time since last request: 0.000037 seconds.
  path: Assets/Chars/Gavaan/Textures/eyelashes01.png
  artifactKey: Guid(8672e8f5f1fb64148b87bef2fc5d4ee6) Importer(815301076,1909f56bfc062723c751e8b465ee728b)
Start importing Assets/Chars/Gavaan/Textures/eyelashes01.png using Guid(8672e8f5f1fb64148b87bef2fc5d4ee6) Importer(815301076,1909f56bfc062723c751e8b465ee728b)  -> (artifact id: 'ea8a627d1fa39c6c9a12175ce8e741dd') in 0.009725 seconds 
========================================================================
Received Import Request.
  Time since last request: 0.000070 seconds.
  path: Assets/Chars/Gavaan/Textures/teeth.png
  artifactKey: Guid(c8edb748921fcdf448856317c262ce5c) Importer(815301076,1909f56bfc062723c751e8b465ee728b)
Start importing Assets/Chars/Gavaan/Textures/teeth.png using Guid(c8edb748921fcdf448856317c262ce5c) Importer(815301076,1909f56bfc062723c751e8b465ee728b)  -> (artifact id: 'f42a2f3711d592cc8ee9302a5da4f34f') in 0.023790 seconds 
========================================================================
Received Import Request.
  Time since last request: 0.000063 seconds.
  path: Assets/Chars/Gavaan/Textures/tongue01_diffuse.png
  artifactKey: Guid(a58ed7bfaf3d6584984da93cba3028f2) Importer(815301076,1909f56bfc062723c751e8b465ee728b)
Start importing Assets/Chars/Gavaan/Textures/tongue01_diffuse.png using Guid(a58ed7bfaf3d6584984da93cba3028f2) Importer(815301076,1909f56bfc062723c751e8b465ee728b)  -> (artifact id: 'f2583ff7181acf5edb1b7e8a7c54a645') in 0.009719 seconds 
========================================================================
Received Import Request.
  Time since last request: 0.000073 seconds.
  path: Assets/Chars/Gavaan/Textures/hair_alpha.png
  artifactKey: Guid(7e3fffe12822c2145af7b11468d083ba) Importer(815301076,1909f56bfc062723c751e8b465ee728b)
Start importing Assets/Chars/Gavaan/Textures/hair_alpha.png using Guid(7e3fffe12822c2145af7b11468d083ba) Importer(815301076,1909f56bfc062723c751e8b465ee728b)  -> (artifact id: '64132f7ec1ea992972f8d386d8048441') in 0.015629 seconds 
Editor requested this worker to shutdown with reason: Scaling down because of idle timeout
AssetImportWorker is now disconnected from the server
Process exiting
Exiting without the bug reporter. Application will terminate with return code 0