Using pre-set license
Built from '2021.3/staging' branch; Version is '2021.3.14f1 (eee1884e7226) revision 15655304'; Using compiler version '192829333'; Build Type 'Release'
OS: 'Windows 10  (10.0.19044) 64bit Professional' Language: 'en' Physical Memory: 65342 MB
BatchMode: 1, IsHumanControllingUs: 0, StartBugReporterOnCrash: 0, Is64bit: 1, IsPro: 1

COMMAND LINE ARGUMENTS:
C:\Program Files\Unity\Hub\Editor\2021.3.14f1\Editor\Unity.exe
-adb2
-batchMode
-noUpm
-name
AssetImportWorker4
-projectPath
C:/Users/benja/OneDrive/Documents/The Forest
-logFile
Logs/AssetImportWorker4.log
-srvPort
51983
Successfully changed project path to: C:/Users/benja/OneDrive/Documents/The Forest
C:/Users/benja/OneDrive/Documents/The Forest
[UnityMemory] Configuration Parameters - Can be set up in boot.config
    "memorysetup-bucket-allocator-granularity=16"
    "memorysetup-bucket-allocator-bucket-count=8"
    "memorysetup-bucket-allocator-block-size=33554432"
    "memorysetup-bucket-allocator-block-count=8"
    "memorysetup-main-allocator-block-size=16777216"
    "memorysetup-thread-allocator-block-size=16777216"
    "memorysetup-gfx-main-allocator-block-size=16777216"
    "memorysetup-gfx-thread-allocator-block-size=16777216"
    "memorysetup-cache-allocator-block-size=4194304"
    "memorysetup-typetree-allocator-block-size=2097152"
    "memorysetup-profiler-bucket-allocator-granularity=16"
    "memorysetup-profiler-bucket-allocator-bucket-count=8"
    "memorysetup-profiler-bucket-allocator-block-size=33554432"
    "memorysetup-profiler-bucket-allocator-block-count=8"
    "memorysetup-profiler-allocator-block-size=16777216"
    "memorysetup-profiler-editor-allocator-block-size=1048576"
    "memorysetup-temp-allocator-size-main=16777216"
    "memorysetup-job-temp-allocator-block-size=2097152"
    "memorysetup-job-temp-allocator-block-size-background=1048576"
    "memorysetup-job-temp-allocator-reduction-small-platforms=262144"
    "memorysetup-temp-allocator-size-background-worker=32768"
    "memorysetup-temp-allocator-size-job-worker=262144"
    "memorysetup-temp-allocator-size-preload-manager=33554432"
    "memorysetup-temp-allocator-size-nav-mesh-worker=65536"
    "memorysetup-temp-allocator-size-audio-worker=65536"
    "memorysetup-temp-allocator-size-cloud-worker=32768"
    "memorysetup-temp-allocator-size-gi-baking-worker=262144"
    "memorysetup-temp-allocator-size-gfx=262144"
Refreshing native plugins compatible for Editor in 233.20 ms, found 3 plugins.
Preloading 0 native plugins for Editor in 0.00 ms.
Initialize engine version: 2021.3.14f1 (eee1884e7226)
[Subsystems] Discovering subsystems at path C:/Program Files/Unity/Hub/Editor/2021.3.14f1/Editor/Data/Resources/UnitySubsystems
[Subsystems] Discovering subsystems at path C:/Users/benja/OneDrive/Documents/The Forest/Assets
GfxDevice: creating device client; threaded=0; jobified=0
Direct3D:
    Version:  Direct3D 11.0 [level 11.1]
    Renderer: NVIDIA Quadro P2000 (ID=0x1cba)
    Vendor:   NVIDIA
    VRAM:     4018 MB
    Driver:   31.0.15.1669
Initialize mono
Mono path[0] = 'C:/Program Files/Unity/Hub/Editor/2021.3.14f1/Editor/Data/Managed'
Mono path[1] = 'C:/Program Files/Unity/Hub/Editor/2021.3.14f1/Editor/Data/MonoBleedingEdge/lib/mono/unityjit-win32'
Mono config path = 'C:/Program Files/Unity/Hub/Editor/2021.3.14f1/Editor/Data/MonoBleedingEdge/etc'
Using monoOptions --debugger-agent=transport=dt_socket,embedding=1,server=y,suspend=n,address=127.0.0.1:56796
Begin MonoManager ReloadAssembly
Registering precompiled unity dll's ...
Register platform support module: C:/Program Files/Unity/Hub/Editor/2021.3.14f1/Editor/Data/PlaybackEngines/WebGLSupport/UnityEditor.WebGL.Extensions.dll
Register platform support module: C:/Program Files/Unity/Hub/Editor/2021.3.14f1/Editor/Data/PlaybackEngines/WindowsStandaloneSupport/UnityEditor.WindowsStandalone.Extensions.dll
Registered in 0.015056 seconds.
Native extension for WindowsStandalone target not found
Native extension for WebGL target not found
Refreshing native plugins compatible for Editor in 162.29 ms, found 3 plugins.
Preloading 0 native plugins for Editor in 0.00 ms.
Mono: successfully reloaded assembly
- Completed reload, in  1.001 seconds
Domain Reload Profiling:
	ReloadAssembly (1001ms)
		BeginReloadAssembly (92ms)
			ExecutionOrderSort (0ms)
			DisableScriptedObjects (0ms)
			BackupInstance (0ms)
			ReleaseScriptingObjects (0ms)
			CreateAndSetChildDomain (1ms)
		EndReloadAssembly (768ms)
			LoadAssemblies (90ms)
			RebuildTransferFunctionScriptingTraits (0ms)
			SetupTypeCache (150ms)
			ReleaseScriptCaches (0ms)
			RebuildScriptCaches (64ms)
			SetupLoadedEditorAssemblies (427ms)
				LogAssemblyErrors (0ms)
				InitializePlatformSupportModulesInManaged (15ms)
				SetLoadedEditorAssemblies (0ms)
				RefreshPlugins (162ms)
				BeforeProcessingInitializeOnLoad (2ms)
				ProcessInitializeOnLoadAttributes (196ms)
				ProcessInitializeOnLoadMethodAttributes (51ms)
				AfterProcessingInitializeOnLoad (0ms)
				EditorAssembliesLoaded (0ms)
			ExecutionOrderSort2 (0ms)
			AwakeInstancesAfterBackupRestoration (0ms)
Platform modules already initialized, skipping
Registering precompiled user dll's ...
Registered in 0.009362 seconds.
Begin MonoManager ReloadAssembly
Symbol file LoadedFromMemory doesn't match image C:\Users\benja\OneDrive\Documents\The Forest\Library\PackageCache\com.unity.visualscripting@1.7.8\Editor\VisualScripting.Core\Dependencies\YamlDotNet\Unity.VisualScripting.YamlDotNet.dll
Symbol file LoadedFromMemory doesn't match image C:\Users\benja\OneDrive\Documents\The Forest\Library\PackageCache\com.unity.visualscripting@1.7.8\Editor\VisualScripting.Core\Dependencies\DotNetZip\Unity.VisualScripting.IonicZip.dll
Native extension for WindowsStandalone target not found
Native extension for WebGL target not found
Refreshing native plugins compatible for Editor in 0.70 ms, found 3 plugins.
Preloading 0 native plugins for Editor in 0.00 ms.
[ScriptCompilation] NOT recompiling all scripts because this is an import worker process. Reason to compile was: Define symbols changed
Mono: successfully reloaded assembly
- Completed reload, in  1.285 seconds
Domain Reload Profiling:
	ReloadAssembly (1286ms)
		BeginReloadAssembly (131ms)
			ExecutionOrderSort (0ms)
			DisableScriptedObjects (6ms)
			BackupInstance (0ms)
			ReleaseScriptingObjects (0ms)
			CreateAndSetChildDomain (22ms)
		EndReloadAssembly (999ms)
			LoadAssemblies (130ms)
			RebuildTransferFunctionScriptingTraits (0ms)
			SetupTypeCache (341ms)
			ReleaseScriptCaches (1ms)
			RebuildScriptCaches (55ms)
			SetupLoadedEditorAssemblies (430ms)
				LogAssemblyErrors (0ms)
				InitializePlatformSupportModulesInManaged (9ms)
				SetLoadedEditorAssemblies (0ms)
				RefreshPlugins (1ms)
				BeforeProcessingInitializeOnLoad (108ms)
				ProcessInitializeOnLoadAttributes (277ms)
				ProcessInitializeOnLoadMethodAttributes (25ms)
				AfterProcessingInitializeOnLoad (11ms)
				EditorAssembliesLoaded (0ms)
			ExecutionOrderSort2 (0ms)
			AwakeInstancesAfterBackupRestoration (7ms)
Platform modules already initialized, skipping
========================================================================
Worker process is ready to serve import requests
Launched and connected shader compiler UnityShaderCompiler.exe after 0.07 seconds
Refreshing native plugins compatible for Editor in 0.72 ms, found 3 plugins.
Preloading 0 native plugins for Editor in 0.00 ms.
Unloading 3884 Unused Serialized files (Serialized files now loaded: 0)
Unloading 41 unused Assets / (1.4 MB). Loaded Objects now: 4331.
Memory consumption went from 224.0 MB to 222.6 MB.
Total: 4.856700 ms (FindLiveObjects: 0.309400 ms CreateObjectMapping: 0.240800 ms MarkObjects: 3.978900 ms  DeleteObjects: 0.326500 ms)

AssetImportParameters requested are different than current active one (requested -> active):
  custom:video-decoder-ogg-theora: a1e56fd34408186e4bbccfd4996cb3dc -> 
  custom:container-muxer-webm: aa71ff27fc2769a1b78a27578f13a17b -> 
  custom:container-demuxer-webm: 4f35f7cbe854078d1ac9338744f61a02 -> 
  custom:video-encoder-webm-vp8: eb34c28f22e8b96e1ab97ce403110664 -> 
  custom:video-codec-MediaFoundation-h265: 746d11721c4dcdbdad8f713fa42b33f4 -> 
  custom:audio-encoder-webm-vorbis: bf7c407c2cedff20999df2af8eb42d56 -> 
  custom:framework-win-MediaFoundation: 216162199b28c13a410421893ffa2e32 -> 
  custom:container-demuxer-ogg: 62fdf1f143b41e24485cea50d1cbac27 -> 
  custom:video-decoder-webm-vp8: 9c59270c3fd7afecdb556c50c9e8de78 -> 
  custom:audio-decoder-ogg-vorbis: bf7c407c2cedff20999df2af8eb42d56 -> 
========================================================================
Received Import Request.
  Time since last request: 330894.799033 seconds.
  path: Assets/UnityStoreAssets/AS_Magic_Aura_Construction_Kit_FREE/FX/Materials/Spiral_1 Blue.mat
  artifactKey: Guid(ee18f24a265c5774489ac58c92829621) Importer(815301076,1909f56bfc062723c751e8b465ee728b)
Start importing Assets/UnityStoreAssets/AS_Magic_Aura_Construction_Kit_FREE/FX/Materials/Spiral_1 Blue.mat using Guid(ee18f24a265c5774489ac58c92829621) Importer(815301076,1909f56bfc062723c751e8b465ee728b)  -> (artifact id: '1505b1241317af247630f616fc2cd6ee') in 1.791692 seconds 
========================================================================
Received Import Request.
  Time since last request: 9.720882 seconds.
  path: Assets/UnityStoreAssets/AS_Magic_Aura_Construction_Kit_FREE/_Icon.png
  artifactKey: Guid(ba410e66d86d04fa08db560ec201dd6e) Importer(815301076,1909f56bfc062723c751e8b465ee728b)
Start importing Assets/UnityStoreAssets/AS_Magic_Aura_Construction_Kit_FREE/_Icon.png using Guid(ba410e66d86d04fa08db560ec201dd6e) Importer(815301076,1909f56bfc062723c751e8b465ee728b)  -> (artifact id: '6ead6ebdd7638d41f0fbb97665bf7b3e') in 0.024527 seconds 
========================================================================
Received Import Request.
  Time since last request: 1.386590 seconds.
  path: Assets/UnityStoreAssets/AS_Magic_Aura_Construction_Kit_FREE/Circles
  artifactKey: Guid(c831bc1b664ce475d92d1f42b506de8a) Importer(815301076,1909f56bfc062723c751e8b465ee728b)
Start importing Assets/UnityStoreAssets/AS_Magic_Aura_Construction_Kit_FREE/Circles using Guid(c831bc1b664ce475d92d1f42b506de8a) Importer(815301076,1909f56bfc062723c751e8b465ee728b)  -> (artifact id: 'd391c06199b080d22e6ee75ffd6065bf') in 0.002576 seconds 
========================================================================
Received Import Request.
  Time since last request: 0.911133 seconds.
  path: Assets/UnityStoreAssets/AS_Magic_Aura_Construction_Kit_FREE/Circles/Magic_Circle_1.png
  artifactKey: Guid(90cc6544d68264765a9346ad77fac6a2) Importer(815301076,1909f56bfc062723c751e8b465ee728b)
Start importing Assets/UnityStoreAssets/AS_Magic_Aura_Construction_Kit_FREE/Circles/Magic_Circle_1.png using Guid(90cc6544d68264765a9346ad77fac6a2) Importer(815301076,1909f56bfc062723c751e8b465ee728b)  -> (artifact id: '1c98437c01623f7358060d42031dd9ed') in 0.015558 seconds 
========================================================================
Received Import Request.
  Time since last request: 0.000045 seconds.
  path: Assets/UnityStoreAssets/AS_Magic_Aura_Construction_Kit_FREE/Circles/Magic_Circle_3.png
  artifactKey: Guid(6885cc5ccd99a4fcc94f86bcd03d9a2b) Importer(815301076,1909f56bfc062723c751e8b465ee728b)
Start importing Assets/UnityStoreAssets/AS_Magic_Aura_Construction_Kit_FREE/Circles/Magic_Circle_3.png using Guid(6885cc5ccd99a4fcc94f86bcd03d9a2b) Importer(815301076,1909f56bfc062723c751e8b465ee728b)  -> (artifact id: 'acf96423fc09a9dc5bbb2c86c6bb2246') in 0.017510 seconds 
========================================================================
Received Import Request.
  Time since last request: 1.818410 seconds.
  path: Assets/UnityStoreAssets/AS_Magic_Aura_Construction_Kit_FREE/Circles/Materials
  artifactKey: Guid(28d719b9ceadb7045babcc9cd28a3cff) Importer(815301076,1909f56bfc062723c751e8b465ee728b)
Start importing Assets/UnityStoreAssets/AS_Magic_Aura_Construction_Kit_FREE/Circles/Materials using Guid(28d719b9ceadb7045babcc9cd28a3cff) Importer(815301076,1909f56bfc062723c751e8b465ee728b)  -> (artifact id: 'bd1a3781461c7e39bd634dacd7002373') in 0.002022 seconds 
========================================================================
Received Import Request.
  Time since last request: 0.087050 seconds.
  path: Assets/UnityStoreAssets/AS_Magic_Aura_Construction_Kit_FREE/Circles/Materials/Magic_Circle_1 1.mat
  artifactKey: Guid(bfd1dc99fd467f54f8dc73ec56f18282) Importer(815301076,1909f56bfc062723c751e8b465ee728b)
Start importing Assets/UnityStoreAssets/AS_Magic_Aura_Construction_Kit_FREE/Circles/Materials/Magic_Circle_1 1.mat using Guid(bfd1dc99fd467f54f8dc73ec56f18282) Importer(815301076,1909f56bfc062723c751e8b465ee728b)  -> (artifact id: 'a6445b6ba0fb9f00c5f98693289c532f') in 0.028410 seconds 
========================================================================
Received Import Request.
  Time since last request: 0.000021 seconds.
  path: Assets/UnityStoreAssets/AS_Magic_Aura_Construction_Kit_FREE/Circles/Materials/Magic_Circle_4.mat
  artifactKey: Guid(359a3d7e58deded45a8a95d615f7b3c5) Importer(815301076,1909f56bfc062723c751e8b465ee728b)
Start importing Assets/UnityStoreAssets/AS_Magic_Aura_Construction_Kit_FREE/Circles/Materials/Magic_Circle_4.mat using Guid(359a3d7e58deded45a8a95d615f7b3c5) Importer(815301076,1909f56bfc062723c751e8b465ee728b)  -> (artifact id: '49befee505a3ab541bd71822c5850910') in 0.015837 seconds 
========================================================================
Received Import Request.
  Time since last request: 0.000029 seconds.
  path: Assets/UnityStoreAssets/AS_Magic_Aura_Construction_Kit_FREE/Circles/Materials/Magic_Circle_3.mat
  artifactKey: Guid(55b9080993118254ebd4b916c5a66061) Importer(815301076,1909f56bfc062723c751e8b465ee728b)
Start importing Assets/UnityStoreAssets/AS_Magic_Aura_Construction_Kit_FREE/Circles/Materials/Magic_Circle_3.mat using Guid(55b9080993118254ebd4b916c5a66061) Importer(815301076,1909f56bfc062723c751e8b465ee728b)  -> (artifact id: 'c03025a3a08e5db7a7a68311eeb3237c') in 0.016609 seconds 
========================================================================
Received Import Request.
  Time since last request: 0.000042 seconds.
  path: Assets/UnityStoreAssets/AS_Magic_Aura_Construction_Kit_FREE/Circles/Materials/Magic_Circle_2.mat
  artifactKey: Guid(2b5f2fe9ab8ee6b4bbd164d680c0f0d0) Importer(815301076,1909f56bfc062723c751e8b465ee728b)
Start importing Assets/UnityStoreAssets/AS_Magic_Aura_Construction_Kit_FREE/Circles/Materials/Magic_Circle_2.mat using Guid(2b5f2fe9ab8ee6b4bbd164d680c0f0d0) Importer(815301076,1909f56bfc062723c751e8b465ee728b)  -> (artifact id: 'f540361d79fed0ab18bfb52cec376f55') in 0.015585 seconds 
========================================================================
Received Import Request.
  Time since last request: 15.678374 seconds.
  path: Assets/UnityStoreAssets/AS_Magic_Aura_Construction_Kit_FREE/FX
  artifactKey: Guid(f53744ecc552640b4ab6d6149447349d) Importer(815301076,1909f56bfc062723c751e8b465ee728b)
Start importing Assets/UnityStoreAssets/AS_Magic_Aura_Construction_Kit_FREE/FX using Guid(f53744ecc552640b4ab6d6149447349d) Importer(815301076,1909f56bfc062723c751e8b465ee728b)  -> (artifact id: 'b553f513241dc380e83ba6c36761801e') in 0.002624 seconds 
========================================================================
Received Import Request.
  Time since last request: 1.161689 seconds.
  path: Assets/UnityStoreAssets/AS_Magic_Aura_Construction_Kit_FREE/FX/Blast_Electric.png
  artifactKey: Guid(970d6cf2ffe2247be9c6c8b59ddaca7b) Importer(815301076,1909f56bfc062723c751e8b465ee728b)
Start importing Assets/UnityStoreAssets/AS_Magic_Aura_Construction_Kit_FREE/FX/Blast_Electric.png using Guid(970d6cf2ffe2247be9c6c8b59ddaca7b) Importer(815301076,1909f56bfc062723c751e8b465ee728b)  -> (artifact id: '7efb0ecb6d45e6b4f87f52b1fb6aeecc') in 0.016897 seconds 
========================================================================
Received Import Request.
  Time since last request: 0.000020 seconds.
  path: Assets/UnityStoreAssets/AS_Magic_Aura_Construction_Kit_FREE/FX/Smoke_1.png
  artifactKey: Guid(ecc411d28bdd24af08d6bdc301e57abc) Importer(815301076,1909f56bfc062723c751e8b465ee728b)
Start importing Assets/UnityStoreAssets/AS_Magic_Aura_Construction_Kit_FREE/FX/Smoke_1.png using Guid(ecc411d28bdd24af08d6bdc301e57abc) Importer(815301076,1909f56bfc062723c751e8b465ee728b)  -> (artifact id: '7ee541091b180ed99ea2313614ff4745') in 0.025654 seconds 
========================================================================
Received Import Request.
  Time since last request: 0.000023 seconds.
  path: Assets/UnityStoreAssets/AS_Magic_Aura_Construction_Kit_FREE/FX/Spiral_1.png
  artifactKey: Guid(7d698cacca8194db88d71e84f10a3707) Importer(815301076,1909f56bfc062723c751e8b465ee728b)
Start importing Assets/UnityStoreAssets/AS_Magic_Aura_Construction_Kit_FREE/FX/Spiral_1.png using Guid(7d698cacca8194db88d71e84f10a3707) Importer(815301076,1909f56bfc062723c751e8b465ee728b)  -> (artifact id: 'c08b20dc5a9be17a5cd3158897b6a3d0') in 0.018047 seconds 
========================================================================
Received Import Request.
  Time since last request: 2.388248 seconds.
  path: Assets/UnityStoreAssets/AS_Magic_Aura_Construction_Kit_FREE/Particles
  artifactKey: Guid(7f6e387c08212425986ce8785eac548b) Importer(815301076,1909f56bfc062723c751e8b465ee728b)
Start importing Assets/UnityStoreAssets/AS_Magic_Aura_Construction_Kit_FREE/Particles using Guid(7f6e387c08212425986ce8785eac548b) Importer(815301076,1909f56bfc062723c751e8b465ee728b)  -> (artifact id: 'b8d6451431d0d9cb95df575b747eae43') in 0.002622 seconds 
========================================================================
Received Import Request.
  Time since last request: 0.083012 seconds.
  path: Assets/UnityStoreAssets/AS_Magic_Aura_Construction_Kit_FREE/Particles/Particle_1.png
  artifactKey: Guid(433dc99a7560b4f599ae5fdc56664126) Importer(815301076,1909f56bfc062723c751e8b465ee728b)
Start importing Assets/UnityStoreAssets/AS_Magic_Aura_Construction_Kit_FREE/Particles/Particle_1.png using Guid(433dc99a7560b4f599ae5fdc56664126) Importer(815301076,1909f56bfc062723c751e8b465ee728b)  -> (artifact id: '03c037cd657a46b76161776d0e283802') in 0.016292 seconds 
========================================================================
Received Import Request.
  Time since last request: 0.000023 seconds.
  path: Assets/UnityStoreAssets/AS_Magic_Aura_Construction_Kit_FREE/Particles/Particle_5.png
  artifactKey: Guid(fd3fcf33c070e427e8e0450c335713d3) Importer(815301076,1909f56bfc062723c751e8b465ee728b)
Start importing Assets/UnityStoreAssets/AS_Magic_Aura_Construction_Kit_FREE/Particles/Particle_5.png using Guid(fd3fcf33c070e427e8e0450c335713d3) Importer(815301076,1909f56bfc062723c751e8b465ee728b)  -> (artifact id: 'aa7e83387d0de8cc187e0c9c2f2e9a0e') in 0.014872 seconds 
========================================================================
Received Import Request.
  Time since last request: 109.595652 seconds.
  path: Assets/UnityStoreAssets/AS_Magic_Aura_Construction_Kit_FREE/FX/Materials/Spiral_1.mat
  artifactKey: Guid(d644112209ac645478186b7f1e0cc00f) Importer(815301076,1909f56bfc062723c751e8b465ee728b)
Start importing Assets/UnityStoreAssets/AS_Magic_Aura_Construction_Kit_FREE/FX/Materials/Spiral_1.mat using Guid(d644112209ac645478186b7f1e0cc00f) Importer(815301076,1909f56bfc062723c751e8b465ee728b)  -> (artifact id: 'f4125efabcdc6478a53f5fee2ae430ed') in 0.501124 seconds 
========================================================================
Received Import Request.
  Time since last request: 36.917045 seconds.
  path: Assets/Prefabs/Ruins_Aesta.prefab
  artifactKey: Guid(511ff73930c81d8428a7e3350e4e5563) Importer(815301076,1909f56bfc062723c751e8b465ee728b)
Start importing Assets/Prefabs/Ruins_Aesta.prefab using Guid(511ff73930c81d8428a7e3350e4e5563) Importer(815301076,1909f56bfc062723c751e8b465ee728b)  -> (artifact id: '10844a4068e30afbf5a68f77634ad65f') in 0.154481 seconds 
========================================================================
Received Import Request.
  Time since last request: 3.058317 seconds.
  path: Assets/Prefabs/Ruins_Gavaan.prefab
  artifactKey: Guid(eb51bfe46f155eb489db5fb2a0b5b3b4) Importer(815301076,1909f56bfc062723c751e8b465ee728b)
Start importing Assets/Prefabs/Ruins_Gavaan.prefab using Guid(eb51bfe46f155eb489db5fb2a0b5b3b4) Importer(815301076,1909f56bfc062723c751e8b465ee728b)  -> (artifact id: '43e8800c604467ae478bb6358c61aa60') in 0.075188 seconds 
========================================================================
Received Import Request.
  Time since last request: 2.583371 seconds.
  path: Assets/Prefabs/Ruins_Seraz.prefab
  artifactKey: Guid(07dca914510bdbb49bed162211a84741) Importer(815301076,1909f56bfc062723c751e8b465ee728b)
Start importing Assets/Prefabs/Ruins_Seraz.prefab using Guid(07dca914510bdbb49bed162211a84741) Importer(815301076,1909f56bfc062723c751e8b465ee728b)  -> (artifact id: 'b39297e2508a72b7cb62d111ff15b580') in 0.068902 seconds 
========================================================================
Received Import Request.
  Time since last request: 2.536518 seconds.
  path: Assets/Prefabs/Ruins_Seraz_Orig.prefab
  artifactKey: Guid(f582b3027596bbc46bcc05b4ff92e049) Importer(815301076,1909f56bfc062723c751e8b465ee728b)
Start importing Assets/Prefabs/Ruins_Seraz_Orig.prefab using Guid(f582b3027596bbc46bcc05b4ff92e049) Importer(815301076,1909f56bfc062723c751e8b465ee728b)  -> (artifact id: '51b6dd467ca55b3a7809067d7c8d8000') in 0.072956 seconds 
========================================================================
Received Import Request.
  Time since last request: 3.755732 seconds.
  path: Assets/Prefabs/Ruins_Xalerie.prefab
  artifactKey: Guid(f9dd901bd928f684289f34140bbc9a00) Importer(815301076,1909f56bfc062723c751e8b465ee728b)
Start importing Assets/Prefabs/Ruins_Xalerie.prefab using Guid(f9dd901bd928f684289f34140bbc9a00) Importer(815301076,1909f56bfc062723c751e8b465ee728b)  -> (artifact id: '33ff27035743332d291827793da892bb') in 0.086460 seconds 
========================================================================
Received Import Request.
  Time since last request: 3.551683 seconds.
  path: Assets/Prefabs/Ruins_Xalerie_Orig2.prefab
  artifactKey: Guid(c1eb31f4b86bd7a438aac08be865cd7a) Importer(815301076,1909f56bfc062723c751e8b465ee728b)
Start importing Assets/Prefabs/Ruins_Xalerie_Orig2.prefab using Guid(c1eb31f4b86bd7a438aac08be865cd7a) Importer(815301076,1909f56bfc062723c751e8b465ee728b)  -> (artifact id: 'e5d18ec12b40aae0d477d1f084b9f3d2') in 0.101618 seconds 
========================================================================
Received Import Request.
  Time since last request: 38.358092 seconds.
  path: Assets/Prefabs/Blue Orb.prefab
  artifactKey: Guid(6c73b8001552bf1468ec4a12a69d8e2f) Importer(815301076,1909f56bfc062723c751e8b465ee728b)
Start importing Assets/Prefabs/Blue Orb.prefab using Guid(6c73b8001552bf1468ec4a12a69d8e2f) Importer(815301076,1909f56bfc062723c751e8b465ee728b)  -> (artifact id: 'af958d213213e64724ba90b37f33efd1') in 0.065704 seconds 
========================================================================
Received Import Request.
  Time since last request: 43.547327 seconds.
  path: Assets/Prefabs/Green Orb.prefab
  artifactKey: Guid(3a6437566c97aac438ca777f6eee0f47) Importer(815301076,1909f56bfc062723c751e8b465ee728b)
Start importing Assets/Prefabs/Green Orb.prefab using Guid(3a6437566c97aac438ca777f6eee0f47) Importer(815301076,1909f56bfc062723c751e8b465ee728b)  -> (artifact id: 'b3a2140db946712aac230c74f1036abe') in 0.045278 seconds 
========================================================================
Received Import Request.
  Time since last request: 8.085667 seconds.
  path: Assets/Prefabs/Pink Orb.prefab
  artifactKey: Guid(78c475c6797ee2648b1827bfecbf3e6d) Importer(815301076,1909f56bfc062723c751e8b465ee728b)
Start importing Assets/Prefabs/Pink Orb.prefab using Guid(78c475c6797ee2648b1827bfecbf3e6d) Importer(815301076,1909f56bfc062723c751e8b465ee728b)  -> (artifact id: 'eea3207bb50df05ae9a50a42146dff88') in 0.042189 seconds 
========================================================================
Received Import Request.
  Time since last request: 18.024716 seconds.
  path: Assets/Prefabs/Purple Orb.prefab
  artifactKey: Guid(dcf90fbd2b8b675429047fdf1ef1f470) Importer(815301076,1909f56bfc062723c751e8b465ee728b)
Start importing Assets/Prefabs/Purple Orb.prefab using Guid(dcf90fbd2b8b675429047fdf1ef1f470) Importer(815301076,1909f56bfc062723c751e8b465ee728b)  -> (artifact id: '5e59fd6c200b33e3791c6ee0592b773b') in 0.035145 seconds 
========================================================================
Received Import Request.
  Time since last request: 40.471789 seconds.
  path: Assets/UnityStoreAssets/ColorSkies/Skies
  artifactKey: Guid(b6cd835985ecf3448a9711bc603dbe6e) Importer(815301076,1909f56bfc062723c751e8b465ee728b)
Start importing Assets/UnityStoreAssets/ColorSkies/Skies using Guid(b6cd835985ecf3448a9711bc603dbe6e) Importer(815301076,1909f56bfc062723c751e8b465ee728b)  -> (artifact id: 'ac692f9d3eb939757528cae2121cd41a') in 0.002253 seconds 
========================================================================
Received Import Request.
  Time since last request: 0.092124 seconds.
  path: Assets/UnityStoreAssets/ColorSkies/Skies/Sky_1.mat
  artifactKey: Guid(3bbeb79adedffcb4a94850fbf4b6cce0) Importer(815301076,1909f56bfc062723c751e8b465ee728b)
Start importing Assets/UnityStoreAssets/ColorSkies/Skies/Sky_1.mat using Guid(3bbeb79adedffcb4a94850fbf4b6cce0) Importer(815301076,1909f56bfc062723c751e8b465ee728b)  -> (artifact id: '8997f5185595f1e5dfdca7e8259386ff') in 0.381531 seconds 
========================================================================
Received Import Request.
  Time since last request: 6.742487 seconds.
  path: Assets/UnityStoreAssets/ColorSkies/Textures/Skybox_1
  artifactKey: Guid(02d92f155025119468642bef17a58497) Importer(815301076,1909f56bfc062723c751e8b465ee728b)
Start importing Assets/UnityStoreAssets/ColorSkies/Textures/Skybox_1 using Guid(02d92f155025119468642bef17a58497) Importer(815301076,1909f56bfc062723c751e8b465ee728b)  -> (artifact id: 'f5c414a417961885beddcead3a7ba286') in 0.002448 seconds 
========================================================================
Received Import Request.
  Time since last request: 0.099546 seconds.
  path: Assets/UnityStoreAssets/ColorSkies/Textures/Skybox_1/Back_Tex.png
  artifactKey: Guid(c1a256d74c3f1704db8572ef683c43cc) Importer(815301076,1909f56bfc062723c751e8b465ee728b)
Start importing Assets/UnityStoreAssets/ColorSkies/Textures/Skybox_1/Back_Tex.png using Guid(c1a256d74c3f1704db8572ef683c43cc) Importer(815301076,1909f56bfc062723c751e8b465ee728b)  -> (artifact id: '396436353a0020996c3ac3630304164b') in 0.016179 seconds 
========================================================================
Received Import Request.
  Time since last request: 0.000028 seconds.
  path: Assets/UnityStoreAssets/ColorSkies/Textures/Skybox_1/Left_Tex.png
  artifactKey: Guid(b4bbff34d946d3d4b948509b9085ba95) Importer(815301076,1909f56bfc062723c751e8b465ee728b)
Start importing Assets/UnityStoreAssets/ColorSkies/Textures/Skybox_1/Left_Tex.png using Guid(b4bbff34d946d3d4b948509b9085ba95) Importer(815301076,1909f56bfc062723c751e8b465ee728b)  -> (artifact id: 'd689f1ac41d875aaeac2f23105b770d2') in 0.014168 seconds 
Editor requested this worker to shutdown with reason: Scaling down because of idle timeout
AssetImportWorker is now disconnected from the server
Process exiting
Exiting without the bug reporter. Application will terminate with return code 0