Using pre-set license
Built from '2021.3/staging' branch; Version is '2021.3.14f1 (eee1884e7226) revision 15655304'; Using compiler version '192829333'; Build Type 'Release'
OS: 'Windows 10  (10.0.19044) 64bit Professional' Language: 'en' Physical Memory: 65342 MB
BatchMode: 1, IsHumanControllingUs: 0, StartBugReporterOnCrash: 0, Is64bit: 1, IsPro: 1

COMMAND LINE ARGUMENTS:
C:\Program Files\Unity\Hub\Editor\2021.3.14f1\Editor\Unity.exe
-adb2
-batchMode
-noUpm
-name
AssetImportWorker1
-projectPath
C:/Users/benja/OneDrive/Documents/The Forest
-logFile
Logs/AssetImportWorker1.log
-srvPort
58097
Successfully changed project path to: C:/Users/benja/OneDrive/Documents/The Forest
C:/Users/benja/OneDrive/Documents/The Forest
[UnityMemory] Configuration Parameters - Can be set up in boot.config
    "memorysetup-bucket-allocator-granularity=16"
    "memorysetup-bucket-allocator-bucket-count=8"
    "memorysetup-bucket-allocator-block-size=33554432"
    "memorysetup-bucket-allocator-block-count=8"
    "memorysetup-main-allocator-block-size=16777216"
    "memorysetup-thread-allocator-block-size=16777216"
    "memorysetup-gfx-main-allocator-block-size=16777216"
    "memorysetup-gfx-thread-allocator-block-size=16777216"
    "memorysetup-cache-allocator-block-size=4194304"
    "memorysetup-typetree-allocator-block-size=2097152"
    "memorysetup-profiler-bucket-allocator-granularity=16"
    "memorysetup-profiler-bucket-allocator-bucket-count=8"
    "memorysetup-profiler-bucket-allocator-block-size=33554432"
    "memorysetup-profiler-bucket-allocator-block-count=8"
    "memorysetup-profiler-allocator-block-size=16777216"
    "memorysetup-profiler-editor-allocator-block-size=1048576"
    "memorysetup-temp-allocator-size-main=16777216"
    "memorysetup-job-temp-allocator-block-size=2097152"
    "memorysetup-job-temp-allocator-block-size-background=1048576"
    "memorysetup-job-temp-allocator-reduction-small-platforms=262144"
    "memorysetup-temp-allocator-size-background-worker=32768"
    "memorysetup-temp-allocator-size-job-worker=262144"
    "memorysetup-temp-allocator-size-preload-manager=33554432"
    "memorysetup-temp-allocator-size-nav-mesh-worker=65536"
    "memorysetup-temp-allocator-size-audio-worker=65536"
    "memorysetup-temp-allocator-size-cloud-worker=32768"
    "memorysetup-temp-allocator-size-gi-baking-worker=262144"
    "memorysetup-temp-allocator-size-gfx=262144"
Refreshing native plugins compatible for Editor in 111.13 ms, found 3 plugins.
Preloading 0 native plugins for Editor in 0.00 ms.
Initialize engine version: 2021.3.14f1 (eee1884e7226)
[Subsystems] Discovering subsystems at path C:/Program Files/Unity/Hub/Editor/2021.3.14f1/Editor/Data/Resources/UnitySubsystems
[Subsystems] Discovering subsystems at path C:/Users/benja/OneDrive/Documents/The Forest/Assets
GfxDevice: creating device client; threaded=0; jobified=0
Direct3D:
    Version:  Direct3D 11.0 [level 11.1]
    Renderer: NVIDIA Quadro P2000 (ID=0x1cba)
    Vendor:   NVIDIA
    VRAM:     4018 MB
    Driver:   31.0.15.1669
Initialize mono
Mono path[0] = 'C:/Program Files/Unity/Hub/Editor/2021.3.14f1/Editor/Data/Managed'
Mono path[1] = 'C:/Program Files/Unity/Hub/Editor/2021.3.14f1/Editor/Data/MonoBleedingEdge/lib/mono/unityjit-win32'
Mono config path = 'C:/Program Files/Unity/Hub/Editor/2021.3.14f1/Editor/Data/MonoBleedingEdge/etc'
Using monoOptions --debugger-agent=transport=dt_socket,embedding=1,server=y,suspend=n,address=127.0.0.1:56348
Begin MonoManager ReloadAssembly
Registering precompiled unity dll's ...
Register platform support module: C:/Program Files/Unity/Hub/Editor/2021.3.14f1/Editor/Data/PlaybackEngines/WebGLSupport/UnityEditor.WebGL.Extensions.dll
Register platform support module: C:/Program Files/Unity/Hub/Editor/2021.3.14f1/Editor/Data/PlaybackEngines/WindowsStandaloneSupport/UnityEditor.WindowsStandalone.Extensions.dll
Registered in 0.015605 seconds.
Native extension for WindowsStandalone target not found
Native extension for WebGL target not found
Refreshing native plugins compatible for Editor in 103.92 ms, found 3 plugins.
Preloading 0 native plugins for Editor in 0.00 ms.
Mono: successfully reloaded assembly
- Completed reload, in  0.825 seconds
Domain Reload Profiling:
	ReloadAssembly (826ms)
		BeginReloadAssembly (102ms)
			ExecutionOrderSort (0ms)
			DisableScriptedObjects (0ms)
			BackupInstance (0ms)
			ReleaseScriptingObjects (0ms)
			CreateAndSetChildDomain (1ms)
		EndReloadAssembly (569ms)
			LoadAssemblies (100ms)
			RebuildTransferFunctionScriptingTraits (0ms)
			SetupTypeCache (126ms)
			ReleaseScriptCaches (0ms)
			RebuildScriptCaches (34ms)
			SetupLoadedEditorAssemblies (344ms)
				LogAssemblyErrors (0ms)
				InitializePlatformSupportModulesInManaged (12ms)
				SetLoadedEditorAssemblies (0ms)
				RefreshPlugins (104ms)
				BeforeProcessingInitializeOnLoad (1ms)
				ProcessInitializeOnLoadAttributes (167ms)
				ProcessInitializeOnLoadMethodAttributes (59ms)
				AfterProcessingInitializeOnLoad (0ms)
				EditorAssembliesLoaded (0ms)
			ExecutionOrderSort2 (0ms)
			AwakeInstancesAfterBackupRestoration (0ms)
Platform modules already initialized, skipping
Registering precompiled user dll's ...
Registered in 0.014575 seconds.
Begin MonoManager ReloadAssembly
Symbol file LoadedFromMemory doesn't match image C:\Users\benja\OneDrive\Documents\The Forest\Library\PackageCache\com.unity.visualscripting@1.7.8\Editor\VisualScripting.Core\Dependencies\YamlDotNet\Unity.VisualScripting.YamlDotNet.dll
Symbol file LoadedFromMemory doesn't match image C:\Users\benja\OneDrive\Documents\The Forest\Library\PackageCache\com.unity.visualscripting@1.7.8\Editor\VisualScripting.Core\Dependencies\DotNetZip\Unity.VisualScripting.IonicZip.dll
Native extension for WindowsStandalone target not found
Native extension for WebGL target not found
Refreshing native plugins compatible for Editor in 0.71 ms, found 3 plugins.
Preloading 0 native plugins for Editor in 0.00 ms.
Mono: successfully reloaded assembly
- Completed reload, in  1.357 seconds
Domain Reload Profiling:
	ReloadAssembly (1358ms)
		BeginReloadAssembly (166ms)
			ExecutionOrderSort (0ms)
			DisableScriptedObjects (10ms)
			BackupInstance (0ms)
			ReleaseScriptingObjects (0ms)
			CreateAndSetChildDomain (36ms)
		EndReloadAssembly (1022ms)
			LoadAssemblies (123ms)
			RebuildTransferFunctionScriptingTraits (0ms)
			SetupTypeCache (319ms)
			ReleaseScriptCaches (1ms)
			RebuildScriptCaches (60ms)
			SetupLoadedEditorAssemblies (485ms)
				LogAssemblyErrors (0ms)
				InitializePlatformSupportModulesInManaged (9ms)
				SetLoadedEditorAssemblies (0ms)
				RefreshPlugins (1ms)
				BeforeProcessingInitializeOnLoad (117ms)
				ProcessInitializeOnLoadAttributes (312ms)
				ProcessInitializeOnLoadMethodAttributes (34ms)
				AfterProcessingInitializeOnLoad (12ms)
				EditorAssembliesLoaded (0ms)
			ExecutionOrderSort2 (0ms)
			AwakeInstancesAfterBackupRestoration (8ms)
Platform modules already initialized, skipping
========================================================================
Worker process is ready to serve import requests
Launched and connected shader compiler UnityShaderCompiler.exe after 0.08 seconds
Refreshing native plugins compatible for Editor in 0.84 ms, found 3 plugins.
Preloading 0 native plugins for Editor in 0.00 ms.
Unloading 3884 Unused Serialized files (Serialized files now loaded: 0)
Unloading 41 unused Assets / (1.4 MB). Loaded Objects now: 4332.
Memory consumption went from 224.3 MB to 222.9 MB.
Total: 4.479700 ms (FindLiveObjects: 0.338300 ms CreateObjectMapping: 0.283400 ms MarkObjects: 3.365000 ms  DeleteObjects: 0.491900 ms)

AssetImportParameters requested are different than current active one (requested -> active):
  custom:video-decoder-ogg-theora: a1e56fd34408186e4bbccfd4996cb3dc -> 
  custom:container-muxer-webm: aa71ff27fc2769a1b78a27578f13a17b -> 
  custom:container-demuxer-webm: 4f35f7cbe854078d1ac9338744f61a02 -> 
  custom:video-encoder-webm-vp8: eb34c28f22e8b96e1ab97ce403110664 -> 
  custom:video-codec-MediaFoundation-h265: 746d11721c4dcdbdad8f713fa42b33f4 -> 
  custom:audio-encoder-webm-vorbis: bf7c407c2cedff20999df2af8eb42d56 -> 
  custom:framework-win-MediaFoundation: 216162199b28c13a410421893ffa2e32 -> 
  custom:container-demuxer-ogg: 62fdf1f143b41e24485cea50d1cbac27 -> 
  custom:video-decoder-webm-vp8: 9c59270c3fd7afecdb556c50c9e8de78 -> 
  custom:audio-decoder-ogg-vorbis: bf7c407c2cedff20999df2af8eb42d56 -> 
========================================================================
Received Import Request.
  Time since last request: 468608.904381 seconds.
  path: Assets/Chars/Gavaan/Materials/Eyelashes.mat
  artifactKey: Guid(d43ce88b5d02da342b438730957df25c) Importer(815301076,1909f56bfc062723c751e8b465ee728b)
Start importing Assets/Chars/Gavaan/Materials/Eyelashes.mat using Guid(d43ce88b5d02da342b438730957df25c) Importer(815301076,1909f56bfc062723c751e8b465ee728b)  -> (artifact id: '70844f6e15d6f310717cd8417cda6840') in 0.188038 seconds 
========================================================================
Received Import Request.
  Time since last request: 0.000027 seconds.
  path: Assets/Chars/Gavaan/Materials/Skin.mat
  artifactKey: Guid(a7757e73804a91846894071627ce0365) Importer(815301076,1909f56bfc062723c751e8b465ee728b)
Start importing Assets/Chars/Gavaan/Materials/Skin.mat using Guid(a7757e73804a91846894071627ce0365) Importer(815301076,1909f56bfc062723c751e8b465ee728b)  -> (artifact id: '9cd6c398fdd472c908f21268a610640a') in 0.027983 seconds 
========================================================================
Received Import Request.
  Time since last request: 0.000204 seconds.
  path: Assets/Chars/Gavaan/Materials/spiky.001.mat
  artifactKey: Guid(03466aef081070f4988c41a834ba9015) Importer(815301076,1909f56bfc062723c751e8b465ee728b)
Start importing Assets/Chars/Gavaan/Materials/spiky.001.mat using Guid(03466aef081070f4988c41a834ba9015) Importer(815301076,1909f56bfc062723c751e8b465ee728b)  -> (artifact id: '0d6887e9a110df5b937b26b51704cb97') in 0.023818 seconds 
========================================================================
Received Import Request.
  Time since last request: 15.847230 seconds.
  path: Assets/Chars/Aesta/Textures/elvs_hazel_hair_normal.png
  artifactKey: Guid(23af5e4303c169d4a8d478db189632eb) Importer(815301076,1909f56bfc062723c751e8b465ee728b)
Start importing Assets/Chars/Aesta/Textures/elvs_hazel_hair_normal.png using Guid(23af5e4303c169d4a8d478db189632eb) Importer(815301076,1909f56bfc062723c751e8b465ee728b)  -> (artifact id: '5cdbdca5ae177649f0e803e31014c924') in 0.029739 seconds 
========================================================================
Received Import Request.
  Time since last request: 0.000028 seconds.
  path: Assets/Chars/Aesta/Textures/young_lightskinned_female_diffuse.png
  artifactKey: Guid(954995007f9975c4fa58a2eb7c6b316b) Importer(815301076,1909f56bfc062723c751e8b465ee728b)
Start importing Assets/Chars/Aesta/Textures/young_lightskinned_female_diffuse.png using Guid(954995007f9975c4fa58a2eb7c6b316b) Importer(815301076,1909f56bfc062723c751e8b465ee728b)  -> (artifact id: '34342c6856bae24209492e7cfb552a9d') in 0.015653 seconds 
========================================================================
Received Import Request.
  Time since last request: 0.000019 seconds.
  path: Assets/Chars/Aesta/Textures/eyelashes03.png
  artifactKey: Guid(18ad6c39e2218a44b9e9132f94932610) Importer(815301076,1909f56bfc062723c751e8b465ee728b)
Start importing Assets/Chars/Aesta/Textures/eyelashes03.png using Guid(18ad6c39e2218a44b9e9132f94932610) Importer(815301076,1909f56bfc062723c751e8b465ee728b)  -> (artifact id: '45dfcf3a419ebe2febffb855083bc4bb') in 0.010761 seconds 
========================================================================
Received Import Request.
  Time since last request: 0.000043 seconds.
  path: Assets/Chars/Aesta/Textures/F_Lusekofta.png
  artifactKey: Guid(1a4cc712d5fd5354aa6df4dd6687c8ba) Importer(815301076,1909f56bfc062723c751e8b465ee728b)
Start importing Assets/Chars/Aesta/Textures/F_Lusekofta.png using Guid(1a4cc712d5fd5354aa6df4dd6687c8ba) Importer(815301076,1909f56bfc062723c751e8b465ee728b)  -> (artifact id: '5cf9262fefca41e303eb36b486ecaef0') in 0.023936 seconds 
========================================================================
Received Import Request.
  Time since last request: 3.371526 seconds.
  path: Assets/Chars/Aesta/Materials/Eyes.mat
  artifactKey: Guid(475b9439698c8ba48b7617095f43f1ff) Importer(815301076,1909f56bfc062723c751e8b465ee728b)
Start importing Assets/Chars/Aesta/Materials/Eyes.mat using Guid(475b9439698c8ba48b7617095f43f1ff) Importer(815301076,1909f56bfc062723c751e8b465ee728b)  -> (artifact id: 'fd5a07d4b1c27c00b738013ce4618bd3') in 0.010220 seconds 
========================================================================
Received Import Request.
  Time since last request: 23.710095 seconds.
  path: Assets/Chars/RuinsChars/eyebrow001.mat
  artifactKey: Guid(2079c3c42e32ce248822876f0fcc303a) Importer(815301076,1909f56bfc062723c751e8b465ee728b)
Start importing Assets/Chars/RuinsChars/eyebrow001.mat using Guid(2079c3c42e32ce248822876f0fcc303a) Importer(815301076,1909f56bfc062723c751e8b465ee728b)  -> (artifact id: '10447a394dbe64f1618e1b20357fa667') in 0.014842 seconds 
========================================================================
Received Import Request.
  Time since last request: 0.000017 seconds.
  path: Assets/Chars/RuinsChars/eyes-green.mat
  artifactKey: Guid(5c5a8843732cae64d9858e9f95dc7b2a) Importer(815301076,1909f56bfc062723c751e8b465ee728b)
Start importing Assets/Chars/RuinsChars/eyes-green.mat using Guid(5c5a8843732cae64d9858e9f95dc7b2a) Importer(815301076,1909f56bfc062723c751e8b465ee728b)  -> (artifact id: '887fb579a2051b6890d8a400663c5d93') in 0.011265 seconds 
========================================================================
Received Import Request.
  Time since last request: 0.000023 seconds.
  path: Assets/Chars/RuinsChars/ruins_xalerieblender4.fbx
  artifactKey: Guid(2dfae100a2d4c8a4eb5871f8b2eeda0e) Importer(815301076,1909f56bfc062723c751e8b465ee728b)
Start importing Assets/Chars/RuinsChars/ruins_xalerieblender4.fbx using Guid(2dfae100a2d4c8a4eb5871f8b2eeda0e) Importer(815301076,1909f56bfc062723c751e8b465ee728b)  -> (artifact id: '1afee3856620785373218b19c46517a6') in 0.430281 seconds 
========================================================================
Received Import Request.
  Time since last request: 0.000032 seconds.
  path: Assets/Chars/RuinsChars/eyelashes03.mat
  artifactKey: Guid(469e4a0642b7ccb48a764d236c24b835) Importer(815301076,1909f56bfc062723c751e8b465ee728b)
Start importing Assets/Chars/RuinsChars/eyelashes03.mat using Guid(469e4a0642b7ccb48a764d236c24b835) Importer(815301076,1909f56bfc062723c751e8b465ee728b)  -> (artifact id: '7caad9664877403154fbf35797c9e67d') in 0.011113 seconds 
========================================================================
Received Import Request.
  Time since last request: 0.000032 seconds.
  path: Assets/Chars/RuinsChars/ruins_serazblender7.fbx
  artifactKey: Guid(481bfa7f042708d4694245e438de60c2) Importer(815301076,1909f56bfc062723c751e8b465ee728b)
Start importing Assets/Chars/RuinsChars/ruins_serazblender7.fbx using Guid(481bfa7f042708d4694245e438de60c2) Importer(815301076,1909f56bfc062723c751e8b465ee728b)  -> (artifact id: '67148cc401fa8c128a26d4a5af5dda67') in 0.210305 seconds 
========================================================================
Received Import Request.
  Time since last request: 0.000039 seconds.
  path: Assets/Chars/RuinsChars/t_shirt_basic_tucked 1.mat
  artifactKey: Guid(26a8cbd90adfef442b3c903731720d20) Importer(815301076,1909f56bfc062723c751e8b465ee728b)
Start importing Assets/Chars/RuinsChars/t_shirt_basic_tucked 1.mat using Guid(26a8cbd90adfef442b3c903731720d20) Importer(815301076,1909f56bfc062723c751e8b465ee728b)  -> (artifact id: '60063e330bfed3b0bb6ad8dcc99f364c') in 0.011366 seconds 
========================================================================
Received Import Request.
  Time since last request: 0.000093 seconds.
  path: Assets/Chars/RuinsChars/ruins_serazblender6.fbx
  artifactKey: Guid(a39457c886abe8a4b94bd2decda7cd17) Importer(815301076,1909f56bfc062723c751e8b465ee728b)
Start importing Assets/Chars/RuinsChars/ruins_serazblender6.fbx using Guid(a39457c886abe8a4b94bd2decda7cd17) Importer(815301076,1909f56bfc062723c751e8b465ee728b)  -> (artifact id: '07267d83eba73a9bf566ec45dcabc52c') in 0.200633 seconds 
========================================================================
Received Import Request.
  Time since last request: 19.750006 seconds.
  path: Assets/Prefabs/Ruins_Seraz.prefab
  artifactKey: Guid(07dca914510bdbb49bed162211a84741) Importer(815301076,1909f56bfc062723c751e8b465ee728b)
Start importing Assets/Prefabs/Ruins_Seraz.prefab using Guid(07dca914510bdbb49bed162211a84741) Importer(815301076,1909f56bfc062723c751e8b465ee728b)  -> (artifact id: '708b967c98a55521e91b3bac237fde23') in 0.104496 seconds 
========================================================================
Received Import Request.
  Time since last request: 0.000029 seconds.
  path: Assets/Prefabs/Ruins_Xalerie.prefab
  artifactKey: Guid(f9dd901bd928f684289f34140bbc9a00) Importer(815301076,1909f56bfc062723c751e8b465ee728b)
Start importing Assets/Prefabs/Ruins_Xalerie.prefab using Guid(f9dd901bd928f684289f34140bbc9a00) Importer(815301076,1909f56bfc062723c751e8b465ee728b)  -> (artifact id: '09e53871fb4596fb6fb5e153037bfda0') in 0.087420 seconds 
========================================================================
Received Import Request.
  Time since last request: 100.977583 seconds.
  path: Assets/Chars/Gavaan/Textures/eyebrow005.png
  artifactKey: Guid(79ef9df5eaef62940ad0493d0d750cb1) Importer(815301076,1909f56bfc062723c751e8b465ee728b)
Start importing Assets/Chars/Gavaan/Textures/eyebrow005.png using Guid(79ef9df5eaef62940ad0493d0d750cb1) Importer(815301076,1909f56bfc062723c751e8b465ee728b)  -> (artifact id: '05cc32568d7648d4dbb9c86c1ee0a564') in 0.013519 seconds 
========================================================================
Received Import Request.
  Time since last request: 0.000034 seconds.
  path: Assets/Chars/Gavaan/Textures/hair_displace 1.png
  artifactKey: Guid(264cc7f4eccf04d4288dc7ed46fb2b13) Importer(815301076,1909f56bfc062723c751e8b465ee728b)
Start importing Assets/Chars/Gavaan/Textures/hair_displace 1.png using Guid(264cc7f4eccf04d4288dc7ed46fb2b13) Importer(815301076,1909f56bfc062723c751e8b465ee728b)  -> (artifact id: '67e309a59fa606ee59e72df4b0f84f8b') in 0.012873 seconds 
========================================================================
Received Import Request.
  Time since last request: 0.000055 seconds.
  path: Assets/Chars/Gavaan/Textures/hair_displace.png
  artifactKey: Guid(94a108596c3296548a4f4c1c61a1f7d3) Importer(815301076,1909f56bfc062723c751e8b465ee728b)
Start importing Assets/Chars/Gavaan/Textures/hair_displace.png using Guid(94a108596c3296548a4f4c1c61a1f7d3) Importer(815301076,1909f56bfc062723c751e8b465ee728b)  -> (artifact id: '5cd5c6f4c52ffb2c26d6447684aaf1f0') in 0.015359 seconds 
========================================================================
Received Import Request.
  Time since last request: 0.000042 seconds.
  path: Assets/Chars/Gavaan/Textures/runningshoes.png
  artifactKey: Guid(3f5afff6a07247a45859cc7b576924a8) Importer(815301076,1909f56bfc062723c751e8b465ee728b)
Start importing Assets/Chars/Gavaan/Textures/runningshoes.png using Guid(3f5afff6a07247a45859cc7b576924a8) Importer(815301076,1909f56bfc062723c751e8b465ee728b)  -> (artifact id: '70398407def105298142dbc4167ac954') in 0.020050 seconds 
========================================================================
Received Import Request.
  Time since last request: 0.000054 seconds.
  path: Assets/Chars/Gavaan/Textures/shorttex1.png
  artifactKey: Guid(97b5f1da0e39a534e9c8fc112a64e59d) Importer(815301076,1909f56bfc062723c751e8b465ee728b)
Start importing Assets/Chars/Gavaan/Textures/shorttex1.png using Guid(97b5f1da0e39a534e9c8fc112a64e59d) Importer(815301076,1909f56bfc062723c751e8b465ee728b)  -> (artifact id: '328b04ce6590ea72714579b16a757dca') in 0.018067 seconds 
========================================================================
Received Import Request.
  Time since last request: 0.000037 seconds.
  path: Assets/Chars/Gavaan/Textures/young_lightskinned_male_diffuse.png
  artifactKey: Guid(f5b9d9997024c524295e06da4f7cb502) Importer(815301076,1909f56bfc062723c751e8b465ee728b)
Start importing Assets/Chars/Gavaan/Textures/young_lightskinned_male_diffuse.png using Guid(f5b9d9997024c524295e06da4f7cb502) Importer(815301076,1909f56bfc062723c751e8b465ee728b)  -> (artifact id: '5a533ff40c1d5f9cdaf1a84141593d2d') in 0.016032 seconds 
========================================================================
Received Import Request.
  Time since last request: 0.000036 seconds.
  path: Assets/Chars/Gavaan/Textures/spikyhairnormal.png
  artifactKey: Guid(c4fed7c758b27e942a3570b765560ab7) Importer(815301076,1909f56bfc062723c751e8b465ee728b)
Start importing Assets/Chars/Gavaan/Textures/spikyhairnormal.png using Guid(c4fed7c758b27e942a3570b765560ab7) Importer(815301076,1909f56bfc062723c751e8b465ee728b)  -> (artifact id: '37a1dab5f78c14282fba81380ced5b43') in 0.011806 seconds 
========================================================================
Received Import Request.
  Time since last request: 191.815361 seconds.
  path: Assets/Chars/RuinsChars/Gavaan
  artifactKey: Guid(dd0cb800d7514c846a1445b2373bf302) Importer(815301076,1909f56bfc062723c751e8b465ee728b)
Start importing Assets/Chars/RuinsChars/Gavaan using Guid(dd0cb800d7514c846a1445b2373bf302) Importer(815301076,1909f56bfc062723c751e8b465ee728b)  -> (artifact id: '3a2848eca44b0298de8dff053a0eda00') in 0.001627 seconds 
========================================================================
Received Import Request.
  Time since last request: 104.490749 seconds.
  path: Assets/Chars/RuinsChars/Aesta
  artifactKey: Guid(f930435f9183a1642af616faadf7963a) Importer(815301076,1909f56bfc062723c751e8b465ee728b)
Start importing Assets/Chars/RuinsChars/Aesta using Guid(f930435f9183a1642af616faadf7963a) Importer(815301076,1909f56bfc062723c751e8b465ee728b)  -> (artifact id: 'f6edaad18ab5583a891d486c77b8d5ed') in 0.001849 seconds 
========================================================================
Received Import Request.
  Time since last request: 5.824340 seconds.
  path: Assets/Chars/RuinsChars/Xalerie
  artifactKey: Guid(80a9c65694ee18348979a424945f0a01) Importer(815301076,1909f56bfc062723c751e8b465ee728b)
Start importing Assets/Chars/RuinsChars/Xalerie using Guid(80a9c65694ee18348979a424945f0a01) Importer(815301076,1909f56bfc062723c751e8b465ee728b)  -> (artifact id: '25e10682f3c97c0e76b31e2db2e692a3') in 0.001837 seconds 
========================================================================
Received Import Request.
  Time since last request: 5.530358 seconds.
  path: Assets/Chars/RuinsChars/Seraz
  artifactKey: Guid(1ca7b3cc05c17704bbac82bcb85e2f15) Importer(815301076,1909f56bfc062723c751e8b465ee728b)
Start importing Assets/Chars/RuinsChars/Seraz using Guid(1ca7b3cc05c17704bbac82bcb85e2f15) Importer(815301076,1909f56bfc062723c751e8b465ee728b)  -> (artifact id: '44b77ded960de8aac0f22603e2d5b7f8') in 0.002563 seconds 
========================================================================
Received Import Request.
  Time since last request: 128.104801 seconds.
  path: Assets/Chars/RuinsChars/elvs_hazel_hair_diffuse.png
  artifactKey: Guid(092580fbc976403488d24d6ef0a3c801) Importer(815301076,1909f56bfc062723c751e8b465ee728b)
Start importing Assets/Chars/RuinsChars/elvs_hazel_hair_diffuse.png using Guid(092580fbc976403488d24d6ef0a3c801) Importer(815301076,1909f56bfc062723c751e8b465ee728b)  -> (artifact id: '05f3328fb510ae970269312fd71f188c') in 0.009946 seconds 
========================================================================
Received Import Request.
  Time since last request: 0.017089 seconds.
  path: Assets/Chars/RuinsChars/elvs_hazel_hair_normal 1.png
  artifactKey: Guid(5769a6f1e959792449e849ca7fb9fee0) Importer(815301076,1909f56bfc062723c751e8b465ee728b)
Start importing Assets/Chars/RuinsChars/elvs_hazel_hair_normal 1.png using Guid(5769a6f1e959792449e849ca7fb9fee0) Importer(815301076,1909f56bfc062723c751e8b465ee728b)  -> (artifact id: 'feec4600eec5649a115960e5811c8414') in 0.012810 seconds 
========================================================================
Received Import Request.
  Time since last request: 0.000022 seconds.
  path: Assets/Chars/RuinsChars/ruins_aestablender.fbx
  artifactKey: Guid(129e4c93169af344ea2d6806c1037795) Importer(815301076,1909f56bfc062723c751e8b465ee728b)
Start importing Assets/Chars/RuinsChars/ruins_aestablender.fbx using Guid(129e4c93169af344ea2d6806c1037795) Importer(815301076,1909f56bfc062723c751e8b465ee728b)  -> (artifact id: '1a5f99533a96bf5f10231db2915a3472') in 0.311801 seconds 
========================================================================
Received Import Request.
  Time since last request: 26.793478 seconds.
  path: Packages/com.unity.probuilder/Content/Icons/Tools/EditShape_Over.png
  artifactKey: Guid(011521d35a742354eb7300f35a98cae2) Importer(815301076,1909f56bfc062723c751e8b465ee728b)
Start importing Packages/com.unity.probuilder/Content/Icons/Tools/EditShape_Over.png using Guid(011521d35a742354eb7300f35a98cae2) Importer(815301076,1909f56bfc062723c751e8b465ee728b)  -> (artifact id: 'a7e23ab3fb7de76dee9dcf4616ade26b') in 0.013582 seconds 
========================================================================
Received Import Request.
  Time since last request: 0.000062 seconds.
  path: Packages/com.unity.probuilder/Content/Icons/Toolbar/ExtrudeFace_Individual_disabled.png
  artifactKey: Guid(d0945ff31532a4cc2adacd46c6abfc91) Importer(815301076,1909f56bfc062723c751e8b465ee728b)
Start importing Packages/com.unity.probuilder/Content/Icons/Toolbar/ExtrudeFace_Individual_disabled.png using Guid(d0945ff31532a4cc2adacd46c6abfc91) Importer(815301076,1909f56bfc062723c751e8b465ee728b)  -> (artifact id: '6303fc8dec2ab8a437467e17f95843d5') in 0.012821 seconds 
========================================================================
Received Import Request.
  Time since last request: 0.000026 seconds.
  path: Packages/com.unity.probuilder/Content/Icons/Toolbar/ExtrudeFace_FaceNormals.png
  artifactKey: Guid(452fce3d684314606b2da9b5dbf4eb8e) Importer(815301076,1909f56bfc062723c751e8b465ee728b)
Start importing Packages/com.unity.probuilder/Content/Icons/Toolbar/ExtrudeFace_FaceNormals.png using Guid(452fce3d684314606b2da9b5dbf4eb8e) Importer(815301076,1909f56bfc062723c751e8b465ee728b)  -> (artifact id: '04ed1740ced33d107e54d15d0e324722') in 0.011340 seconds 
========================================================================
Received Import Request.
  Time since last request: 0.000021 seconds.
  path: Packages/com.unity.probuilder/Content/Icons/Toolbar/ExtrudeFace_Individual.png
  artifactKey: Guid(ea438799abcec451b801b70c7299438b) Importer(815301076,1909f56bfc062723c751e8b465ee728b)
Start importing Packages/com.unity.probuilder/Content/Icons/Toolbar/ExtrudeFace_Individual.png using Guid(ea438799abcec451b801b70c7299438b) Importer(815301076,1909f56bfc062723c751e8b465ee728b)  -> (artifact id: '2b37524e502ce575b6f9f2268a31c941') in 0.009631 seconds 
========================================================================
Received Import Request.
  Time since last request: 0.000036 seconds.
  path: Packages/com.unity.services.core/Editor/Core/UiHelpers/Images/ExternalLinkIcon.png
  artifactKey: Guid(dcfa8e537229b4e8db4c6bc39a906c89) Importer(815301076,1909f56bfc062723c751e8b465ee728b)
Start importing Packages/com.unity.services.core/Editor/Core/UiHelpers/Images/ExternalLinkIcon.png using Guid(dcfa8e537229b4e8db4c6bc39a906c89) Importer(815301076,1909f56bfc062723c751e8b465ee728b)  -> (artifact id: 'db43920e38f942f901e326c1d421ce42') in 0.011956 seconds 
========================================================================
Received Import Request.
  Time since last request: 130.339254 seconds.
  path: Assets/Chars/RuinsChars/ruins_aestablender.fbx
  artifactKey: Guid(129e4c93169af344ea2d6806c1037795) Importer(815301076,1909f56bfc062723c751e8b465ee728b)
Start importing Assets/Chars/RuinsChars/ruins_aestablender.fbx using Guid(129e4c93169af344ea2d6806c1037795) Importer(815301076,1909f56bfc062723c751e8b465ee728b)  -> (artifact id: 'f0d4b631ae210188f36bb9b7b5221675') in 0.275935 seconds 
========================================================================
Received Import Request.
  Time since last request: 20.455543 seconds.
  path: Assets/Chars/Xalerie/Textures/Vest_Normal_OpenGL.png
  artifactKey: Guid(55d49196299b1354ca7f4ac09a733315) Importer(815301076,1909f56bfc062723c751e8b465ee728b)
Start importing Assets/Chars/Xalerie/Textures/Vest_Normal_OpenGL.png using Guid(55d49196299b1354ca7f4ac09a733315) Importer(815301076,1909f56bfc062723c751e8b465ee728b)  -> (artifact id: 'bcd371bd92d97ff0b2c9584958af4185') in 0.013815 seconds 
========================================================================
Received Import Request.
  Time since last request: 0.000054 seconds.
  path: Assets/Chars/Xalerie/Textures/Vest_Roughness.png
  artifactKey: Guid(8d749ea2f151b91458470752c76c1f29) Importer(815301076,1909f56bfc062723c751e8b465ee728b)
Start importing Assets/Chars/Xalerie/Textures/Vest_Roughness.png using Guid(8d749ea2f151b91458470752c76c1f29) Importer(815301076,1909f56bfc062723c751e8b465ee728b)  -> (artifact id: '4e4e40470e0edb50a2bb2db73928aa0f') in 0.012306 seconds 
========================================================================
Received Import Request.
  Time since last request: 0.000027 seconds.
  path: Packages/com.unity.collab-proxy/Editor/PlasticSCM/Assets/Images/xlink.png
  artifactKey: Guid(556a2f3b046024d4c9621c1b4be5f0c1) Importer(815301076,1909f56bfc062723c751e8b465ee728b)
Start importing Packages/com.unity.collab-proxy/Editor/PlasticSCM/Assets/Images/xlink.png using Guid(556a2f3b046024d4c9621c1b4be5f0c1) Importer(815301076,1909f56bfc062723c751e8b465ee728b)  -> (artifact id: '06f2482f4b66fa1becfc5be4c5174e2f') in 0.029370 seconds 
========================================================================
Received Import Request.
  Time since last request: 18.614178 seconds.
  path: Assets/Chars/Xalerie/Materials/Eyebrows.mat
  artifactKey: Guid(537e2f2b87facee4e80926af414f63fe) Importer(815301076,1909f56bfc062723c751e8b465ee728b)
Start importing Assets/Chars/Xalerie/Materials/Eyebrows.mat using Guid(537e2f2b87facee4e80926af414f63fe) Importer(815301076,1909f56bfc062723c751e8b465ee728b)  -> (artifact id: '81fe9df6cee60c0b243f1579f71cedb5') in 0.009273 seconds 
========================================================================
Received Import Request.
  Time since last request: 0.000026 seconds.
  path: Assets/Chars/Xalerie/Materials/Eyes.mat
  artifactKey: Guid(17d098d85fb5b6748af203d38ec5f8eb) Importer(815301076,1909f56bfc062723c751e8b465ee728b)
Start importing Assets/Chars/Xalerie/Materials/Eyes.mat using Guid(17d098d85fb5b6748af203d38ec5f8eb) Importer(815301076,1909f56bfc062723c751e8b465ee728b)  -> (artifact id: '788b9807a5cce331f56594050598ccba') in 0.013562 seconds 
========================================================================
Received Import Request.
  Time since last request: 0.000028 seconds.
  path: Assets/Chars/Xalerie/Materials/Shirt.mat
  artifactKey: Guid(ebdbc560377450b4abee0efd79e6f7dc) Importer(815301076,1909f56bfc062723c751e8b465ee728b)
Start importing Assets/Chars/Xalerie/Materials/Shirt.mat using Guid(ebdbc560377450b4abee0efd79e6f7dc) Importer(815301076,1909f56bfc062723c751e8b465ee728b)  -> (artifact id: '9c4899d9adc473747e5b8a0789cf00bb') in 0.013033 seconds 
========================================================================
Received Import Request.
  Time since last request: 0.000031 seconds.
  path: Assets/Chars/Xalerie/Materials/Shorts.mat
  artifactKey: Guid(92ac33225eb592c4fb883214681dd81c) Importer(815301076,1909f56bfc062723c751e8b465ee728b)
Start importing Assets/Chars/Xalerie/Materials/Shorts.mat using Guid(92ac33225eb592c4fb883214681dd81c) Importer(815301076,1909f56bfc062723c751e8b465ee728b)  -> (artifact id: '55a14e31bc9124fdc981687ad89a3218') in 0.014368 seconds 
========================================================================
Received Import Request.
  Time since last request: 2.109832 seconds.
  path: Assets/Chars/Xalerie/Textures/brown_eye.png
  artifactKey: Guid(c1fe63c867fb15a4fad6175bddfedb24) Importer(815301076,1909f56bfc062723c751e8b465ee728b)
Start importing Assets/Chars/Xalerie/Textures/brown_eye.png using Guid(c1fe63c867fb15a4fad6175bddfedb24) Importer(815301076,1909f56bfc062723c751e8b465ee728b)  -> (artifact id: 'ad2576c8837b76b1504cccb804bb0d3c') in 0.012642 seconds 
========================================================================
Received Import Request.
  Time since last request: 0.000023 seconds.
  path: Assets/Chars/Xalerie/Textures/T-shirt_basic.png
  artifactKey: Guid(817e7d07ee209ea408c13fe4c60dbcb0) Importer(815301076,1909f56bfc062723c751e8b465ee728b)
Start importing Assets/Chars/Xalerie/Textures/T-shirt_basic.png using Guid(817e7d07ee209ea408c13fe4c60dbcb0) Importer(815301076,1909f56bfc062723c751e8b465ee728b)  -> (artifact id: '3e74a172af0d7f2cb395b3a2c5679925') in 0.014477 seconds 
========================================================================
Received Import Request.
  Time since last request: 0.000028 seconds.
  path: Assets/Chars/Xalerie/Textures/Shoes_Biker_Boots_NRM.png
  artifactKey: Guid(6adaa5b5c932202468dc06c600aba2f8) Importer(815301076,1909f56bfc062723c751e8b465ee728b)
Start importing Assets/Chars/Xalerie/Textures/Shoes_Biker_Boots_NRM.png using Guid(6adaa5b5c932202468dc06c600aba2f8) Importer(815301076,1909f56bfc062723c751e8b465ee728b)  -> (artifact id: '6d3f218447aaa5a0a29ba2e97b7dc053') in 0.016680 seconds 
========================================================================
Received Import Request.
  Time since last request: 0.000021 seconds.
  path: Assets/Chars/Xalerie/Textures/normalsgsh.png
  artifactKey: Guid(00159436b9b2acc478ee0d9a82570ca9) Importer(815301076,1909f56bfc062723c751e8b465ee728b)
Start importing Assets/Chars/Xalerie/Textures/normalsgsh.png using Guid(00159436b9b2acc478ee0d9a82570ca9) Importer(815301076,1909f56bfc062723c751e8b465ee728b)  -> (artifact id: '4ae3cec155d7b64b71d9c66cb7f476a7') in 0.015007 seconds 
========================================================================
Received Import Request.
  Time since last request: 0.000046 seconds.
  path: Assets/Chars/Xalerie/Textures/eyelashes03.png
  artifactKey: Guid(e619b96135e429945a9625a4f1c3ddad) Importer(815301076,1909f56bfc062723c751e8b465ee728b)
Start importing Assets/Chars/Xalerie/Textures/eyelashes03.png using Guid(e619b96135e429945a9625a4f1c3ddad) Importer(815301076,1909f56bfc062723c751e8b465ee728b)  -> (artifact id: 'd9a82b359d3f175475f0752e95a71823') in 0.011643 seconds 
========================================================================
Received Import Request.
  Time since last request: 10.866487 seconds.
  path: Assets/Chars/RuinsChars/ruins_xalerieblender3.fbx
  artifactKey: Guid(760f9367c9cd3554e83872490cddcac6) Importer(815301076,1909f56bfc062723c751e8b465ee728b)
Start importing Assets/Chars/RuinsChars/ruins_xalerieblender3.fbx using Guid(760f9367c9cd3554e83872490cddcac6) Importer(815301076,1909f56bfc062723c751e8b465ee728b)  -> (artifact id: 'd1e4937546d77cf420a033274f8cf044') in 0.261873 seconds 
========================================================================
Received Import Request.
  Time since last request: 27.276403 seconds.
  path: Packages/com.unity.probuilder/Content/Icons/Toolbar/Bezier_Free.png
  artifactKey: Guid(da4df1da6f6124e98950375683b8fe1b) Importer(815301076,1909f56bfc062723c751e8b465ee728b)
Start importing Packages/com.unity.probuilder/Content/Icons/Toolbar/Bezier_Free.png using Guid(da4df1da6f6124e98950375683b8fe1b) Importer(815301076,1909f56bfc062723c751e8b465ee728b)  -> (artifact id: 'a9b1ead12eaaa6c122ae6744f859bf46') in 0.013591 seconds 
========================================================================
Received Import Request.
  Time since last request: 0.000071 seconds.
  path: Packages/com.unity.textmeshpro/Editor Resources/Textures/btn_AlignBottom.psd
  artifactKey: Guid(ca51b19024094d1b87f3e07edb0a75fb) Importer(815301076,1909f56bfc062723c751e8b465ee728b)
Start importing Packages/com.unity.textmeshpro/Editor Resources/Textures/btn_AlignBottom.psd using Guid(ca51b19024094d1b87f3e07edb0a75fb) Importer(815301076,1909f56bfc062723c751e8b465ee728b)  -> (artifact id: '688a0ac957d3505814a3661651efcf76') in 0.024948 seconds 
========================================================================
Received Import Request.
  Time since last request: 53.773678 seconds.
  path: Assets/Chars/RuinsChars/ruins_aestablender.fbx
  artifactKey: Guid(129e4c93169af344ea2d6806c1037795) Importer(815301076,1909f56bfc062723c751e8b465ee728b)
Start importing Assets/Chars/RuinsChars/ruins_aestablender.fbx using Guid(129e4c93169af344ea2d6806c1037795) Importer(815301076,1909f56bfc062723c751e8b465ee728b)  -> (artifact id: '65bca07c9e2218ba43f675c897fca775') in 0.344255 seconds 
========================================================================
Received Import Request.
  Time since last request: 15.698000 seconds.
  path: Assets/Chars/RuinsChars/Aesta/eyelashes03.png
  artifactKey: Guid(2f33463e5a5e82544aee25d96375c7d1) Importer(815301076,1909f56bfc062723c751e8b465ee728b)
Start importing Assets/Chars/RuinsChars/Aesta/eyelashes03.png using Guid(2f33463e5a5e82544aee25d96375c7d1) Importer(815301076,1909f56bfc062723c751e8b465ee728b)  -> (artifact id: '4eff78d360bb60a2cfa4b6dd2d77092b') in 0.012389 seconds 
========================================================================
Received Import Request.
  Time since last request: 40.449432 seconds.
  path: Assets/Chars/RuinsChars/ruins_serazblender3.fbx
  artifactKey: Guid(d15fda81fe750e849860105908d48b43) Importer(815301076,1909f56bfc062723c751e8b465ee728b)
Start importing Assets/Chars/RuinsChars/ruins_serazblender3.fbx using Guid(d15fda81fe750e849860105908d48b43) Importer(815301076,1909f56bfc062723c751e8b465ee728b)  -> (artifact id: 'feb6c0d13335638caed508df5d90b5a6') in 0.266293 seconds 
========================================================================
Received Import Request.
  Time since last request: 25.375928 seconds.
  path: Assets/Chars/RuinsChars/ruins_xalerieblender3.fbx
  artifactKey: Guid(760f9367c9cd3554e83872490cddcac6) Importer(815301076,1909f56bfc062723c751e8b465ee728b)
Start importing Assets/Chars/RuinsChars/ruins_xalerieblender3.fbx using Guid(760f9367c9cd3554e83872490cddcac6) Importer(815301076,1909f56bfc062723c751e8b465ee728b)  -> (artifact id: '192df51558f848743e83840999913b41') in 0.312806 seconds 
========================================================================
Received Import Request.
  Time since last request: 15.934042 seconds.
  path: Assets/Chars/RuinsChars/ruins_serazblender4.fbx
  artifactKey: Guid(ec52d9efcfb50374ebf346b9c73a010f) Importer(815301076,1909f56bfc062723c751e8b465ee728b)
Start importing Assets/Chars/RuinsChars/ruins_serazblender4.fbx using Guid(ec52d9efcfb50374ebf346b9c73a010f) Importer(815301076,1909f56bfc062723c751e8b465ee728b)  -> (artifact id: '7a6d0040453bf8818a04a95c7edf8ae3') in 0.225226 seconds 
========================================================================
Received Import Request.
  Time since last request: 37.026287 seconds.
  path: Assets/Chars/RuinsChars/ruins_serazblender4.fbx
  artifactKey: Guid(ec52d9efcfb50374ebf346b9c73a010f) Importer(815301076,1909f56bfc062723c751e8b465ee728b)
Start importing Assets/Chars/RuinsChars/ruins_serazblender4.fbx using Guid(ec52d9efcfb50374ebf346b9c73a010f) Importer(815301076,1909f56bfc062723c751e8b465ee728b)  -> (artifact id: '3573be65337836bdc59580042b730e3a') in 0.240541 seconds 
========================================================================
Received Import Request.
  Time since last request: 13.399127 seconds.
  path: Assets/Prefabs/Ruins_Gavaan.prefab
  artifactKey: Guid(eb51bfe46f155eb489db5fb2a0b5b3b4) Importer(815301076,1909f56bfc062723c751e8b465ee728b)
Start importing Assets/Prefabs/Ruins_Gavaan.prefab using Guid(eb51bfe46f155eb489db5fb2a0b5b3b4) Importer(815301076,1909f56bfc062723c751e8b465ee728b)  -> (artifact id: 'ee9dff4c0a7ba844d95e4bbd9d3b7a95') in 0.119362 seconds 
========================================================================
Received Import Request.
  Time since last request: 0.000033 seconds.
  path: Assets/Prefabs/Ruins_Xalerie.prefab
  artifactKey: Guid(f9dd901bd928f684289f34140bbc9a00) Importer(815301076,1909f56bfc062723c751e8b465ee728b)
Start importing Assets/Prefabs/Ruins_Xalerie.prefab using Guid(f9dd901bd928f684289f34140bbc9a00) Importer(815301076,1909f56bfc062723c751e8b465ee728b)  -> (artifact id: '7737c9f2a11c9ebafb9f91ea83d71eba') in 0.110923 seconds 
========================================================================
Received Import Request.
  Time since last request: 31.099021 seconds.
  path: Assets/Chars/RuinsChars/Xalerie/eyelashes03.png
  artifactKey: Guid(d94744ccde5c1f147a11ddee9bb1e62f) Importer(815301076,1909f56bfc062723c751e8b465ee728b)
Start importing Assets/Chars/RuinsChars/Xalerie/eyelashes03.png using Guid(d94744ccde5c1f147a11ddee9bb1e62f) Importer(815301076,1909f56bfc062723c751e8b465ee728b)  -> (artifact id: 'f64b1e4aeb4f4bc76336732e5e023538') in 0.030672 seconds 
========================================================================
Received Import Request.
  Time since last request: 18.404802 seconds.
  path: Assets/Chars/RuinsChars/Aesta/Materials/female_generic.mat
  artifactKey: Guid(4427799d3c353f94fabc002f760d8c8e) Importer(815301076,1909f56bfc062723c751e8b465ee728b)
Start importing Assets/Chars/RuinsChars/Aesta/Materials/female_generic.mat using Guid(4427799d3c353f94fabc002f760d8c8e) Importer(815301076,1909f56bfc062723c751e8b465ee728b)  -> (artifact id: '4c61302ae5f9ad65890fbba661f12a69') in 0.015916 seconds 
========================================================================
Received Import Request.
  Time since last request: 38.063944 seconds.
  path: Assets/Chars/RuinsChars/ruins_aestablender.fbx
  artifactKey: Guid(129e4c93169af344ea2d6806c1037795) Importer(815301076,1909f56bfc062723c751e8b465ee728b)
Start importing Assets/Chars/RuinsChars/ruins_aestablender.fbx using Guid(129e4c93169af344ea2d6806c1037795) Importer(815301076,1909f56bfc062723c751e8b465ee728b)  -> (artifact id: '7981febca22695eeafbda84a94c436d5') in 0.292093 seconds 
========================================================================
Received Import Request.
  Time since last request: 0.000037 seconds.
  path: Assets/Chars/RuinsChars/ruins_xalerieblender3.fbx
  artifactKey: Guid(760f9367c9cd3554e83872490cddcac6) Importer(815301076,1909f56bfc062723c751e8b465ee728b)
Start importing Assets/Chars/RuinsChars/ruins_xalerieblender3.fbx using Guid(760f9367c9cd3554e83872490cddcac6) Importer(815301076,1909f56bfc062723c751e8b465ee728b)  -> (artifact id: '7a30a1940d95401e3a254bf250995361') in 0.240731 seconds 
========================================================================
Received Import Request.
  Time since last request: 37.538468 seconds.
  path: Assets/Chars/RuinsChars/Gavaan/eyelashes01.png
  artifactKey: Guid(73517acb03b86104ba65b91a720b2e82) Importer(815301076,1909f56bfc062723c751e8b465ee728b)
Start importing Assets/Chars/RuinsChars/Gavaan/eyelashes01.png using Guid(73517acb03b86104ba65b91a720b2e82) Importer(815301076,1909f56bfc062723c751e8b465ee728b)  -> (artifact id: '46a2051eae0aa966f70d4e4d99c6b596') in 0.029444 seconds 
========================================================================
Received Import Request.
  Time since last request: 59.337683 seconds.
  path: Assets/Chars/RuinsChars/ruins_serazblender4.fbx
  artifactKey: Guid(ec52d9efcfb50374ebf346b9c73a010f) Importer(815301076,1909f56bfc062723c751e8b465ee728b)
Start importing Assets/Chars/RuinsChars/ruins_serazblender4.fbx using Guid(ec52d9efcfb50374ebf346b9c73a010f) Importer(815301076,1909f56bfc062723c751e8b465ee728b)  -> (artifact id: '1cd685594a8d0fde047f284267b80adb') in 0.198890 seconds 
========================================================================
Received Import Request.
  Time since last request: 0.000033 seconds.
  path: Assets/Chars/RuinsChars/ruins_serazblender6.fbx
  artifactKey: Guid(a39457c886abe8a4b94bd2decda7cd17) Importer(815301076,1909f56bfc062723c751e8b465ee728b)
Start importing Assets/Chars/RuinsChars/ruins_serazblender6.fbx using Guid(a39457c886abe8a4b94bd2decda7cd17) Importer(815301076,1909f56bfc062723c751e8b465ee728b)  -> (artifact id: 'b8b1abaf0cf2732f00d6ec6232b28ea2') in 0.176576 seconds 
========================================================================
Received Import Request.
  Time since last request: 19.353540 seconds.
  path: Assets/Chars/RuinsChars/ruins_xalerieblender3.fbx
  artifactKey: Guid(760f9367c9cd3554e83872490cddcac6) Importer(815301076,1909f56bfc062723c751e8b465ee728b)
Start importing Assets/Chars/RuinsChars/ruins_xalerieblender3.fbx using Guid(760f9367c9cd3554e83872490cddcac6) Importer(815301076,1909f56bfc062723c751e8b465ee728b)  -> (artifact id: '9458ff1d032c289c444c3981cc359628') in 0.208286 seconds 
========================================================================
Received Import Request.
  Time since last request: 27.848781 seconds.
  path: Assets/Chars/Seraz/Textures/eyelashes01.png
  artifactKey: Guid(be6a3d0cfd4358348b3ea6cd1fcab3a2) Importer(815301076,1909f56bfc062723c751e8b465ee728b)
Start importing Assets/Chars/Seraz/Textures/eyelashes01.png using Guid(be6a3d0cfd4358348b3ea6cd1fcab3a2) Importer(815301076,1909f56bfc062723c751e8b465ee728b)  -> (artifact id: 'dbee32e78bc51962e862d4f114541bed') in 0.012378 seconds 
========================================================================
Received Import Request.
  Time since last request: 0.000030 seconds.
  path: Assets/Chars/Seraz/Textures/shirtAO.png
  artifactKey: Guid(511fe9e3426902441816ce8a7029645e) Importer(815301076,1909f56bfc062723c751e8b465ee728b)
Start importing Assets/Chars/Seraz/Textures/shirtAO.png using Guid(511fe9e3426902441816ce8a7029645e) Importer(815301076,1909f56bfc062723c751e8b465ee728b)  -> (artifact id: 'a69d3a9ccd5fa91884b14d496dbfb883') in 0.038649 seconds 
========================================================================
Received Import Request.
  Time since last request: 0.000043 seconds.
  path: Assets/Chars/Seraz/Textures/teeth.png
  artifactKey: Guid(9a5aee3fcc809c543914dce33a7f8f22) Importer(815301076,1909f56bfc062723c751e8b465ee728b)
Start importing Assets/Chars/Seraz/Textures/teeth.png using Guid(9a5aee3fcc809c543914dce33a7f8f22) Importer(815301076,1909f56bfc062723c751e8b465ee728b)  -> (artifact id: '272ccbd0fb0f91b6dff6b453a0f16a96') in 0.014953 seconds 
========================================================================
Received Import Request.
  Time since last request: 0.000022 seconds.
  path: Assets/Chars/Seraz/Textures/shirtgreen.png
  artifactKey: Guid(03cc0cdb2d9485942bd474406787acb5) Importer(815301076,1909f56bfc062723c751e8b465ee728b)
Start importing Assets/Chars/Seraz/Textures/shirtgreen.png using Guid(03cc0cdb2d9485942bd474406787acb5) Importer(815301076,1909f56bfc062723c751e8b465ee728b)  -> (artifact id: 'c5f989582b2433e45cc61b73957b576b') in 0.014848 seconds 
========================================================================
Received Import Request.
  Time since last request: 0.000031 seconds.
  path: Assets/Chars/Seraz/Textures/shirtnormal.png
  artifactKey: Guid(2a013db5d7a1fe34a91f6f4bb7d4c73b) Importer(815301076,1909f56bfc062723c751e8b465ee728b)
Start importing Assets/Chars/Seraz/Textures/shirtnormal.png using Guid(2a013db5d7a1fe34a91f6f4bb7d4c73b) Importer(815301076,1909f56bfc062723c751e8b465ee728b)  -> (artifact id: '35fae7dbe7fdfb49f3cff36f7ef60fd3') in 0.012400 seconds 
========================================================================
Received Import Request.
  Time since last request: 0.000035 seconds.
  path: Assets/Chars/Seraz/Textures/green_eye.png
  artifactKey: Guid(6a9cfe7d961276e4f9513110970956bb) Importer(815301076,1909f56bfc062723c751e8b465ee728b)
Start importing Assets/Chars/Seraz/Textures/green_eye.png using Guid(6a9cfe7d961276e4f9513110970956bb) Importer(815301076,1909f56bfc062723c751e8b465ee728b)  -> (artifact id: 'fbb12631d2f8301c03ea7bfaed0800c2') in 0.012527 seconds 
========================================================================
Received Import Request.
  Time since last request: 36.321628 seconds.
  path: Assets/Chars/RuinsChars/M_Trousers_01_NRM.png
  artifactKey: Guid(b2803f586739d4f4a8486052a6d006b6) Importer(815301076,1909f56bfc062723c751e8b465ee728b)
Start importing Assets/Chars/RuinsChars/M_Trousers_01_NRM.png using Guid(b2803f586739d4f4a8486052a6d006b6) Importer(815301076,1909f56bfc062723c751e8b465ee728b)  -> (artifact id: '699d1aec2d77162bfdfed62f963f7c83') in 0.019611 seconds 
========================================================================
Received Import Request.
  Time since last request: 0.000055 seconds.
  path: Assets/Chars/RuinsChars/shirtnormal.png
  artifactKey: Guid(e8a0aa8c1b7517246a4cb6b8c8fc26ca) Importer(815301076,1909f56bfc062723c751e8b465ee728b)
Start importing Assets/Chars/RuinsChars/shirtnormal.png using Guid(e8a0aa8c1b7517246a4cb6b8c8fc26ca) Importer(815301076,1909f56bfc062723c751e8b465ee728b)  -> (artifact id: 'bcb492e6d47b1ae677357b8b3bc74300') in 0.022138 seconds 
========================================================================
Received Import Request.
  Time since last request: 0.000047 seconds.
  path: Assets/Chars/RuinsChars/ruins_serazblender7.fbx
  artifactKey: Guid(481bfa7f042708d4694245e438de60c2) Importer(815301076,1909f56bfc062723c751e8b465ee728b)
Start importing Assets/Chars/RuinsChars/ruins_serazblender7.fbx using Guid(481bfa7f042708d4694245e438de60c2) Importer(815301076,1909f56bfc062723c751e8b465ee728b)  -> (artifact id: '0f3ad0375f08ffcb86784c15ed7c4b7f') in 0.292806 seconds 
========================================================================
Received Import Request.
  Time since last request: 0.000033 seconds.
  path: Assets/Chars/RuinsChars/shoes02_diffuse.png
  artifactKey: Guid(94f1db9cab07c714385ec238de8d69f7) Importer(815301076,1909f56bfc062723c751e8b465ee728b)
Start importing Assets/Chars/RuinsChars/shoes02_diffuse.png using Guid(94f1db9cab07c714385ec238de8d69f7) Importer(815301076,1909f56bfc062723c751e8b465ee728b)  -> (artifact id: 'e3d35c64442c24107f063c8d5b1067c5') in 0.009329 seconds 
========================================================================
Received Import Request.
  Time since last request: 0.000057 seconds.
  path: Assets/Chars/RuinsChars/shirtAO.png
  artifactKey: Guid(d87aa4ae7ec55f74c83c4078dba41f38) Importer(815301076,1909f56bfc062723c751e8b465ee728b)
Start importing Assets/Chars/RuinsChars/shirtAO.png using Guid(d87aa4ae7ec55f74c83c4078dba41f38) Importer(815301076,1909f56bfc062723c751e8b465ee728b)  -> (artifact id: 'b3bee048e1e0ad59b5cde931c0acc806') in 0.014738 seconds 
========================================================================
Received Import Request.
  Time since last request: 7.386199 seconds.
  path: Assets/Chars/Seraz/Materials/Eyelashes.mat
  artifactKey: Guid(e95aa3204c896e9499cfb48a789376aa) Importer(815301076,1909f56bfc062723c751e8b465ee728b)
Start importing Assets/Chars/Seraz/Materials/Eyelashes.mat using Guid(e95aa3204c896e9499cfb48a789376aa) Importer(815301076,1909f56bfc062723c751e8b465ee728b)  -> (artifact id: '99dab042dae366b1cd47dd5fb16ca682') in 0.011696 seconds 
========================================================================
Received Import Request.
  Time since last request: 0.000055 seconds.
  path: Assets/Chars/Seraz/Materials/Shirt.mat
  artifactKey: Guid(10fdcefcd7b035b48841aacf60ebd06c) Importer(815301076,1909f56bfc062723c751e8b465ee728b)
Start importing Assets/Chars/Seraz/Materials/Shirt.mat using Guid(10fdcefcd7b035b48841aacf60ebd06c) Importer(815301076,1909f56bfc062723c751e8b465ee728b)  -> (artifact id: '75a0ddc69b29ac6fff47547ed734d76d') in 0.075925 seconds 
========================================================================
Received Import Request.
  Time since last request: 0.000036 seconds.
  path: Assets/Chars/Seraz/Materials/Pants.mat
  artifactKey: Guid(ec84d98ebba00be49a4178ab521be540) Importer(815301076,1909f56bfc062723c751e8b465ee728b)
Start importing Assets/Chars/Seraz/Materials/Pants.mat using Guid(ec84d98ebba00be49a4178ab521be540) Importer(815301076,1909f56bfc062723c751e8b465ee728b)  -> (artifact id: 'eac0557432bab1f07b9a77b0dba52afc') in 0.024116 seconds 
========================================================================
Received Import Request.
  Time since last request: 15.390322 seconds.
  path: Assets/Chars/RuinsChars/Shirt.mat
  artifactKey: Guid(06243327f029c2b4dafb1de3a8883a24) Importer(815301076,1909f56bfc062723c751e8b465ee728b)
Start importing Assets/Chars/RuinsChars/Shirt.mat using Guid(06243327f029c2b4dafb1de3a8883a24) Importer(815301076,1909f56bfc062723c751e8b465ee728b)  -> (artifact id: 'cbfd8d1e63298b19cb5b9639b0830801') in 0.016281 seconds 
========================================================================
Received Import Request.
  Time since last request: 46.918219 seconds.
  path: Assets/Chars/RuinsChars/ruins_serazblender4.fbx
  artifactKey: Guid(ec52d9efcfb50374ebf346b9c73a010f) Importer(815301076,1909f56bfc062723c751e8b465ee728b)
Start importing Assets/Chars/RuinsChars/ruins_serazblender4.fbx using Guid(ec52d9efcfb50374ebf346b9c73a010f) Importer(815301076,1909f56bfc062723c751e8b465ee728b)  -> (artifact id: 'db6ef5930f24030eaa64b91e49fdeedf') in 0.287455 seconds 
========================================================================
Received Import Request.
  Time since last request: 56.390690 seconds.
  path: Assets/Chars/RuinsChars/girlyshortex5.png
  artifactKey: Guid(bff2155ebedff8c488c623d7bc756ccb) Importer(815301076,1909f56bfc062723c751e8b465ee728b)
Start importing Assets/Chars/RuinsChars/girlyshortex5.png using Guid(bff2155ebedff8c488c623d7bc756ccb) Importer(815301076,1909f56bfc062723c751e8b465ee728b)  -> (artifact id: '543e1a90e39d4616032f374d3697323a') in 0.014674 seconds 
========================================================================
Received Import Request.
  Time since last request: 0.000030 seconds.
  path: Assets/Chars/RuinsChars/Vest_Roughness.png
  artifactKey: Guid(69f23b234fede6946ae4b9a41998c13b) Importer(815301076,1909f56bfc062723c751e8b465ee728b)
Start importing Assets/Chars/RuinsChars/Vest_Roughness.png using Guid(69f23b234fede6946ae4b9a41998c13b) Importer(815301076,1909f56bfc062723c751e8b465ee728b)  -> (artifact id: '331a36c192702571289cfe3e6c77dcdd') in 0.030678 seconds 
========================================================================
Received Import Request.
  Time since last request: 0.000026 seconds.
  path: Assets/Chars/RuinsChars/Vest_Height.png
  artifactKey: Guid(030120b1f3a650042a8e0f3a08d01a95) Importer(815301076,1909f56bfc062723c751e8b465ee728b)
Start importing Assets/Chars/RuinsChars/Vest_Height.png using Guid(030120b1f3a650042a8e0f3a08d01a95) Importer(815301076,1909f56bfc062723c751e8b465ee728b)  -> (artifact id: '96b2014f589a3c6c6edfe1927d046601') in 0.013060 seconds 
========================================================================
Received Import Request.
  Time since last request: 0.000037 seconds.
  path: Assets/Chars/RuinsChars/ruins_xalerieblender2.fbx
  artifactKey: Guid(8d6249b0095186044abcdc9921711160) Importer(815301076,1909f56bfc062723c751e8b465ee728b)
Start importing Assets/Chars/RuinsChars/ruins_xalerieblender2.fbx using Guid(8d6249b0095186044abcdc9921711160) Importer(815301076,1909f56bfc062723c751e8b465ee728b)  -> (artifact id: '852881e814c44ce73d16fa5d7cb8e800') in 0.253571 seconds 
========================================================================
Received Import Request.
  Time since last request: 51.255806 seconds.
  path: Assets/Chars/RuinsChars/ruins_xalerieblender3.fbx
  artifactKey: Guid(760f9367c9cd3554e83872490cddcac6) Importer(815301076,1909f56bfc062723c751e8b465ee728b)
Start importing Assets/Chars/RuinsChars/ruins_xalerieblender3.fbx using Guid(760f9367c9cd3554e83872490cddcac6) Importer(815301076,1909f56bfc062723c751e8b465ee728b)  -> (artifact id: '9edf309f1d63f2b39926610317d1a3e6') in 0.258392 seconds 
Editor requested this worker to shutdown with reason: Scaling down because of idle timeout
AssetImportWorker is now disconnected from the server
Process exiting
Exiting without the bug reporter. Application will terminate with return code 0